#
# There is insufficient memory for the Java Runtime Environment to continue.
# Native memory allocation (malloc) failed to allocate 131088 bytes for Chunk::new
# Possible reasons:
#   The system is out of physical RAM or swap space
#   In 32 bit mode, the process size limit was hit
# Possible solutions:
#   Reduce memory load on the system
#   Increase physical memory or swap space
#   Check if swap backing store is full
#   Use 64 bit Java on a 64 bit OS
#   Decrease Java heap size (-Xmx/-Xms)
#   Decrease number of Java threads
#   Decrease Java thread stack sizes (-Xss)
#   Set larger code cache with -XX:ReservedCodeCacheSize=
# This output file may be truncated or incomplete.
#
#  Out of Memory Error (allocation.cpp:390), pid=11800, tid=0x0000000000003cb0
#
# JRE version: Java(TM) SE Runtime Environment (8.0_191-b12) (build 1.8.0_191-b12)
# Java VM: Java HotSpot(TM) 64-Bit Server VM (25.191-b12 mixed mode windows-amd64 compressed oops)
# Failed to write core dump. Minidumps are not enabled by default on client versions of Windows
#

---------------  T H R E A D  ---------------

Current thread (0x00000000165c9000):  JavaThread "C2 CompilerThread0" daemon [_thread_in_native, id=15536, stack(0x0000000017c30000,0x0000000017d30000)]

Stack: [0x0000000017c30000,0x0000000017d30000]
[error occurred during error reporting (printing stack bounds), id 0xc0000005]

Native frames: (J=compiled Java code, j=interpreted, Vv=VM code, C=native code)


Current CompileTask:
C2:  14962 2364       4       groovy.lang.MetaClassImpl$1MOPIter::methodNameAction (325 bytes)


---------------  P R O C E S S  ---------------

Java Threads: ( => current thread )
  0x000000001818f800 JavaThread "Cache worker for cache directory md-supplier (C:\Users\ddreval\.gradle\caches\5.4.1\md-supplier)" [_thread_blocked, id=14184, stack(0x000000001e5f0000,0x000000001e6f0000)]
  0x0000000018191800 JavaThread "Cache worker for file hash cache (C:\flow-reader\.gradle\5.4.1\fileHashes)" [_thread_blocked, id=15240, stack(0x000000001e4f0000,0x000000001e5f0000)]
  0x000000001818c800 JavaThread "Cache worker for journal cache (C:\Users\ddreval\.gradle\caches\journal-1)" [_thread_blocked, id=14072, stack(0x000000001b180000,0x000000001b280000)]
  0x0000000018193000 JavaThread "File lock request listener" [_thread_in_native, id=820, stack(0x000000001b080000,0x000000001b180000)]
  0x0000000018192800 JavaThread "Cache worker for file hash cache (C:\Users\ddreval\.gradle\caches\5.4.1\fileHashes)" [_thread_blocked, id=8704, stack(0x000000001af80000,0x000000001b080000)]
  0x0000000018af6000 JavaThread "Thread-9" [_thread_blocked, id=1220, stack(0x000000001ae80000,0x000000001af80000)]
  0x0000000018b06800 JavaThread "Stdin handler" [_thread_blocked, id=11632, stack(0x000000001ad80000,0x000000001ae80000)]
  0x0000000018b05800 JavaThread "Asynchronous log dispatcher for DefaultDaemonConnection: socket connection from /127.0.0.1:53327 to /127.0.0.1:53328" [_thread_blocked, id=2304, stack(0x000000001ac80000,0x000000001ad80000)]
  0x0000000017fe7800 JavaThread "Daemon worker" [_thread_in_native, id=13888, stack(0x000000001ab80000,0x000000001ac80000)]
  0x0000000017fe6000 JavaThread "Cancel handler" [_thread_blocked, id=13380, stack(0x000000001aa80000,0x000000001ab80000)]
  0x0000000018999000 JavaThread "Handler for socket connection from /127.0.0.1:53327 to /127.0.0.1:53328" [_thread_in_native, id=5152, stack(0x000000001a780000,0x000000001a880000)]
  0x0000000018996800 JavaThread "Daemon" [_thread_blocked, id=2376, stack(0x000000001a680000,0x000000001a780000)]
  0x0000000018107800 JavaThread "Daemon periodic checks" [_thread_blocked, id=16260, stack(0x000000001a580000,0x000000001a680000)]
  0x0000000018d66800 JavaThread "Incoming local TCP Connector on port 53327" [_thread_in_native, id=16304, stack(0x000000001a340000,0x000000001a440000)]
  0x00000000196e9800 JavaThread "Daemon health stats" [_thread_blocked, id=11888, stack(0x0000000019d00000,0x0000000019e00000)]
  0x000000001661d000 JavaThread "Service Thread" daemon [_thread_blocked, id=9116, stack(0x0000000018330000,0x0000000018430000)]
  0x0000000017e38800 JavaThread "C1 CompilerThread2" daemon [_thread_blocked, id=14136, stack(0x0000000018230000,0x0000000018330000)]
  0x0000000016606800 JavaThread "C2 CompilerThread1" daemon [_thread_in_native, id=2248, stack(0x0000000017d30000,0x0000000017e30000)]
=>0x00000000165c9000 JavaThread "C2 CompilerThread0" daemon [_thread_in_native, id=15536, stack(0x0000000017c30000,0x0000000017d30000)]
  0x00000000165c3800 JavaThread "Attach Listener" daemon [_thread_blocked, id=6224, stack(0x0000000017b30000,0x0000000017c30000)]
  0x00000000165c1800 JavaThread "Signal Dispatcher" daemon [_thread_blocked, id=3260, stack(0x0000000017a30000,0x0000000017b30000)]
  0x0000000002c4a800 JavaThread "Finalizer" daemon [_thread_blocked, id=14320, stack(0x0000000017810000,0x0000000017910000)]
  0x0000000002c41800 JavaThread "Reference Handler" daemon [_thread_blocked, id=13920, stack(0x0000000017710000,0x0000000017810000)]
  0x0000000002b4d800 JavaThread "main" [_thread_blocked, id=12864, stack(0x0000000002a40000,0x0000000002b40000)]

Other Threads:
  0x0000000016587000 VMThread [stack: 0x0000000017610000,0x0000000017710000] [id=10980]
  0x0000000017e39000 WatcherThread [stack: 0x0000000018430000,0x0000000018530000] [id=16148]

VM state:not at safepoint (normal execution)

VM Mutex/Monitor currently owned by a thread: None

Heap:
 PSYoungGen      total 76800K, used 38007K [0x00000000e0000000, 0x00000000e8c00000, 0x0000000100000000)
  eden space 66560K, 44% used [0x00000000e0000000,0x00000000e1d3d7a8,0x00000000e4100000)
  from space 10240K, 78% used [0x00000000e4100000,0x00000000e48e0508,0x00000000e4b00000)
  to   space 10752K, 0% used [0x00000000e8180000,0x00000000e8180000,0x00000000e8c00000)
 ParOldGen       total 51712K, used 8401K [0x00000000a0000000, 0x00000000a3280000, 0x00000000e0000000)
  object space 51712K, 16% used [0x00000000a0000000,0x00000000a08345d8,0x00000000a3280000)
 Metaspace       used 30439K, capacity 30982K, committed 31360K, reserved 1077248K
  class space    used 4252K, capacity 4428K, committed 4480K, reserved 1048576K

Card table byte_map: [0x0000000012010000,0x0000000012320000] byte_map_base: 0x0000000011b10000

Marking Bits: (ParMarkBitMap*) 0x00000000756d3e30
 Begin Bits: [0x0000000012920000, 0x0000000014120000)
 End Bits:   [0x0000000014120000, 0x0000000015920000)

Polling page: 0x0000000001210000

CodeCache: size=245760Kb used=8377Kb max_used=8387Kb free=237382Kb
 bounds [0x0000000002c50000, 0x0000000003490000, 0x0000000011c50000]
 total_blobs=2883 nmethods=2207 adapters=588
 compilation: enabled

Compilation events (10 events):
Event: 14.793 Thread 0x0000000017e38800 2418       1       sun.reflect.generics.tree.MethodTypeSignature::getExceptionTypes (5 bytes)
Event: 14.793 Thread 0x0000000017e38800 nmethod 2418 0x0000000003484c10 code [0x0000000003484d60, 0x0000000003484e70]
Event: 14.798 Thread 0x0000000016606800 nmethod 2417 0x0000000003487a10 code [0x0000000003487b60, 0x0000000003487ef8]
Event: 14.800 Thread 0x0000000017e38800 2419       3       org.gradle.internal.Cast::uncheckedCast (2 bytes)
Event: 14.800 Thread 0x0000000017e38800 nmethod 2419 0x0000000003484910 code [0x0000000003484a60, 0x0000000003484b90]
Event: 14.807 Thread 0x0000000017e38800 2420       3       java.util.Arrays$ArrayList::toArray (11 bytes)
Event: 14.808 Thread 0x0000000017e38800 nmethod 2420 0x00000000034843d0 code [0x0000000003484540, 0x0000000003484848]
Event: 14.882 Thread 0x0000000017e38800 2421       1       java.util.TreeMap$Entry::getKey (5 bytes)
Event: 14.882 Thread 0x0000000017e38800 nmethod 2421 0x0000000003484110 code [0x0000000003484260, 0x0000000003484370]
Event: 14.898 Thread 0x0000000016606800 2422       4       java.net.URLClassLoader$1::run (5 bytes)

GC Heap History (10 events):
Event: 10.032 GC heap before
{Heap before GC invocations=4 (full 0):
 PSYoungGen      total 38400K, used 38384K [0x00000000e0000000, 0x00000000e2a80000, 0x0000000100000000)
  eden space 33280K, 100% used [0x00000000e0000000,0x00000000e2080000,0x00000000e2080000)
  from space 5120K, 99% used [0x00000000e2080000,0x00000000e257c010,0x00000000e2580000)
  to   space 5120K, 0% used [0x00000000e2580000,0x00000000e2580000,0x00000000e2a80000)
 ParOldGen       total 87552K, used 1853K [0x00000000a0000000, 0x00000000a5580000, 0x00000000e0000000)
  object space 87552K, 2% used [0x00000000a0000000,0x00000000a01cf680,0x00000000a5580000)
 Metaspace       used 16289K, capacity 16736K, committed 16896K, reserved 1062912K
  class space    used 2376K, capacity 2520K, committed 2560K, reserved 1048576K
Event: 10.060 GC heap after
Heap after GC invocations=4 (full 0):
 PSYoungGen      total 38400K, used 5088K [0x00000000e0000000, 0x00000000e4b00000, 0x0000000100000000)
  eden space 33280K, 0% used [0x00000000e0000000,0x00000000e0000000,0x00000000e2080000)
  from space 5120K, 99% used [0x00000000e2580000,0x00000000e2a78040,0x00000000e2a80000)
  to   space 5120K, 0% used [0x00000000e2080000,0x00000000e2080000,0x00000000e2580000)
 ParOldGen       total 87552K, used 5018K [0x00000000a0000000, 0x00000000a5580000, 0x00000000e0000000)
  object space 87552K, 5% used [0x00000000a0000000,0x00000000a04e6a28,0x00000000a5580000)
 Metaspace       used 16289K, capacity 16736K, committed 16896K, reserved 1062912K
  class space    used 2376K, capacity 2520K, committed 2560K, reserved 1048576K
}
Event: 11.277 GC heap before
{Heap before GC invocations=5 (full 0):
 PSYoungGen      total 38400K, used 38368K [0x00000000e0000000, 0x00000000e4b00000, 0x0000000100000000)
  eden space 33280K, 100% used [0x00000000e0000000,0x00000000e2080000,0x00000000e2080000)
  from space 5120K, 99% used [0x00000000e2580000,0x00000000e2a78040,0x00000000e2a80000)
  to   space 5120K, 0% used [0x00000000e2080000,0x00000000e2080000,0x00000000e2580000)
 ParOldGen       total 87552K, used 5018K [0x00000000a0000000, 0x00000000a5580000, 0x00000000e0000000)
  object space 87552K, 5% used [0x00000000a0000000,0x00000000a04e6a28,0x00000000a5580000)
 Metaspace       used 19205K, capacity 19720K, committed 19968K, reserved 1067008K
  class space    used 2863K, capacity 3054K, committed 3072K, reserved 1048576K
Event: 11.286 GC heap after
Heap after GC invocations=5 (full 0):
 PSYoungGen      total 38400K, used 5108K [0x00000000e0000000, 0x00000000e5600000, 0x0000000100000000)
  eden space 33280K, 0% used [0x00000000e0000000,0x00000000e0000000,0x00000000e2080000)
  from space 5120K, 99% used [0x00000000e2080000,0x00000000e257d040,0x00000000e2580000)
  to   space 10752K, 0% used [0x00000000e4b80000,0x00000000e4b80000,0x00000000e5600000)
 ParOldGen       total 87552K, used 8654K [0x00000000a0000000, 0x00000000a5580000, 0x00000000e0000000)
  object space 87552K, 9% used [0x00000000a0000000,0x00000000a0873808,0x00000000a5580000)
 Metaspace       used 19205K, capacity 19720K, committed 19968K, reserved 1067008K
  class space    used 2863K, capacity 3054K, committed 3072K, reserved 1048576K
}
Event: 11.436 GC heap before
{Heap before GC invocations=6 (full 0):
 PSYoungGen      total 38400K, used 16724K [0x00000000e0000000, 0x00000000e5600000, 0x0000000100000000)
  eden space 33280K, 34% used [0x00000000e0000000,0x00000000e0b58280,0x00000000e2080000)
  from space 5120K, 99% used [0x00000000e2080000,0x00000000e257d040,0x00000000e2580000)
  to   space 10752K, 0% used [0x00000000e4b80000,0x00000000e4b80000,0x00000000e5600000)
 ParOldGen       total 87552K, used 8654K [0x00000000a0000000, 0x00000000a5580000, 0x00000000e0000000)
  object space 87552K, 9% used [0x00000000a0000000,0x00000000a0873808,0x00000000a5580000)
 Metaspace       used 20629K, capacity 21134K, committed 21248K, reserved 1067008K
  class space    used 3044K, capacity 3247K, committed 3328K, reserved 1048576K
Event: 11.445 GC heap after
Heap after GC invocations=6 (full 0):
 PSYoungGen      total 76288K, used 7133K [0x00000000e0000000, 0x00000000e5500000, 0x0000000100000000)
  eden space 66560K, 0% used [0x00000000e0000000,0x00000000e0000000,0x00000000e4100000)
  from space 9728K, 73% used [0x00000000e4b80000,0x00000000e5277748,0x00000000e5500000)
  to   space 10240K, 0% used [0x00000000e4100000,0x00000000e4100000,0x00000000e4b00000)
 ParOldGen       total 87552K, used 8654K [0x00000000a0000000, 0x00000000a5580000, 0x00000000e0000000)
  object space 87552K, 9% used [0x00000000a0000000,0x00000000a0873808,0x00000000a5580000)
 Metaspace       used 20629K, capacity 21134K, committed 21248K, reserved 1067008K
  class space    used 3044K, capacity 3247K, committed 3328K, reserved 1048576K
}
Event: 11.445 GC heap before
{Heap before GC invocations=7 (full 1):
 PSYoungGen      total 76288K, used 7133K [0x00000000e0000000, 0x00000000e5500000, 0x0000000100000000)
  eden space 66560K, 0% used [0x00000000e0000000,0x00000000e0000000,0x00000000e4100000)
  from space 9728K, 73% used [0x00000000e4b80000,0x00000000e5277748,0x00000000e5500000)
  to   space 10240K, 0% used [0x00000000e4100000,0x00000000e4100000,0x00000000e4b00000)
 ParOldGen       total 87552K, used 8654K [0x00000000a0000000, 0x00000000a5580000, 0x00000000e0000000)
  object space 87552K, 9% used [0x00000000a0000000,0x00000000a0873808,0x00000000a5580000)
 Metaspace       used 20629K, capacity 21134K, committed 21248K, reserved 1067008K
  class space    used 3044K, capacity 3247K, committed 3328K, reserved 1048576K
Event: 11.489 GC heap after
Heap after GC invocations=7 (full 1):
 PSYoungGen      total 76288K, used 0K [0x00000000e0000000, 0x00000000e5500000, 0x0000000100000000)
  eden space 66560K, 0% used [0x00000000e0000000,0x00000000e0000000,0x00000000e4100000)
  from space 9728K, 0% used [0x00000000e4b80000,0x00000000e4b80000,0x00000000e5500000)
  to   space 10240K, 0% used [0x00000000e4100000,0x00000000e4100000,0x00000000e4b00000)
 ParOldGen       total 51712K, used 8393K [0x00000000a0000000, 0x00000000a3280000, 0x00000000e0000000)
  object space 51712K, 16% used [0x00000000a0000000,0x00000000a08325d8,0x00000000a3280000)
 Metaspace       used 20629K, capacity 21134K, committed 21248K, reserved 1067008K
  class space    used 3044K, capacity 3247K, committed 3328K, reserved 1048576K
}
Event: 13.538 GC heap before
{Heap before GC invocations=8 (full 1):
 PSYoungGen      total 76288K, used 66560K [0x00000000e0000000, 0x00000000e5500000, 0x0000000100000000)
  eden space 66560K, 100% used [0x00000000e0000000,0x00000000e4100000,0x00000000e4100000)
  from space 9728K, 0% used [0x00000000e4b80000,0x00000000e4b80000,0x00000000e5500000)
  to   space 10240K, 0% used [0x00000000e4100000,0x00000000e4100000,0x00000000e4b00000)
 ParOldGen       total 51712K, used 8393K [0x00000000a0000000, 0x00000000a3280000, 0x00000000e0000000)
  object space 51712K, 16% used [0x00000000a0000000,0x00000000a08325d8,0x00000000a3280000)
 Metaspace       used 29131K, capacity 29640K, committed 29824K, reserved 1075200K
  class space    used 4031K, capacity 4194K, committed 4224K, reserved 1048576K
Event: 13.548 GC heap after
Heap after GC invocations=8 (full 1):
 PSYoungGen      total 76800K, used 8065K [0x00000000e0000000, 0x00000000e8c00000, 0x0000000100000000)
  eden space 66560K, 0% used [0x00000000e0000000,0x00000000e0000000,0x00000000e4100000)
  from space 10240K, 78% used [0x00000000e4100000,0x00000000e48e0508,0x00000000e4b00000)
  to   space 10752K, 0% used [0x00000000e8180000,0x00000000e8180000,0x00000000e8c00000)
 ParOldGen       total 51712K, used 8401K [0x00000000a0000000, 0x00000000a3280000, 0x00000000e0000000)
  object space 51712K, 16% used [0x00000000a0000000,0x00000000a08345d8,0x00000000a3280000)
 Metaspace       used 29131K, capacity 29640K, committed 29824K, reserved 1075200K
  class space    used 4031K, capacity 4194K, committed 4224K, reserved 1048576K
}

Deoptimization events (10 events):
Event: 13.088 Thread 0x0000000017fe7800 Uncommon trap: reason=unstable_if action=reinterpret pc=0x00000000030eaba4 method=java.util.HashMap.hash(Ljava/lang/Object;)I @ 1
Event: 13.220 Thread 0x0000000017fe7800 Uncommon trap: reason=unstable_if action=reinterpret pc=0x0000000002ec2cc4 method=java.util.HashMap.getNode(ILjava/lang/Object;)Ljava/util/HashMap$Node; @ 53
Event: 13.221 Thread 0x0000000017fe7800 Uncommon trap: reason=unstable_if action=reinterpret pc=0x00000000030b3d78 method=java.util.HashMap.hash(Ljava/lang/Object;)I @ 1
Event: 13.221 Thread 0x0000000017fe7800 Uncommon trap: reason=unstable_if action=reinterpret pc=0x00000000030b4990 method=java.util.HashMap.putVal(ILjava/lang/Object;Ljava/lang/Object;ZZ)Ljava/lang/Object; @ 85
Event: 13.302 Thread 0x0000000017fe7800 Uncommon trap: reason=unstable_if action=reinterpret pc=0x0000000002f36870 method=java.util.LinkedHashMap.afterNodeInsertion(Z)V @ 1
Event: 13.464 Thread 0x0000000017fe7800 Uncommon trap: reason=unstable_if action=reinterpret pc=0x00000000033f5708 method=java.util.WeakHashMap.put(Ljava/lang/Object;Ljava/lang/Object;)Ljava/lang/Object; @ 72
Event: 13.528 Thread 0x0000000017fe7800 Uncommon trap: reason=class_check action=maybe_recompile pc=0x0000000002dbb118 method=sun.misc.URLClassPath.getLoader(I)Lsun/misc/URLClassPath$Loader; @ 94
Event: 13.549 Thread 0x0000000002c41800 Uncommon trap: reason=unstable_if action=reinterpret pc=0x0000000003029bbc method=java.lang.ref.Reference.tryHandlePending(Z)Z @ 104
Event: 14.585 Thread 0x0000000017fe7800 Uncommon trap: reason=unstable_if action=reinterpret pc=0x0000000002f00ecc method=java.io.WinNTFileSystem.resolve(Ljava/lang/String;Ljava/lang/String;)Ljava/lang/String; @ 49
Event: 14.666 Thread 0x0000000017fe7800 Uncommon trap: reason=unstable_if action=reinterpret pc=0x000000000343def4 method=org.codehaus.groovy.runtime.metaclass.MetaMethodIndex.addMethodToList(Ljava/lang/Object;Lgroovy/lang/MetaMethod;)Ljava/lang/Object; @ 226

Classes redefined (0 events):
No events

Internal exceptions (10 events):
Event: 14.697 Thread 0x0000000017fe7800 Exception <a 'java/lang/ClassNotFoundException': org/gradle/api/internal/DefaultNamedDomainObjectCollectionBeanInfo> (0x00000000e0e654b8) thrown at [C:\re\workspace\8-2-build-windows-amd64-cygwin\jdk8u191\11896\hotspot\src\share\vm\classfile\systemDiction
Event: 14.698 Thread 0x0000000017fe7800 Exception <a 'java/lang/ClassNotFoundException': org/gradle/api/internal/DefaultDomainObjectCollectionBeanInfo> (0x00000000e0e948c8) thrown at [C:\re\workspace\8-2-build-windows-amd64-cygwin\jdk8u191\11896\hotspot\src\share\vm\classfile\systemDictionary.c
Event: 14.699 Thread 0x0000000017fe7800 Exception <a 'java/lang/ClassNotFoundException': java/util/AbstractCollectionBeanInfo> (0x00000000e0e99060) thrown at [C:\re\workspace\8-2-build-windows-amd64-cygwin\jdk8u191\11896\hotspot\src\share\vm\classfile\systemDictionary.cpp, line 210]
Event: 14.699 Thread 0x0000000017fe7800 Exception <a 'java/lang/ClassNotFoundException': java/util/AbstractCollectionCustomizer> (0x00000000e0e9d7c8) thrown at [C:\re\workspace\8-2-build-windows-amd64-cygwin\jdk8u191\11896\hotspot\src\share\vm\classfile\systemDictionary.cpp, line 210]
Event: 14.702 Thread 0x0000000017fe7800 Exception <a 'java/lang/ClassNotFoundException': org/gradle/api/internal/DefaultDomainObjectCollectionCustomizer> (0x00000000e0ed8168) thrown at [C:\re\workspace\8-2-build-windows-amd64-cygwin\jdk8u191\11896\hotspot\src\share\vm\classfile\systemDictionary
Event: 14.706 Thread 0x0000000017fe7800 Exception <a 'java/lang/ClassNotFoundException': org/gradle/api/internal/DefaultNamedDomainObjectCollectionCustomizer> (0x00000000e0f30c60) thrown at [C:\re\workspace\8-2-build-windows-amd64-cygwin\jdk8u191\11896\hotspot\src\share\vm\classfile\systemDicti
Event: 14.710 Thread 0x0000000017fe7800 Exception <a 'java/lang/ClassNotFoundException': org/gradle/api/internal/DefaultNamedDomainObjectListCustomizer> (0x00000000e0f9f568) thrown at [C:\re\workspace\8-2-build-windows-amd64-cygwin\jdk8u191\11896\hotspot\src\share\vm\classfile\systemDictionary.
Event: 14.713 Thread 0x0000000017fe7800 Exception <a 'java/lang/ClassNotFoundException': org/gradle/api/internal/artifacts/DefaultArtifactRepositoryContainerCustomizer> (0x00000000e100c120) thrown at [C:\re\workspace\8-2-build-windows-amd64-cygwin\jdk8u191\11896\hotspot\src\share\vm\classfile\s
Event: 14.725 Thread 0x0000000017fe7800 Exception <a 'java/lang/ClassNotFoundException': org/gradle/api/internal/artifacts/dsl/DefaultRepositoryHandlerCustomizer> (0x00000000e10697f8) thrown at [C:\re\workspace\8-2-build-windows-amd64-cygwin\jdk8u191\11896\hotspot\src\share\vm\classfile\systemD
Event: 14.728 Thread 0x0000000017fe7800 Exception <a 'java/lang/ClassNotFoundException': org/gradle/api/internal/artifacts/dsl/DefaultRepositoryHandler_DecoratedCustomizer> (0x00000000e10dce00) thrown at [C:\re\workspace\8-2-build-windows-amd64-cygwin\jdk8u191\11896\hotspot\src\share\vm\classfi

Events (10 events):
Event: 14.905 loading class org/gradle/internal/resolve/caching/ComponentMetadataSupplierRuleExecutor$1 done
Event: 14.906 loading class org/gradle/internal/resolve/caching/ComponentMetadataSupplierRuleExecutor$2
Event: 14.906 loading class org/gradle/internal/resolve/caching/ComponentMetadataSupplierRuleExecutor$2 done
Event: 14.906 loading class org/gradle/api/artifacts/ResolvedModuleVersion
Event: 14.906 loading class org/gradle/api/artifacts/ResolvedModuleVersion done
Event: 14.908 loading class org/gradle/internal/resolve/caching/CrossBuildCachingRuleExecutor$CacheEntrySerializer
Event: 14.908 loading class org/gradle/internal/resolve/caching/CrossBuildCachingRuleExecutor$CacheEntrySerializer done
Event: 14.909 loading class org/gradle/internal/resolve/caching/CrossBuildCachingRuleExecutor$AnySerializer
Event: 14.909 loading class org/gradle/internal/resolve/caching/CrossBuildCachingRuleExecutor$AnySerializer done
Event: 14.910 Thread 0x000000001818f800 Thread added: 0x000000001818f800


Dynamic libraries:
0x00007ff73bdd0000 - 0x00007ff73be07000 	C:\jdk1.8.0_191\bin\java.exe
0x00007ff894c30000 - 0x00007ff894e1d000 	C:\Windows\SYSTEM32\ntdll.dll
0x00007ff894410000 - 0x00007ff8944c3000 	C:\Windows\System32\KERNEL32.DLL
0x00007ff890ee0000 - 0x00007ff891173000 	C:\Windows\System32\KERNELBASE.dll
0x0000000077f60000 - 0x0000000077ff5000 	C:\Windows\System32\SYSFER.DLL
0x00007ff892050000 - 0x00007ff8920f3000 	C:\Windows\System32\ADVAPI32.dll
0x00007ff892160000 - 0x00007ff8921fe000 	C:\Windows\System32\msvcrt.dll
0x00007ff894150000 - 0x00007ff8941ee000 	C:\Windows\System32\sechost.dll
0x00007ff894880000 - 0x00007ff8949a2000 	C:\Windows\System32\RPCRT4.dll
0x00007ff8944d0000 - 0x00007ff894667000 	C:\Windows\System32\USER32.dll
0x00007ff891a00000 - 0x00007ff891a20000 	C:\Windows\System32\win32u.dll
0x00007ff894780000 - 0x00007ff8947a9000 	C:\Windows\System32\GDI32.dll
0x00007ff891c80000 - 0x00007ff891e19000 	C:\Windows\System32\gdi32full.dll
0x00007ff890e40000 - 0x00007ff890ee0000 	C:\Windows\System32\msvcp_win.dll
0x00007ff890d40000 - 0x00007ff890e3a000 	C:\Windows\System32\ucrtbase.dll
0x00007ff881120000 - 0x00007ff881399000 	C:\Windows\WinSxS\amd64_microsoft.windows.common-controls_6595b64144ccf1df_6.0.17763.771_none_05b041300723be85\COMCTL32.dll
0x00007ff892370000 - 0x00007ff89269c000 	C:\Windows\System32\combase.dll
0x00007ff891c00000 - 0x00007ff891c7e000 	C:\Windows\System32\bcryptPrimitives.dll
0x00007ff894080000 - 0x00007ff8940ae000 	C:\Windows\System32\IMM32.DLL
0x0000000075760000 - 0x0000000075832000 	C:\jdk1.8.0_191\jre\bin\msvcr100.dll
0x0000000074eb0000 - 0x0000000075754000 	C:\jdk1.8.0_191\jre\bin\server\jvm.dll
0x00007ff8949b0000 - 0x00007ff8949b8000 	C:\Windows\System32\PSAPI.DLL
0x00007ff88d110000 - 0x00007ff88d119000 	C:\Windows\SYSTEM32\WSOCK32.dll
0x00007ff8941f0000 - 0x00007ff89425d000 	C:\Windows\System32\WS2_32.dll
0x00007ff88cfb0000 - 0x00007ff88cfd4000 	C:\Windows\SYSTEM32\WINMM.dll
0x00007ff885cd0000 - 0x00007ff885cda000 	C:\Windows\SYSTEM32\VERSION.dll
0x00007ff88cf60000 - 0x00007ff88cf8d000 	C:\Windows\SYSTEM32\WINMMBASE.dll
0x00007ff890cf0000 - 0x00007ff890d3a000 	C:\Windows\System32\cfgmgr32.dll
0x0000000076ab0000 - 0x0000000076abf000 	C:\jdk1.8.0_191\jre\bin\verify.dll
0x0000000076960000 - 0x0000000076989000 	C:\jdk1.8.0_191\jre\bin\java.dll
0x0000000076a90000 - 0x0000000076aa6000 	C:\jdk1.8.0_191\jre\bin\zip.dll
0x00007ff8926a0000 - 0x00007ff893b94000 	C:\Windows\System32\SHELL32.dll
0x00007ff894670000 - 0x00007ff894718000 	C:\Windows\System32\shcore.dll
0x00007ff891180000 - 0x00007ff8918cd000 	C:\Windows\System32\windows.storage.dll
0x00007ff890ca0000 - 0x00007ff890cc4000 	C:\Windows\System32\profapi.dll
0x00007ff890c40000 - 0x00007ff890c9d000 	C:\Windows\System32\powrprof.dll
0x00007ff894020000 - 0x00007ff894072000 	C:\Windows\System32\shlwapi.dll
0x00007ff890c20000 - 0x00007ff890c31000 	C:\Windows\System32\kernel.appcore.dll
0x00007ff8918d0000 - 0x00007ff8918e7000 	C:\Windows\System32\cryptsp.dll
0x0000000077f40000 - 0x0000000077f51000 	C:\Program Files\Common Files\Crypto Pro\AppCompat\cpadvai.dll
0x0000000050000000 - 0x0000000050007000 	C:\Program Files\Common Files\Crypto Pro\AppCompat\detoured.dll
0x0000000076940000 - 0x000000007695a000 	C:\jdk1.8.0_191\jre\bin\net.dll
0x00007ff88ffb0000 - 0x00007ff890017000 	C:\Windows\system32\mswsock.dll
0x0000000076920000 - 0x0000000076931000 	C:\jdk1.8.0_191\jre\bin\nio.dll
0x00007ff874a00000 - 0x00007ff874a26000 	C:\Users\ddreval\.gradle\native\29\windows-amd64\native-platform.dll
0x0000000074ea0000 - 0x0000000074ead000 	C:\jdk1.8.0_191\jre\bin\management.dll
0x00007ff88fb40000 - 0x00007ff88fb73000 	C:\Windows\system32\rsaenh.dll
0x00007ff891e20000 - 0x00007ff891e46000 	C:\Windows\System32\bcrypt.dll
0x00007ff890b50000 - 0x00007ff890b78000 	C:\Windows\SYSTEM32\USERENV.dll
0x00007ff8905c0000 - 0x00007ff8905cc000 	C:\Windows\SYSTEM32\CRYPTBASE.dll
0x00007ff88fce0000 - 0x00007ff88fd1d000 	C:\Windows\SYSTEM32\IPHLPAPI.DLL
0x00007ff8940b0000 - 0x00007ff8940b8000 	C:\Windows\System32\NSI.dll
0x00007ff88c070000 - 0x00007ff88c086000 	C:\Windows\SYSTEM32\dhcpcsvc6.DLL
0x00007ff88bc80000 - 0x00007ff88bc9c000 	C:\Windows\SYSTEM32\dhcpcsvc.DLL
0x00007ff88fd30000 - 0x00007ff88fdf6000 	C:\Windows\SYSTEM32\DNSAPI.dll

VM Arguments:
jvm_args: -Xmx1536m -Dfile.encoding=windows-1251 -Duser.country=US -Duser.language=en -Duser.variant 
java_command: org.gradle.launcher.daemon.bootstrap.GradleDaemon 5.4.1
java_class_path (initial): C:\Users\ddreval\.gradle\wrapper\dists\gradle-5.4.1-all\3221gyojl5jsh0helicew7rwx\gradle-5.4.1\lib\gradle-launcher-5.4.1.jar
Launcher Type: SUN_STANDARD

Environment Variables:
JAVA_HOME=C:\jdk1.8.0_191
PATH=C:\ProgramData\DockerDesktop\version-bin;C:\Program Files\Docker\Docker\Resources\bin;C:\Program Files (x86)\Common Files\Oracle\Java\javapath;C:\Windows\system32;C:\Windows;C:\Windows\System32\Wbem;C:\Windows\System32\WindowsPowerShell\v1.0\;C:\Windows\System32\OpenSSH\;C:\apache-ant-1.10.5\bin;C:\jdk-11.0.1\bin;C:\Program Files\MySQL\MySQL Server 5.5\bin\;C:\gradle-5.4.1\bin;C:\GROOVY~1.7\bin;C:\AndroidSdk\platform-tools;C:\apache-maven-3.6.2\bin;C:\Program Files\PostgreSQL\11\bin;C:\Users\ddreval\kotlin-native-windows-1.3.50\bin;C:\Program Files\Git\cmd;C:\Users\ddreval\AppData\Local\Microsoft\WindowsApps;C:\Program Files\heroku\bin
USERNAME=ddreval
OS=Windows_NT
PROCESSOR_IDENTIFIER=Intel64 Family 6 Model 69 Stepping 1, GenuineIntel



---------------  S Y S T E M  ---------------

OS: Windows 10.0 , 64 bit Build 17763 (10.0.17763.475)

CPU:total 4 (initial active 4) (2 cores per cpu, 2 threads per core) family 6 model 69 stepping 1, cmov, cx8, fxsr, mmx, sse, sse2, sse3, ssse3, sse4.1, sse4.2, popcnt, avx, avx2, aes, clmul, erms, lzcnt, ht, tsc, tscinvbit, bmi1, bmi2

Memory: 4k page, physical 8268924k(455968k free), swap 11340924k(4616k free)

vm_info: Java HotSpot(TM) 64-Bit Server VM (25.191-b12) for windows-amd64 JRE (1.8.0_191-b12), built on Oct  6 2018 09:29:03 by "java_re" with MS VC++ 10.0 (VS2010)

time: Fri Nov 29 15:18:33 2019
elapsed time: 14 seconds (0d 0h 0m 14s)

