#
# There is insufficient memory for the Java Runtime Environment to continue.
# Native memory allocation (malloc) failed to allocate 1020896 bytes for Chunk::new
# Possible reasons:
#   The system is out of physical RAM or swap space
#   In 32 bit mode, the process size limit was hit
# Possible solutions:
#   Reduce memory load on the system
#   Increase physical memory or swap space
#   Check if swap backing store is full
#   Use 64 bit Java on a 64 bit OS
#   Decrease Java heap size (-Xmx/-Xms)
#   Decrease number of Java threads
#   Decrease Java thread stack sizes (-Xss)
#   Set larger code cache with -XX:ReservedCodeCacheSize=
# This output file may be truncated or incomplete.
#
#  Out of Memory Error (allocation.cpp:390), pid=12652, tid=0x0000000000000e4c
#
# JRE version: Java(TM) SE Runtime Environment (8.0_191-b12) (build 1.8.0_191-b12)
# Java VM: Java HotSpot(TM) 64-Bit Server VM (25.191-b12 mixed mode windows-amd64 compressed oops)
# Failed to write core dump. Minidumps are not enabled by default on client versions of Windows
#

---------------  T H R E A D  ---------------

Current thread (0x0000000015ed9000):  JavaThread "C2 CompilerThread0" daemon [_thread_in_native, id=3660, stack(0x0000000017530000,0x0000000017630000)]

Stack: [0x0000000017530000,0x0000000017630000]
[error occurred during error reporting (printing stack bounds), id 0xc0000005]

Native frames: (J=compiled Java code, j=interpreted, Vv=VM code, C=native code)


Current CompileTask:
C2:  24290 5159       4       java.net.URLClassLoader$1::run (5 bytes)


---------------  P R O C E S S  ---------------

Java Threads: ( => current thread )
  0x000000001c35e800 JavaThread "Exec process Thread 3" [_thread_blocked, id=5364, stack(0x0000000022c30000,0x0000000022d30000)]
  0x000000001c359000 JavaThread "Exec process Thread 2" [_thread_blocked, id=1636, stack(0x0000000022b30000,0x0000000022c30000)]
  0x000000001c35d800 JavaThread "Exec process" [_thread_blocked, id=2632, stack(0x0000000022a30000,0x0000000022b30000)]
  0x000000001c356000 JavaThread "Cache worker for file content cache (C:\flow-reader\.gradle\5.4.1\fileContent)" [_thread_blocked, id=6460, stack(0x0000000022730000,0x0000000022830000)]
  0x000000001c35d000 JavaThread "Cache worker for file content cache (C:\Users\ddreval\.gradle\caches\5.4.1\fileContent)" [_thread_blocked, id=9836, stack(0x0000000022630000,0x0000000022730000)]
  0x000000001c35b800 JavaThread "Memory manager" [_thread_blocked, id=4032, stack(0x0000000022530000,0x0000000022630000)]
  0x000000001c357800 JavaThread "Cache worker for Build Output Cleanup Cache (C:\flow-reader\.gradle\buildOutputCleanup)" [_thread_blocked, id=7584, stack(0x0000000022030000,0x0000000022130000)]
  0x000000001c357000 JavaThread "pool-1-thread-1" [_thread_blocked, id=10280, stack(0x0000000021d30000,0x0000000021e30000)]
  0x000000001c35a800 JavaThread "Build operations Thread 4" [_thread_blocked, id=8464, stack(0x0000000020770000,0x0000000020870000)]
  0x000000001c35a000 JavaThread "Build operations Thread 3" [_thread_blocked, id=14184, stack(0x0000000020670000,0x0000000020770000)]
  0x000000001c35c000 JavaThread "Build operations Thread 2" [_thread_blocked, id=10104, stack(0x0000000020570000,0x0000000020670000)]
  0x000000001c358800 JavaThread "Build operations" [_thread_blocked, id=7396, stack(0x0000000020470000,0x0000000020570000)]
  0x000000001827d800 JavaThread "Cache worker for execution history cache (C:\Users\ddreval\.gradle\caches\5.4.1\executionHistory)" [_thread_blocked, id=8516, stack(0x0000000020370000,0x0000000020470000)]
  0x0000000018280000 JavaThread "Cache worker for cache directory md-rule (C:\Users\ddreval\.gradle\caches\5.4.1\md-rule)" [_thread_blocked, id=9808, stack(0x0000000020040000,0x0000000020140000)]
  0x0000000018284000 JavaThread "Cache worker for cache directory md-supplier (C:\Users\ddreval\.gradle\caches\5.4.1\md-supplier)" [_thread_blocked, id=11168, stack(0x000000001ff40000,0x0000000020040000)]
  0x0000000018280800 JavaThread "Cache worker for file hash cache (C:\flow-reader\.gradle\5.4.1\fileHashes)" [_thread_blocked, id=12552, stack(0x000000001f840000,0x000000001f940000)]
  0x000000001827d000 JavaThread "Cache worker for journal cache (C:\Users\ddreval\.gradle\caches\journal-1)" [_thread_blocked, id=9116, stack(0x000000001aa80000,0x000000001ab80000)]
  0x0000000018282000 JavaThread "File lock request listener" [_thread_in_native, id=4184, stack(0x000000001a980000,0x000000001aa80000)]
  0x000000001827e800 JavaThread "Cache worker for file hash cache (C:\Users\ddreval\.gradle\caches\5.4.1\fileHashes)" [_thread_blocked, id=14188, stack(0x000000001a880000,0x000000001a980000)]
  0x00000000179c7800 JavaThread "Thread-9" [_thread_blocked, id=4632, stack(0x000000001a780000,0x000000001a880000)]
  0x0000000018443800 JavaThread "Stdin handler" [_thread_blocked, id=8752, stack(0x000000001a680000,0x000000001a780000)]
  0x0000000018442800 JavaThread "Asynchronous log dispatcher for DefaultDaemonConnection: socket connection from /127.0.0.1:61174 to /127.0.0.1:61175" [_thread_blocked, id=10060, stack(0x000000001a580000,0x000000001a680000)]
  0x000000001835d800 JavaThread "Daemon worker" [_thread_in_Java, id=1744, stack(0x000000001a480000,0x000000001a580000)]
  0x000000001835c800 JavaThread "Cancel handler" [_thread_blocked, id=13752, stack(0x000000001a380000,0x000000001a480000)]
  0x0000000018f58800 JavaThread "Handler for socket connection from /127.0.0.1:61174 to /127.0.0.1:61175" [_thread_in_native, id=11628, stack(0x000000001a080000,0x000000001a180000)]
  0x0000000018f55800 JavaThread "Daemon" [_thread_blocked, id=13456, stack(0x0000000019f80000,0x000000001a080000)]
  0x0000000017a17000 JavaThread "Daemon periodic checks" [_thread_blocked, id=2792, stack(0x0000000019e80000,0x0000000019f80000)]
  0x0000000015efe800 JavaThread "Incoming local TCP Connector on port 61174" [_thread_in_native, id=13256, stack(0x0000000019c40000,0x0000000019d40000)]
  0x0000000018f10000 JavaThread "Daemon health stats" [_thread_blocked, id=10188, stack(0x0000000019600000,0x0000000019700000)]
  0x0000000015f2d000 JavaThread "Service Thread" daemon [_thread_blocked, id=13592, stack(0x0000000017c30000,0x0000000017d30000)]
  0x0000000017738800 JavaThread "C1 CompilerThread2" daemon [_thread_blocked, id=1472, stack(0x0000000017b30000,0x0000000017c30000)]
  0x0000000015edc000 JavaThread "C2 CompilerThread1" daemon [_thread_in_native, id=12680, stack(0x0000000017630000,0x0000000017730000)]
=>0x0000000015ed9000 JavaThread "C2 CompilerThread0" daemon [_thread_in_native, id=3660, stack(0x0000000017530000,0x0000000017630000)]
  0x0000000015ed3800 JavaThread "Attach Listener" daemon [_thread_blocked, id=13604, stack(0x0000000017430000,0x0000000017530000)]
  0x0000000015ed1800 JavaThread "Signal Dispatcher" daemon [_thread_blocked, id=4176, stack(0x0000000017330000,0x0000000017430000)]
  0x0000000002554800 JavaThread "Finalizer" daemon [_thread_blocked, id=1228, stack(0x0000000017130000,0x0000000017230000)]
  0x0000000002551800 JavaThread "Reference Handler" daemon [_thread_blocked, id=4216, stack(0x0000000017030000,0x0000000017130000)]
  0x000000000242d800 JavaThread "main" [_thread_blocked, id=8660, stack(0x0000000002280000,0x0000000002380000)]

Other Threads:
  0x0000000015e97000 VMThread [stack: 0x0000000016f30000,0x0000000017030000] [id=12784]
  0x0000000017739000 WatcherThread [stack: 0x0000000017d30000,0x0000000017e30000] [id=7124]

VM state:not at safepoint (normal execution)

VM Mutex/Monitor currently owned by a thread: None

Heap:
 PSYoungGen      total 187392K, used 63576K [0x00000000e0000000, 0x00000000ecb00000, 0x0000000100000000)
  eden space 172032K, 28% used [0x00000000e0000000,0x00000000e2f19d38,0x00000000ea800000)
  from space 15360K, 99% used [0x00000000eab80000,0x00000000eba7c5c0,0x00000000eba80000)
  to   space 16896K, 0% used [0x00000000eba80000,0x00000000eba80000,0x00000000ecb00000)
 ParOldGen       total 99840K, used 20021K [0x00000000a0000000, 0x00000000a6180000, 0x00000000e0000000)
  object space 99840K, 20% used [0x00000000a0000000,0x00000000a138d5a8,0x00000000a6180000)
 Metaspace       used 53988K, capacity 55264K, committed 55552K, reserved 1097728K
  class space    used 7516K, capacity 7834K, committed 7936K, reserved 1048576K

Card table byte_map: [0x0000000011920000,0x0000000011c30000] byte_map_base: 0x0000000011420000

Marking Bits: (ParMarkBitMap*) 0x00000000756d3e30
 Begin Bits: [0x0000000012230000, 0x0000000013a30000)
 End Bits:   [0x0000000013a30000, 0x0000000015230000)

Polling page: 0x00000000001f0000

CodeCache: size=245760Kb used=17247Kb max_used=17247Kb free=228512Kb
 bounds [0x0000000002560000, 0x0000000003650000, 0x0000000011560000]
 total_blobs=5744 nmethods=4964 adapters=691
 compilation: enabled

Compilation events (10 events):
Event: 24.286 Thread 0x0000000017738800 nmethod 5294 0x000000000363e550 code [0x000000000363e6c0, 0x000000000363eaa8]
Event: 24.286 Thread 0x0000000017738800 5295       1       java.util.stream.Collectors$CollectorImpl::supplier (5 bytes)
Event: 24.286 Thread 0x0000000017738800 nmethod 5295 0x000000000363ec10 code [0x000000000363ed60, 0x000000000363ee70]
Event: 24.286 Thread 0x0000000017738800 5296       1       java.util.stream.Collectors$CollectorImpl::accumulator (5 bytes)
Event: 24.286 Thread 0x0000000017738800 nmethod 5296 0x000000000363eed0 code [0x000000000363f020, 0x000000000363f130]
Event: 24.286 Thread 0x0000000017738800 5297       1       java.util.stream.Collectors$CollectorImpl::combiner (5 bytes)
Event: 24.286 Thread 0x0000000017738800 nmethod 5297 0x000000000363f190 code [0x000000000363f2e0, 0x000000000363f3f0]
Event: 24.286 Thread 0x0000000017738800 5298       1       java.util.stream.ReduceOps$Box::get (5 bytes)
Event: 24.286 Thread 0x0000000017738800 nmethod 5298 0x000000000363f450 code [0x000000000363f5a0, 0x000000000363f6b0]
Event: 24.287 Thread 0x0000000017738800 5299       3       org.gradle.util.Path::createFullPath (68 bytes)

GC Heap History (10 events):
Event: 12.786 GC heap before
{Heap before GC invocations=7 (full 1):
 PSYoungGen      total 71680K, used 71669K [0x00000000e0000000, 0x00000000e8180000, 0x0000000100000000)
  eden space 66560K, 100% used [0x00000000e0000000,0x00000000e4100000,0x00000000e4100000)
  from space 5120K, 99% used [0x00000000e4100000,0x00000000e45fd478,0x00000000e4600000)
  to   space 12800K, 0% used [0x00000000e7500000,0x00000000e7500000,0x00000000e8180000)
 ParOldGen       total 65536K, used 14116K [0x00000000a0000000, 0x00000000a4000000, 0x00000000e0000000)
  object space 65536K, 21% used [0x00000000a0000000,0x00000000a0dc91d8,0x00000000a4000000)
 Metaspace       used 32470K, capacity 32978K, committed 33280K, reserved 1077248K
  class space    used 4587K, capacity 4748K, committed 4864K, reserved 1048576K
Event: 12.802 GC heap after
Heap after GC invocations=7 (full 1):
 PSYoungGen      total 119808K, used 8605K [0x00000000e0000000, 0x00000000e8280000, 0x0000000100000000)
  eden space 107008K, 0% used [0x00000000e0000000,0x00000000e0000000,0x00000000e6880000)
  from space 12800K, 67% used [0x00000000e7500000,0x00000000e7d67620,0x00000000e8180000)
  to   space 12800K, 0% used [0x00000000e6880000,0x00000000e6880000,0x00000000e7500000)
 ParOldGen       total 65536K, used 14124K [0x00000000a0000000, 0x00000000a4000000, 0x00000000e0000000)
  object space 65536K, 21% used [0x00000000a0000000,0x00000000a0dcb1d8,0x00000000a4000000)
 Metaspace       used 32470K, capacity 32978K, committed 33280K, reserved 1077248K
  class space    used 4587K, capacity 4748K, committed 4864K, reserved 1048576K
}
Event: 14.034 GC heap before
{Heap before GC invocations=8 (full 1):
 PSYoungGen      total 119808K, used 60824K [0x00000000e0000000, 0x00000000e8280000, 0x0000000100000000)
  eden space 107008K, 48% used [0x00000000e0000000,0x00000000e32feb10,0x00000000e6880000)
  from space 12800K, 67% used [0x00000000e7500000,0x00000000e7d67620,0x00000000e8180000)
  to   space 12800K, 0% used [0x00000000e6880000,0x00000000e6880000,0x00000000e7500000)
 ParOldGen       total 65536K, used 14124K [0x00000000a0000000, 0x00000000a4000000, 0x00000000e0000000)
  object space 65536K, 21% used [0x00000000a0000000,0x00000000a0dcb1d8,0x00000000a4000000)
 Metaspace       used 34696K, capacity 35328K, committed 35416K, reserved 1079296K
  class space    used 4900K, capacity 5109K, committed 5120K, reserved 1048576K
Event: 14.060 GC heap after
Heap after GC invocations=8 (full 1):
 PSYoungGen      total 119808K, used 10474K [0x00000000e0000000, 0x00000000ec980000, 0x0000000100000000)
  eden space 107008K, 0% used [0x00000000e0000000,0x00000000e0000000,0x00000000e6880000)
  from space 12800K, 81% used [0x00000000e6880000,0x00000000e72ba890,0x00000000e7500000)
  to   space 13312K, 0% used [0x00000000ebc80000,0x00000000ebc80000,0x00000000ec980000)
 ParOldGen       total 65536K, used 14132K [0x00000000a0000000, 0x00000000a4000000, 0x00000000e0000000)
  object space 65536K, 21% used [0x00000000a0000000,0x00000000a0dcd1d8,0x00000000a4000000)
 Metaspace       used 34696K, capacity 35328K, committed 35416K, reserved 1079296K
  class space    used 4900K, capacity 5109K, committed 5120K, reserved 1048576K
}
Event: 14.060 GC heap before
{Heap before GC invocations=9 (full 2):
 PSYoungGen      total 119808K, used 10474K [0x00000000e0000000, 0x00000000ec980000, 0x0000000100000000)
  eden space 107008K, 0% used [0x00000000e0000000,0x00000000e0000000,0x00000000e6880000)
  from space 12800K, 81% used [0x00000000e6880000,0x00000000e72ba890,0x00000000e7500000)
  to   space 13312K, 0% used [0x00000000ebc80000,0x00000000ebc80000,0x00000000ec980000)
 ParOldGen       total 65536K, used 14132K [0x00000000a0000000, 0x00000000a4000000, 0x00000000e0000000)
  object space 65536K, 21% used [0x00000000a0000000,0x00000000a0dcd1d8,0x00000000a4000000)
 Metaspace       used 34696K, capacity 35328K, committed 35416K, reserved 1079296K
  class space    used 4900K, capacity 5109K, committed 5120K, reserved 1048576K
Event: 14.205 GC heap after
Heap after GC invocations=9 (full 2):
 PSYoungGen      total 119808K, used 0K [0x00000000e0000000, 0x00000000ec980000, 0x0000000100000000)
  eden space 107008K, 0% used [0x00000000e0000000,0x00000000e0000000,0x00000000e6880000)
  from space 12800K, 0% used [0x00000000e6880000,0x00000000e6880000,0x00000000e7500000)
  to   space 13312K, 0% used [0x00000000ebc80000,0x00000000ebc80000,0x00000000ec980000)
 ParOldGen       total 99840K, used 17506K [0x00000000a0000000, 0x00000000a6180000, 0x00000000e0000000)
  object space 99840K, 17% used [0x00000000a0000000,0x00000000a1118870,0x00000000a6180000)
 Metaspace       used 34688K, capacity 35304K, committed 35416K, reserved 1079296K
  class space    used 4897K, capacity 5105K, committed 5120K, reserved 1048576K
}
Event: 17.114 GC heap before
{Heap before GC invocations=10 (full 2):
 PSYoungGen      total 119808K, used 107008K [0x00000000e0000000, 0x00000000ec980000, 0x0000000100000000)
  eden space 107008K, 100% used [0x00000000e0000000,0x00000000e6880000,0x00000000e6880000)
  from space 12800K, 0% used [0x00000000e6880000,0x00000000e6880000,0x00000000e7500000)
  to   space 13312K, 0% used [0x00000000ebc80000,0x00000000ebc80000,0x00000000ec980000)
 ParOldGen       total 99840K, used 17506K [0x00000000a0000000, 0x00000000a6180000, 0x00000000e0000000)
  object space 99840K, 17% used [0x00000000a0000000,0x00000000a1118870,0x00000000a6180000)
 Metaspace       used 45614K, capacity 46648K, committed 46848K, reserved 1089536K
  class space    used 6297K, capacity 6600K, committed 6656K, reserved 1048576K
Event: 17.132 GC heap after
Heap after GC invocations=10 (full 2):
 PSYoungGen      total 157184K, used 13310K [0x00000000e0000000, 0x00000000ec980000, 0x0000000100000000)
  eden space 143872K, 0% used [0x00000000e0000000,0x00000000e0000000,0x00000000e8c80000)
  from space 13312K, 99% used [0x00000000ebc80000,0x00000000ec97f940,0x00000000ec980000)
  to   space 15360K, 0% used [0x00000000eab80000,0x00000000eab80000,0x00000000eba80000)
 ParOldGen       total 99840K, used 18557K [0x00000000a0000000, 0x00000000a6180000, 0x00000000e0000000)
  object space 99840K, 18% used [0x00000000a0000000,0x00000000a121f768,0x00000000a6180000)
 Metaspace       used 45614K, capacity 46648K, committed 46848K, reserved 1089536K
  class space    used 6297K, capacity 6600K, committed 6656K, reserved 1048576K
}
Event: 22.809 GC heap before
{Heap before GC invocations=11 (full 2):
 PSYoungGen      total 157184K, used 157182K [0x00000000e0000000, 0x00000000ec980000, 0x0000000100000000)
  eden space 143872K, 100% used [0x00000000e0000000,0x00000000e8c80000,0x00000000e8c80000)
  from space 13312K, 99% used [0x00000000ebc80000,0x00000000ec97f940,0x00000000ec980000)
  to   space 15360K, 0% used [0x00000000eab80000,0x00000000eab80000,0x00000000eba80000)
 ParOldGen       total 99840K, used 18557K [0x00000000a0000000, 0x00000000a6180000, 0x00000000e0000000)
  object space 99840K, 18% used [0x00000000a0000000,0x00000000a121f768,0x00000000a6180000)
 Metaspace       used 50618K, capacity 51852K, committed 51968K, reserved 1093632K
  class space    used 7029K, capacity 7366K, committed 7424K, reserved 1048576K
Event: 22.850 GC heap after
Heap after GC invocations=11 (full 2):
 PSYoungGen      total 187392K, used 15345K [0x00000000e0000000, 0x00000000ecb00000, 0x0000000100000000)
  eden space 172032K, 0% used [0x00000000e0000000,0x00000000e0000000,0x00000000ea800000)
  from space 15360K, 99% used [0x00000000eab80000,0x00000000eba7c5c0,0x00000000eba80000)
  to   space 16896K, 0% used [0x00000000eba80000,0x00000000eba80000,0x00000000ecb00000)
 ParOldGen       total 99840K, used 20021K [0x00000000a0000000, 0x00000000a6180000, 0x00000000e0000000)
  object space 99840K, 20% used [0x00000000a0000000,0x00000000a138d5a8,0x00000000a6180000)
 Metaspace       used 50618K, capacity 51852K, committed 51968K, reserved 1093632K
  class space    used 7029K, capacity 7366K, committed 7424K, reserved 1048576K
}

Deoptimization events (10 events):
Event: 22.303 Thread 0x000000001835d800 Uncommon trap: reason=bimorphic action=maybe_recompile pc=0x0000000003406414 method=com.google.common.collect.ImmutableMap$Builder.putAll(Ljava/lang/Iterable;)Lcom/google/common/collect/ImmutableMap$Builder; @ 26
Event: 22.303 Thread 0x000000001835d800 Uncommon trap: reason=bimorphic action=maybe_recompile pc=0x0000000003406414 method=com.google.common.collect.ImmutableMap$Builder.putAll(Ljava/lang/Iterable;)Lcom/google/common/collect/ImmutableMap$Builder; @ 26
Event: 22.303 Thread 0x000000001835d800 Uncommon trap: reason=bimorphic action=maybe_recompile pc=0x0000000003406414 method=com.google.common.collect.ImmutableMap$Builder.putAll(Ljava/lang/Iterable;)Lcom/google/common/collect/ImmutableMap$Builder; @ 26
Event: 22.459 Thread 0x000000001835d800 Uncommon trap: reason=unstable_if action=reinterpret pc=0x000000000314ae20 method=org.gradle.internal.instantiation.AbstractClassGenerator$InjectionAnnotationValidator.validateMethod(Ljava/lang/reflect/Method;Lorg/gradle/internal/reflect/PropertyAccessorT
Event: 22.601 Thread 0x000000001835d800 Uncommon trap: reason=unstable_if action=reinterpret pc=0x0000000003194214 method=java.util.TreeMap.put(Ljava/lang/Object;Ljava/lang/Object;)Ljava/lang/Object; @ 163
Event: 22.659 Thread 0x000000001835d800 Uncommon trap: reason=unstable_if action=reinterpret pc=0x0000000003031ad4 method=jdk.internal.org.objectweb.asm.Type.getArgumentsAndReturnSizes(Ljava/lang/String;)I @ 88
Event: 22.716 Thread 0x000000001835d800 Uncommon trap: reason=class_check action=maybe_recompile pc=0x0000000003080d40 method=java.util.Collections$SynchronizedCollection.add(Ljava/lang/Object;)Z @ 12
Event: 22.801 Thread 0x000000001835d800 Uncommon trap: reason=unstable_if action=reinterpret pc=0x0000000002ad3f64 method=java.lang.String.lastIndexOf([CII[CIII)I @ 17
Event: 22.962 Thread 0x000000001835d800 Uncommon trap: reason=unstable_if action=reinterpret pc=0x0000000002a9cd38 method=java.util.concurrent.ConcurrentHashMap.putVal(Ljava/lang/Object;Ljava/lang/Object;Z)Ljava/lang/Object; @ 195
Event: 23.000 Thread 0x000000001835d800 Uncommon trap: reason=unstable_if action=reinterpret pc=0x0000000003560fc8 method=kotlin.reflect.jvm.internal.impl.protobuf.CodedInputStream.readRawVarint32()I @ 10

Classes redefined (0 events):
No events

Internal exceptions (10 events):
Event: 22.141 Thread 0x000000001835d800 Exception <a 'java/lang/ClassNotFoundException': org/gradle/api/internal/artifacts/dependencies/DefaultExternalModuleDependencyCustomizer> (0x00000000e7a503a8) thrown at [C:\re\workspace\8-2-build-windows-amd64-cygwin\jdk8u191\11896\hotspot\src\share\vm\c
Event: 22.147 Thread 0x000000001835d800 Exception <a 'java/lang/ClassNotFoundException': org/gradle/api/internal/artifacts/dependencies/DefaultExternalModuleDependency_DecoratedCustomizer> (0x00000000e7ac70a8) thrown at [C:\re\workspace\8-2-build-windows-amd64-cygwin\jdk8u191\11896\hotspot\src\
Event: 22.645 Thread 0x000000001835d800 Exception <a 'java/lang/ClassNotFoundException': org/gradle/api/plugins/internal/DefaultBasePluginConventionBeanInfo> (0x00000000e83a3e88) thrown at [C:\re\workspace\8-2-build-windows-amd64-cygwin\jdk8u191\11896\hotspot\src\share\vm\classfile\systemDictio
Event: 22.646 Thread 0x000000001835d800 Exception <a 'java/lang/ClassNotFoundException': org/gradle/api/plugins/BasePluginConventionBeanInfo> (0x00000000e83c9ae8) thrown at [C:\re\workspace\8-2-build-windows-amd64-cygwin\jdk8u191\11896\hotspot\src\share\vm\classfile\systemDictionary.cpp, line 2
Event: 22.646 Thread 0x000000001835d800 Exception <a 'java/lang/ClassNotFoundException': org/gradle/api/plugins/BasePluginConventionCustomizer> (0x00000000e83f00a0) thrown at [C:\re\workspace\8-2-build-windows-amd64-cygwin\jdk8u191\11896\hotspot\src\share\vm\classfile\systemDictionary.cpp, line
Event: 22.648 Thread 0x000000001835d800 Exception <a 'java/lang/ClassNotFoundException': org/gradle/api/plugins/internal/DefaultBasePluginConventionCustomizer> (0x00000000e842f688) thrown at [C:\re\workspace\8-2-build-windows-amd64-cygwin\jdk8u191\11896\hotspot\src\share\vm\classfile\systemDict
Event: 22.658 Thread 0x000000001835d800 Exception <a 'java/lang/NoSuchMethodError': java.lang.Object.lambda$comparing$77a9974f$1(Ljava/util/function/Function;Ljava/lang/Object;Ljava/lang/Object;)I> (0x00000000e84a5b28) thrown at [C:\re\workspace\8-2-build-windows-amd64-cygwin\jdk8u191\11896\hot
Event: 22.660 Thread 0x000000001835d800 Exception <a 'java/lang/NoSuchMethodError': java.lang.Object.lambda$comparingInt$7b0bb60$1(Ljava/util/function/ToIntFunction;Ljava/lang/Object;Ljava/lang/Object;)I> (0x00000000e84b0110) thrown at [C:\re\workspace\8-2-build-windows-amd64-cygwin\jdk8u191\11
Event: 22.661 Thread 0x000000001835d800 Exception <a 'java/lang/NoSuchMethodError': java.lang.Object.lambda$thenComparing$36697e65$1(Ljava/util/Comparator;Ljava/lang/Object;Ljava/lang/Object;)I> (0x00000000e84b8c98) thrown at [C:\re\workspace\8-2-build-windows-amd64-cygwin\jdk8u191\11896\hotspo
Event: 22.663 Thread 0x000000001835d800 Exception <a 'java/lang/NoSuchMethodError': java.lang.Object.lambda$comparing$ea9a8b3a$1(Ljava/util/Comparator;Ljava/util/function/Function;Ljava/lang/Object;Ljava/lang/Object;)I> (0x00000000e84c6748) thrown at [C:\re\workspace\8-2-build-windows-amd64-cyg

Events (10 events):
Event: 24.276 loading class org/gradle/api/file/DirectoryProperty
Event: 24.276 loading class org/gradle/api/file/DirectoryProperty done
Event: 24.276 loading class com/android/build/gradle/tasks/ProcessTestManifest
Event: 24.276 loading class com/android/build/gradle/tasks/ProcessTestManifest done
Event: 24.276 loading class org/gradle/api/Transformer
Event: 24.276 loading class org/gradle/api/Transformer done
Event: 24.277 loading class org/gradle/api/file/RegularFileProperty
Event: 24.277 loading class org/gradle/api/file/RegularFileProperty done
Event: 24.277 loading class org/gradle/api/Transformer
Event: 24.277 loading class org/gradle/api/Transformer done


Dynamic libraries:
0x00007ff62d8f0000 - 0x00007ff62d927000 	C:\jdk1.8.0_191\bin\java.exe
0x00007ff894c30000 - 0x00007ff894e1d000 	C:\Windows\SYSTEM32\ntdll.dll
0x00007ff894410000 - 0x00007ff8944c3000 	C:\Windows\System32\KERNEL32.DLL
0x00007ff890ee0000 - 0x00007ff891173000 	C:\Windows\System32\KERNELBASE.dll
0x0000000077f60000 - 0x0000000077ff5000 	C:\Windows\System32\SYSFER.DLL
0x00007ff892050000 - 0x00007ff8920f3000 	C:\Windows\System32\ADVAPI32.dll
0x00007ff892160000 - 0x00007ff8921fe000 	C:\Windows\System32\msvcrt.dll
0x00007ff894150000 - 0x00007ff8941ee000 	C:\Windows\System32\sechost.dll
0x00007ff894880000 - 0x00007ff8949a2000 	C:\Windows\System32\RPCRT4.dll
0x00007ff8944d0000 - 0x00007ff894667000 	C:\Windows\System32\USER32.dll
0x00007ff891a00000 - 0x00007ff891a20000 	C:\Windows\System32\win32u.dll
0x00007ff894780000 - 0x00007ff8947a9000 	C:\Windows\System32\GDI32.dll
0x00007ff891c80000 - 0x00007ff891e19000 	C:\Windows\System32\gdi32full.dll
0x00007ff890e40000 - 0x00007ff890ee0000 	C:\Windows\System32\msvcp_win.dll
0x00007ff890d40000 - 0x00007ff890e3a000 	C:\Windows\System32\ucrtbase.dll
0x00007ff881120000 - 0x00007ff881399000 	C:\Windows\WinSxS\amd64_microsoft.windows.common-controls_6595b64144ccf1df_6.0.17763.771_none_05b041300723be85\COMCTL32.dll
0x00007ff892370000 - 0x00007ff89269c000 	C:\Windows\System32\combase.dll
0x00007ff891c00000 - 0x00007ff891c7e000 	C:\Windows\System32\bcryptPrimitives.dll
0x00007ff894080000 - 0x00007ff8940ae000 	C:\Windows\System32\IMM32.DLL
0x0000000075760000 - 0x0000000075832000 	C:\jdk1.8.0_191\jre\bin\msvcr100.dll
0x0000000074eb0000 - 0x0000000075754000 	C:\jdk1.8.0_191\jre\bin\server\jvm.dll
0x00007ff8949b0000 - 0x00007ff8949b8000 	C:\Windows\System32\PSAPI.DLL
0x00007ff889fd0000 - 0x00007ff889fd9000 	C:\Windows\SYSTEM32\WSOCK32.dll
0x00007ff8941f0000 - 0x00007ff89425d000 	C:\Windows\System32\WS2_32.dll
0x00007ff88cfb0000 - 0x00007ff88cfd4000 	C:\Windows\SYSTEM32\WINMM.dll
0x00007ff885cd0000 - 0x00007ff885cda000 	C:\Windows\SYSTEM32\VERSION.dll
0x00007ff88cf60000 - 0x00007ff88cf8d000 	C:\Windows\SYSTEM32\WINMMBASE.dll
0x00007ff890cf0000 - 0x00007ff890d3a000 	C:\Windows\System32\cfgmgr32.dll
0x0000000076ab0000 - 0x0000000076abf000 	C:\jdk1.8.0_191\jre\bin\verify.dll
0x0000000076960000 - 0x0000000076989000 	C:\jdk1.8.0_191\jre\bin\java.dll
0x0000000076a90000 - 0x0000000076aa6000 	C:\jdk1.8.0_191\jre\bin\zip.dll
0x00007ff8926a0000 - 0x00007ff893b94000 	C:\Windows\System32\SHELL32.dll
0x00007ff894670000 - 0x00007ff894718000 	C:\Windows\System32\shcore.dll
0x00007ff891180000 - 0x00007ff8918cd000 	C:\Windows\System32\windows.storage.dll
0x00007ff890ca0000 - 0x00007ff890cc4000 	C:\Windows\System32\profapi.dll
0x00007ff890c40000 - 0x00007ff890c9d000 	C:\Windows\System32\powrprof.dll
0x00007ff894020000 - 0x00007ff894072000 	C:\Windows\System32\shlwapi.dll
0x00007ff890c20000 - 0x00007ff890c31000 	C:\Windows\System32\kernel.appcore.dll
0x00007ff8918d0000 - 0x00007ff8918e7000 	C:\Windows\System32\cryptsp.dll
0x0000000077f40000 - 0x0000000077f51000 	C:\Program Files\Common Files\Crypto Pro\AppCompat\cpadvai.dll
0x0000000050000000 - 0x0000000050007000 	C:\Program Files\Common Files\Crypto Pro\AppCompat\detoured.dll
0x0000000076940000 - 0x000000007695a000 	C:\jdk1.8.0_191\jre\bin\net.dll
0x00007ff88ffb0000 - 0x00007ff890017000 	C:\Windows\system32\mswsock.dll
0x0000000076920000 - 0x0000000076931000 	C:\jdk1.8.0_191\jre\bin\nio.dll
0x00007ff8878a0000 - 0x00007ff8878c6000 	C:\Users\ddreval\.gradle\native\29\windows-amd64\native-platform.dll
0x0000000074ea0000 - 0x0000000074ead000 	C:\jdk1.8.0_191\jre\bin\management.dll
0x00007ff88fb40000 - 0x00007ff88fb73000 	C:\Windows\system32\rsaenh.dll
0x00007ff891e20000 - 0x00007ff891e46000 	C:\Windows\System32\bcrypt.dll
0x00007ff890b50000 - 0x00007ff890b78000 	C:\Windows\SYSTEM32\USERENV.dll
0x00007ff8905c0000 - 0x00007ff8905cc000 	C:\Windows\SYSTEM32\CRYPTBASE.dll
0x00007ff88fce0000 - 0x00007ff88fd1d000 	C:\Windows\SYSTEM32\IPHLPAPI.DLL
0x00007ff8940b0000 - 0x00007ff8940b8000 	C:\Windows\System32\NSI.dll
0x00007ff88c070000 - 0x00007ff88c086000 	C:\Windows\SYSTEM32\dhcpcsvc6.DLL
0x00007ff88bc80000 - 0x00007ff88bc9c000 	C:\Windows\SYSTEM32\dhcpcsvc.DLL
0x00007ff88fd30000 - 0x00007ff88fdf6000 	C:\Windows\SYSTEM32\DNSAPI.dll

VM Arguments:
jvm_args: -Xmx1536m -Dfile.encoding=windows-1251 -Duser.country=US -Duser.language=en -Duser.variant 
java_command: org.gradle.launcher.daemon.bootstrap.GradleDaemon 5.4.1
java_class_path (initial): C:\Users\ddreval\.gradle\wrapper\dists\gradle-5.4.1-all\3221gyojl5jsh0helicew7rwx\gradle-5.4.1\lib\gradle-launcher-5.4.1.jar
Launcher Type: SUN_STANDARD

Environment Variables:
JAVA_HOME=C:\jdk1.8.0_191
PATH=C:\ProgramData\DockerDesktop\version-bin;C:\Program Files\Docker\Docker\Resources\bin;C:\Program Files (x86)\Common Files\Oracle\Java\javapath;C:\Windows\system32;C:\Windows;C:\Windows\System32\Wbem;C:\Windows\System32\WindowsPowerShell\v1.0\;C:\Windows\System32\OpenSSH\;C:\apache-ant-1.10.5\bin;C:\jdk-11.0.1\bin;C:\Program Files\MySQL\MySQL Server 5.5\bin\;C:\gradle-5.4.1\bin;C:\GROOVY~1.7\bin;C:\AndroidSdk\platform-tools;C:\apache-maven-3.6.2\bin;C:\Program Files\PostgreSQL\11\bin;C:\Users\ddreval\kotlin-native-windows-1.3.50\bin;C:\Program Files\Git\cmd;C:\Users\ddreval\AppData\Local\Microsoft\WindowsApps;C:\Program Files\heroku\bin
USERNAME=ddreval
OS=Windows_NT
PROCESSOR_IDENTIFIER=Intel64 Family 6 Model 69 Stepping 1, GenuineIntel



---------------  S Y S T E M  ---------------

OS: Windows 10.0 , 64 bit Build 17763 (10.0.17763.475)

CPU:total 4 (initial active 4) (2 cores per cpu, 2 threads per core) family 6 model 69 stepping 1, cmov, cx8, fxsr, mmx, sse, sse2, sse3, ssse3, sse4.1, sse4.2, popcnt, avx, avx2, aes, clmul, erms, lzcnt, ht, tsc, tscinvbit, bmi1, bmi2

Memory: 4k page, physical 8268924k(438484k free), swap 11340924k(5148k free)

vm_info: Java HotSpot(TM) 64-Bit Server VM (25.191-b12) for windows-amd64 JRE (1.8.0_191-b12), built on Oct  6 2018 09:29:03 by "java_re" with MS VC++ 10.0 (VS2010)

time: Thu Nov 28 12:59:05 2019
elapsed time: 24 seconds (0d 0h 0m 24s)

