#
# There is insufficient memory for the Java Runtime Environment to continue.
# Native memory allocation (malloc) failed to allocate 60656 bytes for Chunk::new
# Possible reasons:
#   The system is out of physical RAM or swap space
#   In 32 bit mode, the process size limit was hit
# Possible solutions:
#   Reduce memory load on the system
#   Increase physical memory or swap space
#   Check if swap backing store is full
#   Use 64 bit Java on a 64 bit OS
#   Decrease Java heap size (-Xmx/-Xms)
#   Decrease number of Java threads
#   Decrease Java thread stack sizes (-Xss)
#   Set larger code cache with -XX:ReservedCodeCacheSize=
# This output file may be truncated or incomplete.
#
#  Out of Memory Error (allocation.cpp:390), pid=9396, tid=0x0000000000002684
#
# JRE version: Java(TM) SE Runtime Environment (8.0_191-b12) (build 1.8.0_191-b12)
# Java VM: Java HotSpot(TM) 64-Bit Server VM (25.191-b12 mixed mode windows-amd64 compressed oops)
# Failed to write core dump. Minidumps are not enabled by default on client versions of Windows
#

---------------  T H R E A D  ---------------

Current thread (0x00000000167d9000):  JavaThread "C2 CompilerThread0" daemon [_thread_in_native, id=9860, stack(0x0000000017e50000,0x0000000017f50000)]

Stack: [0x0000000017e50000,0x0000000017f50000]
[error occurred during error reporting (printing stack bounds), id 0xc0000005]

Native frames: (J=compiled Java code, j=interpreted, Vv=VM code, C=native code)


Current CompileTask:
C2:3260095 30605 %     4       com.android.tools.r8.dex.DexParser::f @ 80 (631 bytes)


---------------  P R O C E S S  ---------------

Java Threads: ( => current thread )
  0x0000000024cc7800 JavaThread "ForkJoinPool-11-worker-0" daemon [_thread_blocked, id=10148, stack(0x0000000035bf0000,0x0000000035cf0000)]
  0x0000000024cca000 JavaThread "ForkJoinPool-11-worker-3" daemon [_thread_blocked, id=9160, stack(0x0000000035af0000,0x0000000035bf0000)]
  0x0000000024ccb800 JavaThread "ForkJoinPool-11-worker-2" daemon [_thread_blocked, id=1220, stack(0x00000000359f0000,0x0000000035af0000)]
  0x0000000024cc9000 JavaThread "ForkJoinPool-11-worker-1" daemon [_thread_in_Java, id=12264, stack(0x00000000358f0000,0x00000000359f0000)]
  0x0000000024cc8800 JavaThread "WorkerExecutor Queue Thread 8" [_thread_in_native, id=4772, stack(0x00000000353f0000,0x00000000354f0000)]
  0x0000000024cc4000 JavaThread "WorkerExecutor Queue Thread 7" [_thread_blocked, id=3184, stack(0x00000000352f0000,0x00000000353f0000)]
  0x0000000024cc7000 JavaThread "WorkerExecutor Queue Thread 6" [_thread_blocked, id=5128, stack(0x0000000032d50000,0x0000000032e50000)]
  0x000000001d0d8800 JavaThread "Cache worker for Java compile cache (C:\flow-reader\.gradle\5.4.1\javaCompile)" [_thread_blocked, id=10588, stack(0x0000000032c50000,0x0000000032d50000)]
  0x000000001d0d6000 JavaThread "Cache worker for Java compile cache (C:\Users\ddreval\.gradle\caches\5.4.1\javaCompile)" [_thread_blocked, id=14052, stack(0x0000000032b50000,0x0000000032c50000)]
  0x000000001d0da000 JavaThread "stdout" [_thread_in_native, id=12844, stack(0x0000000032950000,0x0000000032a50000)]
  0x000000001d0d7000 JavaThread "stderr" [_thread_in_native, id=13916, stack(0x0000000032850000,0x0000000032950000)]
  0x000000001d0db800 JavaThread "stdout" [_thread_in_native, id=13736, stack(0x0000000032750000,0x0000000032850000)]
  0x000000001d0d9000 JavaThread "stderr" [_thread_in_native, id=13692, stack(0x0000000032650000,0x0000000032750000)]
  0x000000001d0ce800 JavaThread "stdout" [_thread_in_native, id=8544, stack(0x0000000032550000,0x0000000032650000)]
  0x000000001d0d5800 JavaThread "stderr" [_thread_in_native, id=13772, stack(0x0000000032450000,0x0000000032550000)]
  0x000000001d0ce000 JavaThread "stdout" [_thread_in_native, id=728, stack(0x0000000032350000,0x0000000032450000)]
  0x000000001d0d3000 JavaThread "stderr" [_thread_in_native, id=1332, stack(0x0000000032250000,0x0000000032350000)]
  0x000000001d0d4800 JavaThread "pool-13-thread-1" [_thread_blocked, id=2772, stack(0x0000000032150000,0x0000000032250000)]
  0x000000001d0d1800 JavaThread "WorkerExecutor Queue" [_thread_blocked, id=1072, stack(0x0000000031d50000,0x0000000031e50000)]
  0x000000001d0d1000 JavaThread "Cache worker for execution history cache (C:\flow-reader\.gradle\5.4.1\executionHistory)" [_thread_blocked, id=13520, stack(0x0000000031c50000,0x0000000031d50000)]
  0x0000000018a38800 JavaThread "Execution worker for ':' Thread 3" [_thread_blocked, id=7640, stack(0x0000000031a50000,0x0000000031b50000)]
  0x0000000018a36800 JavaThread "Execution worker for ':' Thread 2" [_thread_blocked, id=9480, stack(0x0000000031950000,0x0000000031a50000)]
  0x0000000018a3c800 JavaThread "Execution worker for ':'" [_thread_blocked, id=9720, stack(0x0000000031850000,0x0000000031950000)]
  0x0000000022b8d000 JavaThread "Cache worker for file content cache (C:\flow-reader\.gradle\5.4.1\fileContent)" [_thread_blocked, id=9088, stack(0x0000000031450000,0x0000000031550000)]
  0x0000000022b93800 JavaThread "Cache worker for Build Output Cleanup Cache (C:\flow-reader\.gradle\buildOutputCleanup)" [_thread_blocked, id=13228, stack(0x0000000031350000,0x0000000031450000)]
  0x0000000022b90000 JavaThread "pool-12-thread-1" [_thread_blocked, id=8948, stack(0x0000000031250000,0x0000000031350000)]
  0x0000000022b8f000 JavaThread "Build operations Thread 4" [_thread_blocked, id=1968, stack(0x0000000031150000,0x0000000031250000)]
  0x0000000022b8e800 JavaThread "Build operations Thread 3" [_thread_blocked, id=4732, stack(0x0000000031050000,0x0000000031150000)]
  0x0000000022b8d800 JavaThread "Build operations Thread 2" [_thread_blocked, id=14296, stack(0x0000000030f50000,0x0000000031050000)]
  0x0000000018880000 JavaThread "Build operations" [_thread_blocked, id=13608, stack(0x0000000030e50000,0x0000000030f50000)]
  0x000000001887f000 JavaThread "Cache worker for cache directory md-rule (C:\Users\ddreval\.gradle\caches\5.4.1\md-rule)" [_thread_blocked, id=4836, stack(0x0000000030d50000,0x0000000030e50000)]
  0x0000000018881800 JavaThread "Cache worker for cache directory md-supplier (C:\Users\ddreval\.gradle\caches\5.4.1\md-supplier)" [_thread_blocked, id=11464, stack(0x0000000030c50000,0x0000000030d50000)]
  0x000000001887e800 JavaThread "Cache worker for file hash cache (C:\flow-reader\.gradle\5.4.1\fileHashes)" [_thread_blocked, id=2644, stack(0x0000000030b50000,0x0000000030c50000)]
  0x0000000018876000 JavaThread "Thread-166" [_thread_blocked, id=6500, stack(0x0000000030a50000,0x0000000030b50000)]
  0x0000000018875000 JavaThread "Asynchronous log dispatcher for DefaultDaemonConnection: socket connection from /127.0.0.1:57837 to /127.0.0.1:61598" [_thread_blocked, id=10800, stack(0x0000000030850000,0x0000000030950000)]
  0x0000000018879000 JavaThread "Daemon worker Thread 6" [_thread_blocked, id=13704, stack(0x0000000030750000,0x0000000030850000)]
  0x0000000018874800 JavaThread "Cancel handler" [_thread_blocked, id=3532, stack(0x0000000030650000,0x0000000030750000)]
  0x0000000018873000 JavaThread "Handler for socket connection from /127.0.0.1:57837 to /127.0.0.1:61598" [_thread_in_native, id=12768, stack(0x0000000030550000,0x0000000030650000)]
  0x0000000018878000 JavaThread "Daemon Thread 7" [_thread_blocked, id=6768, stack(0x0000000030450000,0x0000000030550000)]
  0x0000000018a38000 JavaThread "pool-11-thread-4" [_thread_blocked, id=10448, stack(0x000000002fe50000,0x000000002ff50000)]
  0x0000000022b98000 JavaThread "pool-11-thread-3" [_thread_blocked, id=11868, stack(0x000000002fd50000,0x000000002fe50000)]
  0x0000000022b97800 JavaThread "pool-11-thread-2" [_thread_blocked, id=11060, stack(0x000000002fc50000,0x000000002fd50000)]
  0x0000000022b9b000 JavaThread "pool-11-thread-1" [_thread_blocked, id=8008, stack(0x000000002fb50000,0x000000002fc50000)]
  0x000000001887c000 JavaThread "pool-7-thread-4" [_thread_blocked, id=10592, stack(0x000000002b550000,0x000000002b650000)]
  0x0000000018880800 JavaThread "pool-7-thread-3" [_thread_blocked, id=7428, stack(0x000000002b450000,0x000000002b550000)]
  0x0000000018882000 JavaThread "pool-7-thread-2" [_thread_blocked, id=14004, stack(0x000000002b350000,0x000000002b450000)]
  0x0000000018876800 JavaThread "pool-7-thread-1" [_thread_blocked, id=7496, stack(0x000000002b250000,0x000000002b350000)]
  0x0000000022b92000 JavaThread "pool-5-thread-4" [_thread_blocked, id=10964, stack(0x000000002a250000,0x000000002a350000)]
  0x0000000022b90800 JavaThread "pool-5-thread-3" [_thread_blocked, id=4172, stack(0x000000002a150000,0x000000002a250000)]
  0x0000000022b91800 JavaThread "pool-5-thread-2" [_thread_blocked, id=10876, stack(0x000000002a050000,0x000000002a150000)]
  0x0000000022b93000 JavaThread "pool-5-thread-1" [_thread_blocked, id=1420, stack(0x0000000029f50000,0x000000002a050000)]
  0x0000000018873800 JavaThread "Cache worker for file content cache (C:\Users\ddreval\.gradle\caches\5.4.1\fileContent)" [_thread_blocked, id=3284, stack(0x0000000022080000,0x0000000022180000)]
  0x0000000018879800 JavaThread "Memory manager" [_thread_blocked, id=10260, stack(0x0000000021f80000,0x0000000022080000)]
  0x0000000018a3a000 JavaThread "Cache worker for execution history cache (C:\Users\ddreval\.gradle\caches\5.4.1\executionHistory)" [_thread_blocked, id=4040, stack(0x000000001f4b0000,0x000000001f5b0000)]
  0x0000000018a3b000 JavaThread "Cache worker for journal cache (C:\Users\ddreval\.gradle\caches\journal-1)" [_thread_blocked, id=2124, stack(0x000000001b3a0000,0x000000001b4a0000)]
  0x0000000018a37000 JavaThread "File lock request listener" [_thread_in_native, id=13776, stack(0x000000001b2a0000,0x000000001b3a0000)]
  0x0000000018a3d000 JavaThread "Cache worker for file hash cache (C:\Users\ddreval\.gradle\caches\5.4.1\fileHashes)" [_thread_blocked, id=12648, stack(0x000000001b1a0000,0x000000001b2a0000)]
  0x0000000018913800 JavaThread "Daemon periodic checks" [_thread_blocked, id=5976, stack(0x000000001a7a0000,0x000000001a8a0000)]
  0x0000000018946000 JavaThread "Incoming local TCP Connector on port 57837" [_thread_in_native, id=9320, stack(0x000000001a560000,0x000000001a660000)]
  0x0000000019388000 JavaThread "Daemon health stats" [_thread_blocked, id=3996, stack(0x0000000019f20000,0x000000001a020000)]
  0x000000001682e000 JavaThread "Service Thread" daemon [_thread_blocked, id=14304, stack(0x0000000018550000,0x0000000018650000)]
  0x00000000167e4800 JavaThread "C1 CompilerThread2" daemon [_thread_blocked, id=14260, stack(0x0000000018050000,0x0000000018150000)]
  0x00000000167df800 JavaThread "C2 CompilerThread1" daemon [_thread_in_native, id=12480, stack(0x0000000017f50000,0x0000000018050000)]
=>0x00000000167d9000 JavaThread "C2 CompilerThread0" daemon [_thread_in_native, id=9860, stack(0x0000000017e50000,0x0000000017f50000)]
  0x00000000167d3800 JavaThread "Attach Listener" daemon [_thread_blocked, id=12500, stack(0x0000000017d50000,0x0000000017e50000)]
  0x00000000167d1800 JavaThread "Signal Dispatcher" daemon [_thread_blocked, id=13688, stack(0x0000000017c50000,0x0000000017d50000)]
  0x0000000002e5a000 JavaThread "Finalizer" daemon [_thread_blocked, id=1980, stack(0x0000000017a30000,0x0000000017b30000)]
  0x0000000002e51800 JavaThread "Reference Handler" daemon [_thread_blocked, id=4168, stack(0x0000000017930000,0x0000000017a30000)]
  0x0000000002d5d800 JavaThread "main" [_thread_blocked, id=7696, stack(0x0000000002c30000,0x0000000002d30000)]

Other Threads:
  0x0000000016797000 VMThread [stack: 0x0000000017830000,0x0000000017930000] [id=1352]
  0x0000000018191800 WatcherThread [stack: 0x0000000018650000,0x0000000018750000] [id=6252]

VM state:not at safepoint (normal execution)

VM Mutex/Monitor currently owned by a thread: None

Heap:
 PSYoungGen      total 446464K, used 157179K [0x00000000e0000000, 0x0000000100000000, 0x0000000100000000)
  eden space 413696K, 30% used [0x00000000e0000000,0x00000000e79812f8,0x00000000f9400000)
  from space 32768K, 99% used [0x00000000fdd00000,0x00000000ffcfdaa0,0x00000000ffd00000)
  to   space 55296K, 0% used [0x00000000f9400000,0x00000000f9400000,0x00000000fca00000)
 ParOldGen       total 280064K, used 243937K [0x00000000a0000000, 0x00000000b1180000, 0x00000000e0000000)
  object space 280064K, 87% used [0x00000000a0000000,0x00000000aee38478,0x00000000b1180000)
 Metaspace       used 135017K, capacity 141368K, committed 142848K, reserved 1173504K
  class space    used 17154K, capacity 18287K, committed 18688K, reserved 1048576K

Card table byte_map: [0x0000000012220000,0x0000000012530000] byte_map_base: 0x0000000011d20000

Marking Bits: (ParMarkBitMap*) 0x00000000756d3e30
 Begin Bits: [0x0000000012b30000, 0x0000000014330000)
 End Bits:   [0x0000000014330000, 0x0000000015b30000)

Polling page: 0x0000000000f60000

CodeCache: size=245760Kb used=87872Kb max_used=87883Kb free=157888Kb
 bounds [0x0000000002e60000, 0x00000000084b0000, 0x0000000011e60000]
 total_blobs=24680 nmethods=23749 adapters=838
 compilation: enabled

Compilation events (10 events):
Event: 3259.993 Thread 0x00000000167e4800 30616       3       com.android.tools.r8.code.U::<init> (104 bytes)
Event: 3259.994 Thread 0x00000000167e4800 nmethod 30616 0x00000000084852d0 code [0x0000000008485500, 0x0000000008486238]
Event: 3259.994 Thread 0x00000000167e4800 30621       2       com.android.tools.r8.dex.BinaryReader::f (5 bytes)
Event: 3259.995 Thread 0x00000000167e4800 nmethod 30621 0x0000000008484f50 code [0x00000000084850c0, 0x0000000008485228]
Event: 3259.995 Thread 0x00000000167e4800 30622       3       com.android.tools.r8.graph.ClassAccessFlags::h (16 bytes)
Event: 3259.995 Thread 0x00000000167e4800 nmethod 30622 0x0000000005e1fb50 code [0x0000000005e1fcc0, 0x0000000005e1ff70]
Event: 3259.995 Thread 0x00000000167e4800 30618       3       com.android.tools.r8.graph.DexCode$Try::a (15 bytes)
Event: 3259.995 Thread 0x00000000167e4800 nmethod 30618 0x0000000008484ad0 code [0x0000000008484c40, 0x0000000008484e68]
Event: 3260.001 Thread 0x00000000167d9000 nmethod 30623 0x00000000075716d0 code [0x0000000007571860, 0x0000000007571b98]
Event: 3260.001 Thread 0x00000000167d9000 30605 %     4       com.android.tools.r8.dex.DexParser::f @ 80 (631 bytes)

GC Heap History (10 events):
Event: 3235.901 GC heap before
{Heap before GC invocations=57 (full 5):
 PSYoungGen      total 480768K, used 453407K [0x00000000e0000000, 0x00000000fff00000, 0x0000000100000000)
  eden space 442368K, 100% used [0x00000000e0000000,0x00000000fb000000,0x00000000fb000000)
  from space 38400K, 28% used [0x00000000fb000000,0x00000000fbac7ea0,0x00000000fd580000)
  to   space 37376K, 0% used [0x00000000fda80000,0x00000000fda80000,0x00000000fff00000)
 ParOldGen       total 280064K, used 155695K [0x00000000a0000000, 0x00000000b1180000, 0x00000000e0000000)
  object space 280064K, 55% used [0x00000000a0000000,0x00000000a980be68,0x00000000b1180000)
 Metaspace       used 133585K, capacity 139654K, committed 142592K, reserved 1173504K
  class space    used 16974K, capacity 18066K, committed 18688K, reserved 1048576K
Event: 3236.029 GC heap after
Heap after GC invocations=57 (full 5):
 PSYoungGen      total 484864K, used 10434K [0x00000000e0000000, 0x00000000ffe00000, 0x0000000100000000)
  eden space 448512K, 0% used [0x00000000e0000000,0x00000000e0000000,0x00000000fb600000)
  from space 36352K, 28% used [0x00000000fda80000,0x00000000fe4b08b0,0x00000000ffe00000)
  to   space 36864K, 0% used [0x00000000fb600000,0x00000000fb600000,0x00000000fda00000)
 ParOldGen       total 280064K, used 165866K [0x00000000a0000000, 0x00000000b1180000, 0x00000000e0000000)
  object space 280064K, 59% used [0x00000000a0000000,0x00000000aa1fa880,0x00000000b1180000)
 Metaspace       used 133585K, capacity 139654K, committed 142592K, reserved 1173504K
  class space    used 16974K, capacity 18066K, committed 18688K, reserved 1048576K
}
Event: 3238.201 GC heap before
{Heap before GC invocations=58 (full 5):
 PSYoungGen      total 484864K, used 458946K [0x00000000e0000000, 0x00000000ffe00000, 0x0000000100000000)
  eden space 448512K, 100% used [0x00000000e0000000,0x00000000fb600000,0x00000000fb600000)
  from space 36352K, 28% used [0x00000000fda80000,0x00000000fe4b08b0,0x00000000ffe00000)
  to   space 36864K, 0% used [0x00000000fb600000,0x00000000fb600000,0x00000000fda00000)
 ParOldGen       total 280064K, used 165866K [0x00000000a0000000, 0x00000000b1180000, 0x00000000e0000000)
  object space 280064K, 59% used [0x00000000a0000000,0x00000000aa1fa880,0x00000000b1180000)
 Metaspace       used 133593K, capacity 139654K, committed 142592K, reserved 1173504K
  class space    used 16978K, capacity 18066K, committed 18688K, reserved 1048576K
Event: 3238.261 GC heap after
Heap after GC invocations=58 (full 5):
 PSYoungGen      total 485376K, used 11459K [0x00000000e0000000, 0x00000000ffd80000, 0x0000000100000000)
  eden space 448512K, 0% used [0x00000000e0000000,0x00000000e0000000,0x00000000fb600000)
  from space 36864K, 31% used [0x00000000fb600000,0x00000000fc130e08,0x00000000fda00000)
  to   space 35328K, 0% used [0x00000000fdb00000,0x00000000fdb00000,0x00000000ffd80000)
 ParOldGen       total 280064K, used 175576K [0x00000000a0000000, 0x00000000b1180000, 0x00000000e0000000)
  object space 280064K, 62% used [0x00000000a0000000,0x00000000aab76078,0x00000000b1180000)
 Metaspace       used 133593K, capacity 139654K, committed 142592K, reserved 1173504K
  class space    used 16978K, capacity 18066K, committed 18688K, reserved 1048576K
}
Event: 3240.460 GC heap before
{Heap before GC invocations=59 (full 5):
 PSYoungGen      total 485376K, used 459971K [0x00000000e0000000, 0x00000000ffd80000, 0x0000000100000000)
  eden space 448512K, 100% used [0x00000000e0000000,0x00000000fb600000,0x00000000fb600000)
  from space 36864K, 31% used [0x00000000fb600000,0x00000000fc130e08,0x00000000fda00000)
  to   space 35328K, 0% used [0x00000000fdb00000,0x00000000fdb00000,0x00000000ffd80000)
 ParOldGen       total 280064K, used 175576K [0x00000000a0000000, 0x00000000b1180000, 0x00000000e0000000)
  object space 280064K, 62% used [0x00000000a0000000,0x00000000aab76078,0x00000000b1180000)
 Metaspace       used 133607K, capacity 139658K, committed 142592K, reserved 1173504K
  class space    used 16979K, capacity 18066K, committed 18688K, reserved 1048576K
Event: 3240.521 GC heap after
Heap after GC invocations=59 (full 5):
 PSYoungGen      total 486400K, used 11975K [0x00000000e0000000, 0x00000000ffc80000, 0x0000000100000000)
  eden space 452096K, 0% used [0x00000000e0000000,0x00000000e0000000,0x00000000fb980000)
  from space 34304K, 34% used [0x00000000fdb00000,0x00000000fe6b1cd0,0x00000000ffc80000)
  to   space 34304K, 0% used [0x00000000fb980000,0x00000000fb980000,0x00000000fdb00000)
 ParOldGen       total 280064K, used 186059K [0x00000000a0000000, 0x00000000b1180000, 0x00000000e0000000)
  object space 280064K, 66% used [0x00000000a0000000,0x00000000ab5b2d48,0x00000000b1180000)
 Metaspace       used 133607K, capacity 139658K, committed 142592K, reserved 1173504K
  class space    used 16979K, capacity 18066K, committed 18688K, reserved 1048576K
}
Event: 3246.550 GC heap before
{Heap before GC invocations=60 (full 5):
 PSYoungGen      total 486400K, used 464071K [0x00000000e0000000, 0x00000000ffc80000, 0x0000000100000000)
  eden space 452096K, 100% used [0x00000000e0000000,0x00000000fb980000,0x00000000fb980000)
  from space 34304K, 34% used [0x00000000fdb00000,0x00000000fe6b1cd0,0x00000000ffc80000)
  to   space 34304K, 0% used [0x00000000fb980000,0x00000000fb980000,0x00000000fdb00000)
 ParOldGen       total 280064K, used 186059K [0x00000000a0000000, 0x00000000b1180000, 0x00000000e0000000)
  object space 280064K, 66% used [0x00000000a0000000,0x00000000ab5b2d48,0x00000000b1180000)
 Metaspace       used 134146K, capacity 140312K, committed 142592K, reserved 1173504K
  class space    used 17069K, capacity 18217K, committed 18688K, reserved 1048576K
Event: 3246.744 GC heap after
Heap after GC invocations=60 (full 5):
 PSYoungGen      total 486400K, used 16379K [0x00000000e0000000, 0x00000000ffd00000, 0x0000000100000000)
  eden space 452096K, 0% used [0x00000000e0000000,0x00000000e0000000,0x00000000fb980000)
  from space 34304K, 47% used [0x00000000fb980000,0x00000000fc97ef88,0x00000000fdb00000)
  to   space 32768K, 0% used [0x00000000fdd00000,0x00000000fdd00000,0x00000000ffd00000)
 ParOldGen       total 280064K, used 194905K [0x00000000a0000000, 0x00000000b1180000, 0x00000000e0000000)
  object space 280064K, 69% used [0x00000000a0000000,0x00000000abe567c0,0x00000000b1180000)
 Metaspace       used 134146K, capacity 140312K, committed 142592K, reserved 1173504K
  class space    used 17069K, capacity 18217K, committed 18688K, reserved 1048576K
}
Event: 3254.956 GC heap before
{Heap before GC invocations=61 (full 5):
 PSYoungGen      total 486400K, used 468475K [0x00000000e0000000, 0x00000000ffd00000, 0x0000000100000000)
  eden space 452096K, 100% used [0x00000000e0000000,0x00000000fb980000,0x00000000fb980000)
  from space 34304K, 47% used [0x00000000fb980000,0x00000000fc97ef88,0x00000000fdb00000)
  to   space 32768K, 0% used [0x00000000fdd00000,0x00000000fdd00000,0x00000000ffd00000)
 ParOldGen       total 280064K, used 194905K [0x00000000a0000000, 0x00000000b1180000, 0x00000000e0000000)
  object space 280064K, 69% used [0x00000000a0000000,0x00000000abe567c0,0x00000000b1180000)
 Metaspace       used 134981K, capacity 141346K, committed 142848K, reserved 1173504K
  class space    used 17151K, capacity 18284K, committed 18688K, reserved 1048576K
Event: 3255.428 GC heap after
Heap after GC invocations=61 (full 5):
 PSYoungGen      total 446464K, used 32758K [0x00000000e0000000, 0x0000000100000000, 0x0000000100000000)
  eden space 413696K, 0% used [0x00000000e0000000,0x00000000e0000000,0x00000000f9400000)
  from space 32768K, 99% used [0x00000000fdd00000,0x00000000ffcfdaa0,0x00000000ffd00000)
  to   space 55296K, 0% used [0x00000000f9400000,0x00000000f9400000,0x00000000fca00000)
 ParOldGen       total 280064K, used 243937K [0x00000000a0000000, 0x00000000b1180000, 0x00000000e0000000)
  object space 280064K, 87% used [0x00000000a0000000,0x00000000aee38478,0x00000000b1180000)
 Metaspace       used 134981K, capacity 141346K, committed 142848K, reserved 1173504K
  class space    used 17151K, capacity 18284K, committed 18688K, reserved 1048576K
}

Deoptimization events (10 events):
Event: 3257.457 Thread 0x0000000024cc8800 Uncommon trap: reason=speculate_class_check action=maybe_recompile pc=0x0000000006d3f06c method=java.nio.charset.CharsetDecoder.reset()Ljava/nio/charset/CharsetDecoder; @ 1
Event: 3257.596 Thread 0x0000000024cc8800 Uncommon trap: reason=speculate_class_check action=maybe_recompile pc=0x000000000840e77c method=java.nio.charset.CharsetDecoder.decode(Ljava/nio/ByteBuffer;Ljava/nio/CharBuffer;Z)Ljava/nio/charset/CoderResult; @ 57
Event: 3257.596 Thread 0x0000000024cc8800 Uncommon trap: reason=speculate_class_check action=maybe_recompile pc=0x000000000840e77c method=java.nio.charset.CharsetDecoder.decode(Ljava/nio/ByteBuffer;Ljava/nio/CharBuffer;Z)Ljava/nio/charset/CoderResult; @ 57
Event: 3258.094 Thread 0x0000000024cc8800 Uncommon trap: reason=predicate action=maybe_recompile pc=0x00000000073917d4 method=com.google.common.collect.RegularImmutableMap.fromEntryArray(I[Ljava/util/Map$Entry;)Lcom/google/common/collect/ImmutableMap; @ 62
Event: 3258.350 Thread 0x0000000024ccb800 Uncommon trap: reason=unstable_if action=reinterpret pc=0x0000000008242a00 method=com.android.tools.r8.dex.e.a(Ljava/lang/Object;Lcom/android/tools/r8/n/a/a/a/h/Q;)I @ 1
Event: 3258.367 Thread 0x0000000024ccb800 Uncommon trap: reason=unstable_if action=reinterpret pc=0x000000000846d354 method=com.android.tools.r8.graph.DexValue$NestedDexValue.equals(Ljava/lang/Object;)Z @ 11
Event: 3259.522 Thread 0x0000000024cc7000 Uncommon trap: reason=unstable_if action=reinterpret pc=0x000000000544cd48 method=java.nio.Bits.copyToArray(JLjava/lang/Object;JJJ)V @ 19
Event: 3259.552 Thread 0x0000000024cc7000 Uncommon trap: reason=unstable_if action=reinterpret pc=0x00000000055b5314 method=com.android.tools.r8.dex.DexParser.g(I)Lcom/android/tools/r8/dex/DexSection; @ 12
Event: 3259.985 Thread 0x0000000024cc7800 Uncommon trap: reason=predicate action=maybe_recompile pc=0x0000000007302ea0 method=com.android.tools.r8.dex.DexParser$d.a(Lcom/android/tools/r8/graph/i;)Lcom/android/tools/r8/graph/DexItem; @ 16
Event: 3259.991 Thread 0x0000000024cca000 Uncommon trap: reason=unstable_if action=reinterpret pc=0x0000000008426824 method=com.android.tools.r8.dex.DexParser.a(Ljava/util/function/Consumer;)V @ 1041

Classes redefined (0 events):
No events

Internal exceptions (10 events):
Event: 3249.710 Thread 0x0000000024cc4000 Exception <a 'sun/nio/fs/WindowsException'> (0x00000000eab74078) thrown at [C:\re\workspace\8-2-build-windows-amd64-cygwin\jdk8u191\11896\hotspot\src\share\vm\prims\jni.cpp, line 709]
Event: 3249.715 Thread 0x0000000024cc4000 Exception <a 'sun/nio/fs/WindowsException'> (0x00000000eab7a620) thrown at [C:\re\workspace\8-2-build-windows-amd64-cygwin\jdk8u191\11896\hotspot\src\share\vm\prims\jni.cpp, line 709]
Event: 3249.736 Thread 0x0000000024cc4000 Exception <a 'sun/nio/fs/WindowsException'> (0x00000000eab80918) thrown at [C:\re\workspace\8-2-build-windows-amd64-cygwin\jdk8u191\11896\hotspot\src\share\vm\prims\jni.cpp, line 709]
Event: 3250.578 Thread 0x0000000018879000 Exception <a 'java/lang/NoSuchMethodError': <clinit>> (0x00000000eb3cbc38) thrown at [C:\re\workspace\8-2-build-windows-amd64-cygwin\jdk8u191\11896\hotspot\src\share\vm\prims\jni.cpp, line 1613]
Event: 3250.616 Thread 0x0000000018a36800 Implicit null exception at 0x000000000676c315 to 0x000000000676c485
Event: 3250.785 Thread 0x000000001d0d1800 Exception <a 'sun/nio/fs/WindowsException'> (0x00000000ebed92b8) thrown at [C:\re\workspace\8-2-build-windows-amd64-cygwin\jdk8u191\11896\hotspot\src\share\vm\prims\jni.cpp, line 709]
Event: 3251.620 Thread 0x0000000024cc7800 Implicit null exception at 0x00000000038a466f to 0x00000000038a4761
Event: 3258.350 Thread 0x0000000024ccb800 Implicit null exception at 0x000000000824272f to 0x00000000082429ed
Event: 3258.518 Thread 0x0000000024ccb800 Exception <a 'sun/nio/fs/WindowsException'> (0x00000000e312b520) thrown at [C:\re\workspace\8-2-build-windows-amd64-cygwin\jdk8u191\11896\hotspot\src\share\vm\prims\jni.cpp, line 709]
Event: 3259.525 Thread 0x0000000024cc7000 Exception <a 'sun/nio/fs/WindowsException'> (0x00000000e3dd2c80) thrown at [C:\re\workspace\8-2-build-windows-amd64-cygwin\jdk8u191\11896\hotspot\src\share\vm\prims\jni.cpp, line 709]

Events (10 events):
Event: 3259.988 Thread 0x0000000024cc9000 DEOPT UNPACKING pc=0x0000000002ea7890 sp=0x00000000359eeda8 mode 0
Event: 3259.990 Thread 0x0000000024ccb800 DEOPT PACKING pc=0x000000000799ded4 sp=0x0000000035aee470
Event: 3259.990 Thread 0x0000000024ccb800 DEOPT UNPACKING pc=0x0000000002ea7890 sp=0x0000000035aee918 mode 0
Event: 3259.991 Thread 0x0000000024cca000 Uncommon trap: trap_request=0xffffff65 fr.pc=0x0000000008426824
Event: 3259.991 Thread 0x0000000024cca000 DEOPT PACKING pc=0x0000000008426824 sp=0x0000000035bef2f0
Event: 3259.991 Thread 0x0000000024cca000 DEOPT UNPACKING pc=0x0000000002ea583b sp=0x0000000035bef340 mode 2
Event: 3259.997 Thread 0x0000000024cc9000 DEOPT PACKING pc=0x000000000799ded4 sp=0x00000000359ee800
Event: 3259.997 Thread 0x0000000024cc9000 DEOPT UNPACKING pc=0x0000000002ea7890 sp=0x00000000359eeca8 mode 0
Event: 3260.063 Thread 0x0000000024cc9000 DEOPT PACKING pc=0x000000000799ded4 sp=0x00000000359ee800
Event: 3260.063 Thread 0x0000000024cc9000 DEOPT UNPACKING pc=0x0000000002ea7890 sp=0x00000000359eeca8 mode 0


Dynamic libraries:
0x00007ff62d8f0000 - 0x00007ff62d927000 	C:\jdk1.8.0_191\bin\java.exe
0x00007ff894c30000 - 0x00007ff894e1d000 	C:\Windows\SYSTEM32\ntdll.dll
0x00007ff894410000 - 0x00007ff8944c3000 	C:\Windows\System32\KERNEL32.DLL
0x00007ff890ee0000 - 0x00007ff891173000 	C:\Windows\System32\KERNELBASE.dll
0x0000000077f60000 - 0x0000000077ff5000 	C:\Windows\System32\SYSFER.DLL
0x00007ff892050000 - 0x00007ff8920f3000 	C:\Windows\System32\ADVAPI32.dll
0x00007ff892160000 - 0x00007ff8921fe000 	C:\Windows\System32\msvcrt.dll
0x00007ff894150000 - 0x00007ff8941ee000 	C:\Windows\System32\sechost.dll
0x00007ff894880000 - 0x00007ff8949a2000 	C:\Windows\System32\RPCRT4.dll
0x00007ff8944d0000 - 0x00007ff894667000 	C:\Windows\System32\USER32.dll
0x00007ff891a00000 - 0x00007ff891a20000 	C:\Windows\System32\win32u.dll
0x00007ff894780000 - 0x00007ff8947a9000 	C:\Windows\System32\GDI32.dll
0x00007ff891c80000 - 0x00007ff891e19000 	C:\Windows\System32\gdi32full.dll
0x00007ff890e40000 - 0x00007ff890ee0000 	C:\Windows\System32\msvcp_win.dll
0x00007ff890d40000 - 0x00007ff890e3a000 	C:\Windows\System32\ucrtbase.dll
0x00007ff881120000 - 0x00007ff881399000 	C:\Windows\WinSxS\amd64_microsoft.windows.common-controls_6595b64144ccf1df_6.0.17763.771_none_05b041300723be85\COMCTL32.dll
0x00007ff892370000 - 0x00007ff89269c000 	C:\Windows\System32\combase.dll
0x00007ff891c00000 - 0x00007ff891c7e000 	C:\Windows\System32\bcryptPrimitives.dll
0x00007ff894080000 - 0x00007ff8940ae000 	C:\Windows\System32\IMM32.DLL
0x0000000075760000 - 0x0000000075832000 	C:\jdk1.8.0_191\jre\bin\msvcr100.dll
0x0000000074eb0000 - 0x0000000075754000 	C:\jdk1.8.0_191\jre\bin\server\jvm.dll
0x00007ff8949b0000 - 0x00007ff8949b8000 	C:\Windows\System32\PSAPI.DLL
0x00007ff889fd0000 - 0x00007ff889fd9000 	C:\Windows\SYSTEM32\WSOCK32.dll
0x00007ff8941f0000 - 0x00007ff89425d000 	C:\Windows\System32\WS2_32.dll
0x00007ff88cfb0000 - 0x00007ff88cfd4000 	C:\Windows\SYSTEM32\WINMM.dll
0x00007ff885cd0000 - 0x00007ff885cda000 	C:\Windows\SYSTEM32\VERSION.dll
0x00007ff88cf60000 - 0x00007ff88cf8d000 	C:\Windows\SYSTEM32\WINMMBASE.dll
0x00007ff890cf0000 - 0x00007ff890d3a000 	C:\Windows\System32\cfgmgr32.dll
0x0000000076ab0000 - 0x0000000076abf000 	C:\jdk1.8.0_191\jre\bin\verify.dll
0x0000000076960000 - 0x0000000076989000 	C:\jdk1.8.0_191\jre\bin\java.dll
0x0000000076a90000 - 0x0000000076aa6000 	C:\jdk1.8.0_191\jre\bin\zip.dll
0x00007ff8926a0000 - 0x00007ff893b94000 	C:\Windows\System32\SHELL32.dll
0x00007ff894670000 - 0x00007ff894718000 	C:\Windows\System32\shcore.dll
0x00007ff891180000 - 0x00007ff8918cd000 	C:\Windows\System32\windows.storage.dll
0x00007ff890ca0000 - 0x00007ff890cc4000 	C:\Windows\System32\profapi.dll
0x00007ff890c40000 - 0x00007ff890c9d000 	C:\Windows\System32\powrprof.dll
0x00007ff894020000 - 0x00007ff894072000 	C:\Windows\System32\shlwapi.dll
0x00007ff890c20000 - 0x00007ff890c31000 	C:\Windows\System32\kernel.appcore.dll
0x00007ff8918d0000 - 0x00007ff8918e7000 	C:\Windows\System32\cryptsp.dll
0x0000000077f40000 - 0x0000000077f51000 	C:\Program Files\Common Files\Crypto Pro\AppCompat\cpadvai.dll
0x0000000050000000 - 0x0000000050007000 	C:\Program Files\Common Files\Crypto Pro\AppCompat\detoured.dll
0x0000000076940000 - 0x000000007695a000 	C:\jdk1.8.0_191\jre\bin\net.dll
0x00007ff88ffb0000 - 0x00007ff890017000 	C:\Windows\system32\mswsock.dll
0x0000000076920000 - 0x0000000076931000 	C:\jdk1.8.0_191\jre\bin\nio.dll
0x00007ff8878a0000 - 0x00007ff8878c6000 	C:\Users\ddreval\.gradle\native\29\windows-amd64\native-platform.dll
0x0000000074ea0000 - 0x0000000074ead000 	C:\jdk1.8.0_191\jre\bin\management.dll
0x00007ff88fb40000 - 0x00007ff88fb73000 	C:\Windows\system32\rsaenh.dll
0x00007ff891e20000 - 0x00007ff891e46000 	C:\Windows\System32\bcrypt.dll
0x00007ff890b50000 - 0x00007ff890b78000 	C:\Windows\SYSTEM32\USERENV.dll
0x00007ff8905c0000 - 0x00007ff8905cc000 	C:\Windows\SYSTEM32\CRYPTBASE.dll
0x00007ff88fce0000 - 0x00007ff88fd1d000 	C:\Windows\SYSTEM32\IPHLPAPI.DLL
0x00007ff8940b0000 - 0x00007ff8940b8000 	C:\Windows\System32\NSI.dll
0x00007ff88c070000 - 0x00007ff88c086000 	C:\Windows\SYSTEM32\dhcpcsvc6.DLL
0x00007ff88bc80000 - 0x00007ff88bc9c000 	C:\Windows\SYSTEM32\dhcpcsvc.DLL
0x00007ff88fd30000 - 0x00007ff88fdf6000 	C:\Windows\SYSTEM32\DNSAPI.dll
0x0000000074e70000 - 0x0000000074e94000 	C:\jdk1.8.0_191\jre\bin\sunec.dll
0x00007ff882c80000 - 0x00007ff882c8a000 	C:\Windows\System32\rasadhlp.dll
0x00007ff88ba70000 - 0x00007ff88bae9000 	C:\Windows\System32\fwpuclnt.dll
0x0000000074e60000 - 0x0000000074e6b000 	C:\jdk1.8.0_191\jre\bin\sunmscapi.dll
0x00007ff891a20000 - 0x00007ff891bfb000 	C:\Windows\System32\CRYPT32.dll
0x0000000001350000 - 0x0000000001362000 	C:\Windows\System32\MSASN1.dll
0x0000000050010000 - 0x000000005002f000 	C:\Program Files\Common Files\Crypto Pro\AppCompat\cpcrypt.dll
0x0000000066e00000 - 0x0000000066f03000 	C:\Users\ddreval\AppData\Local\Temp\room-6e258bc9-2d43-4654-b844-077b26a0ffef\sqlite-3.25.2-fc2f7e82-ff3e-4848-80f1-41339a96b9e6-sqlitejdbc.dll
0x00007ff88fa30000 - 0x00007ff88fa61000 	C:\Windows\SYSTEM32\ntmarta.dll

VM Arguments:
jvm_args: -Xmx1536m -Dfile.encoding=windows-1251 -Duser.country=US -Duser.language=en -Duser.variant 
java_command: org.gradle.launcher.daemon.bootstrap.GradleDaemon 5.4.1
java_class_path (initial): C:\Users\ddreval\.gradle\wrapper\dists\gradle-5.4.1-all\3221gyojl5jsh0helicew7rwx\gradle-5.4.1\lib\gradle-launcher-5.4.1.jar
Launcher Type: SUN_STANDARD

Environment Variables:
JAVA_HOME=C:\jdk1.8.0_191
PATH=C:\ProgramData\DockerDesktop\version-bin;C:\Program Files\Docker\Docker\Resources\bin;C:\Program Files (x86)\Common Files\Oracle\Java\javapath;C:\Windows\system32;C:\Windows;C:\Windows\System32\Wbem;C:\Windows\System32\WindowsPowerShell\v1.0\;C:\Windows\System32\OpenSSH\;C:\apache-ant-1.10.5\bin;C:\jdk-11.0.1\bin;C:\Program Files\MySQL\MySQL Server 5.5\bin\;C:\gradle-5.4.1\bin;C:\GROOVY~1.7\bin;C:\AndroidSdk\platform-tools;C:\apache-maven-3.6.2\bin;C:\Program Files\PostgreSQL\11\bin;C:\Users\ddreval\kotlin-native-windows-1.3.50\bin;C:\Program Files\Git\cmd;C:\Users\ddreval\AppData\Local\Microsoft\WindowsApps;C:\Program Files\heroku\bin
USERNAME=ddreval
OS=Windows_NT
PROCESSOR_IDENTIFIER=Intel64 Family 6 Model 69 Stepping 1, GenuineIntel



---------------  S Y S T E M  ---------------

OS: Windows 10.0 , 64 bit Build 17763 (10.0.17763.475)

CPU:total 4 (initial active 4) (2 cores per cpu, 2 threads per core) family 6 model 69 stepping 1, cmov, cx8, fxsr, mmx, sse, sse2, sse3, ssse3, sse4.1, sse4.2, popcnt, avx, avx2, aes, clmul, erms, lzcnt, ht, tsc, tscinvbit, bmi1, bmi2

Memory: 4k page, physical 8268924k(340024k free), swap 11340924k(1368k free)

vm_info: Java HotSpot(TM) 64-Bit Server VM (25.191-b12) for windows-amd64 JRE (1.8.0_191-b12), built on Oct  6 2018 09:29:03 by "java_re" with MS VC++ 10.0 (VS2010)

time: Thu Nov 28 13:17:45 2019
elapsed time: 3260 seconds (0d 0h 54m 20s)

