This file contains any messages produced by compilers while
running configure, to aid debugging if configure makes a mistake.

It was created by djvulibre configure 3.5.27, which was
generated by GNU Autoconf 2.69.  Invocation command line was

  $ ./configure 

## --------- ##
## Platform. ##
## --------- ##

hostname = 46-126-124-91.dynamic.hispeed.ch
uname -m = x86_64
uname -r = 12.2.0
uname -s = Darwin
uname -v = Darwin Kernel Version 12.2.0: Sat Aug 25 00:48:52 PDT 2012; root:xnu-2050.18.24~1/RELEASE_X86_64

/usr/bin/uname -p = i386
/bin/uname -X     = unknown

/bin/arch              = unknown
/usr/bin/arch -k       = unknown
/usr/convex/getsysinfo = unknown
/usr/bin/hostinfo      = Mach kernel version:
	 Darwin Kernel Version 12.2.0: Sat Aug 25 00:48:52 PDT 2012; root:xnu-2050.18.24~1/RELEASE_X86_64
Kernel configured for up to 4 processors.
2 processors are physically available.
4 processors are logically available.
Processor type: i486 (Intel 80486)
Processors active: 0 1 2 3
Primary memory available: 8.00 gigabytes
Default processor set: 103 tasks, 541 threads, 4 processors
Load average: 0.40, Mach factor: 3.59
/bin/machine           = unknown
/usr/bin/oslevel       = unknown
/bin/universe          = unknown

PATH: /Library/Frameworks/Python.framework/Versions/2.7/bin
PATH: /usr/bin
PATH: /bin
PATH: /usr/sbin
PATH: /sbin
PATH: /usr/local/bin


## ----------- ##
## Core tests. ##
## ----------- ##

configure:2809: checking build system type
configure:2823: result: x86_64-apple-darwin12.2.0
configure:2843: checking host system type
configure:2856: result: x86_64-apple-darwin12.2.0
configure:2893: checking for a BSD-compatible install
configure:2961: result: /usr/bin/install -c
configure:2972: checking whether build environment is sane
configure:3027: result: yes
configure:3178: checking for a thread-safe mkdir -p
configure:3217: result: config/install-sh -c -d
configure:3224: checking for gawk
configure:3254: result: no
configure:3224: checking for mawk
configure:3254: result: no
configure:3224: checking for nawk
configure:3254: result: no
configure:3224: checking for awk
configure:3240: found /usr/bin/awk
configure:3251: result: awk
configure:3262: checking whether make sets $(MAKE)
configure:3284: result: yes
configure:3313: checking whether make supports nested variables
configure:3330: result: yes
configure:3466: checking whether make supports nested variables
configure:3483: result: yes
configure:3506: checking for style of include used by make
configure:3534: result: GNU
configure:3605: checking for gcc
configure:3621: found /usr/bin/gcc
configure:3632: result: gcc
configure:3861: checking for C compiler version
configure:3870: gcc --version >&5
Apple LLVM version 4.2 (clang-425.0.28) (based on LLVM 3.2svn)
Target: x86_64-apple-darwin12.2.0
Thread model: posix
Configured with: --prefix=/Applications/Xcode.app/Contents/Developer/usr --with-gxx-include-dir=/usr/include/c++/4.2.1
configure:3881: $? = 0
configure:3870: gcc -v >&5
Configured with: --prefix=/Applications/Xcode.app/Contents/Developer/usr --with-gxx-include-dir=/usr/include/c++/4.2.1
Apple LLVM version 4.2 (clang-425.0.28) (based on LLVM 3.2svn)
Target: x86_64-apple-darwin12.2.0
Thread model: posix
configure:3881: $? = 0
configure:3870: gcc -V >&5
clang: error: argument to '-V' is missing (expected 1 value)
clang: error: no input files
configure:3881: $? = 1
configure:3870: gcc -qversion >&5
clang: error: no input files
configure:3881: $? = 1
configure:3901: checking whether the C compiler works
configure:3923: gcc    conftest.c  >&5
configure:3927: $? = 0
configure:3975: result: yes
configure:3978: checking for C compiler default output file name
configure:3980: result: a.out
configure:3986: checking for suffix of executables
configure:3993: gcc -o conftest    conftest.c  >&5
configure:3997: $? = 0
configure:4019: result: 
configure:4041: checking whether we are cross compiling
configure:4049: gcc -o conftest    conftest.c  >&5
configure:4053: $? = 0
configure:4060: ./conftest
configure:4064: $? = 0
configure:4079: result: no
configure:4084: checking for suffix of object files
configure:4106: gcc -c   conftest.c >&5
configure:4110: $? = 0
configure:4131: result: o
configure:4135: checking whether we are using the GNU C compiler
configure:4154: gcc -c   conftest.c >&5
configure:4154: $? = 0
configure:4163: result: yes
configure:4172: checking whether gcc accepts -g
configure:4192: gcc -c -g  conftest.c >&5
configure:4192: $? = 0
configure:4233: result: yes
configure:4250: checking for gcc option to accept ISO C89
configure:4313: gcc  -c -g -O2  conftest.c >&5
configure:4313: $? = 0
configure:4326: result: none needed
configure:4351: checking whether gcc understands -c and -o together
configure:4373: gcc -c conftest.c -o conftest2.o
configure:4376: $? = 0
configure:4373: gcc -c conftest.c -o conftest2.o
configure:4376: $? = 0
configure:4388: result: yes
configure:4407: checking dependency style of gcc
configure:4518: result: gcc3
configure:4583: checking for ar
configure:4599: found /usr/bin/ar
configure:4610: result: ar
configure:4636: checking the archiver (ar) interface
configure:4652: gcc -c -g -O2  conftest.c >&5
configure:4652: $? = 0
configure:4654: ar cru libconftest.a conftest.o >&5
configure:4657: $? = 0
configure:4685: result: ar
configure:4752: checking how to print strings
configure:4779: result: printf
configure:4800: checking for a sed that does not truncate output
configure:4864: result: /usr/bin/sed
configure:4882: checking for grep that handles long lines and -e
configure:4940: result: /usr/bin/grep
configure:4945: checking for egrep
configure:5007: result: /usr/bin/grep -E
configure:5012: checking for fgrep
configure:5074: result: /usr/bin/grep -F
configure:5109: checking for ld used by gcc
configure:5176: result: /Applications/Xcode.app/Contents/Developer/Toolchains/XcodeDefault.xctoolchain/usr/bin/ld
configure:5183: checking if the linker (/Applications/Xcode.app/Contents/Developer/Toolchains/XcodeDefault.xctoolchain/usr/bin/ld) is GNU ld
configure:5198: result: no
configure:5210: checking for BSD- or MS-compatible name lister (nm)
configure:5259: result: /usr/bin/nm
configure:5389: checking the name lister (/usr/bin/nm) interface
configure:5396: gcc -c -g -O2  conftest.c >&5
configure:5399: /usr/bin/nm "conftest.o"
configure:5402: output
000000000000020c S _some_variable
configure:5409: result: BSD nm
configure:5412: checking whether ln -s works
configure:5416: result: yes
configure:5424: checking the maximum length of command line arguments
configure:5555: result: 196608
configure:5572: checking whether the shell understands some XSI constructs
configure:5582: result: yes
configure:5586: checking whether the shell understands "+="
configure:5592: result: yes
configure:5627: checking how to convert x86_64-apple-darwin12.2.0 file names to x86_64-apple-darwin12.2.0 format
configure:5667: result: func_convert_file_noop
configure:5674: checking how to convert x86_64-apple-darwin12.2.0 file names to toolchain format
configure:5694: result: func_convert_file_noop
configure:5701: checking for /Applications/Xcode.app/Contents/Developer/Toolchains/XcodeDefault.xctoolchain/usr/bin/ld option to reload object files
configure:5708: result: -r
configure:5782: checking for objdump
configure:5812: result: no
configure:5838: checking how to recognize dependent libraries
configure:6036: result: pass_all
configure:6121: checking for dlltool
configure:6151: result: no
configure:6178: checking how to associate runtime and link libraries
configure:6205: result: printf %s\n
configure:6329: checking for archiver @FILE support
configure:6346: gcc -c -g -O2  conftest.c >&5
configure:6346: $? = 0
configure:6349: ar cru libconftest.a @conftest.lst >&5
ar: @conftest.lst: No such file or directory
configure:6352: $? = 1
configure:6372: result: no
configure:6430: checking for strip
configure:6446: found /usr/bin/strip
configure:6457: result: strip
configure:6529: checking for ranlib
configure:6545: found /usr/bin/ranlib
configure:6556: result: ranlib
configure:6658: checking command to parse /usr/bin/nm output from gcc object
configure:6778: gcc -c -g -O2  conftest.c >&5
configure:6781: $? = 0
configure:6785: /usr/bin/nm conftest.o \| sed -n -e 's/^.*[ ]\([BCDEGRST][BCDEGRST]*\)[ ][ ]*\([_A-Za-z][_A-Za-z0-9]*\)$/\1 \2 \2/p' | sed '/ __gnu_lto/d' \> conftest.nm
configure:6788: $? = 0
cannot find nm_test_var in conftest.nm
configure:6778: gcc -c -g -O2  conftest.c >&5
configure:6781: $? = 0
configure:6785: /usr/bin/nm conftest.o \| sed -n -e 's/^.*[ ]\([BCDEGRST][BCDEGRST]*\)[ ][ ]*_\([_A-Za-z][_A-Za-z0-9]*\)$/\1 _\2 \2/p' | sed '/ __gnu_lto/d' \> conftest.nm
configure:6788: $? = 0
configure:6854: gcc -o conftest -g -O2   conftest.c conftstm.o >&5
configure:6857: $? = 0
configure:6895: result: ok
configure:6932: checking for sysroot
configure:6962: result: no
configure:7231: checking for mt
configure:7261: result: no
configure:7281: checking if : is a manifest tool
configure:7287: : '-?'
configure:7295: result: no
configure:7351: checking for dsymutil
configure:7367: found /usr/bin/dsymutil
configure:7378: result: dsymutil
configure:7443: checking for nmedit
configure:7459: found /usr/bin/nmedit
configure:7470: result: nmedit
configure:7535: checking for lipo
configure:7551: found /usr/bin/lipo
configure:7562: result: lipo
configure:7627: checking for otool
configure:7643: found /usr/bin/otool
configure:7654: result: otool
configure:7719: checking for otool64
configure:7749: result: no
configure:7794: checking for -single_module linker flag
gcc -g -O2  -o libconftest.dylib -dynamiclib -Wl,-single_module conftest.c
configure:7827: result: yes
configure:7830: checking for -exported_symbols_list linker flag
configure:7850: gcc -o conftest -g -O2   -Wl,-exported_symbols_list,conftest.sym conftest.c  >&5
configure:7850: $? = 0
configure:7860: result: yes
configure:7863: checking for -force_load linker flag
gcc -g -O2 -c -o conftest.o conftest.c
ar cru libconftest.a conftest.o
ranlib libconftest.a
gcc -g -O2  -o conftest conftest.c -Wl,-force_load,./libconftest.a
configure:7895: result: yes
configure:7937: checking how to run the C preprocessor
configure:7968: gcc -E  conftest.c
configure:7968: $? = 0
configure:7982: gcc -E  conftest.c
conftest.c:11:10: fatal error: 'ac_nonexistent.h' file not found
#include <ac_nonexistent.h>
         ^
1 error generated.
configure:7982: $? = 1
configure: failed program was:
| /* confdefs.h */
| #define PACKAGE_NAME "djvulibre"
| #define PACKAGE_TARNAME "djvulibre"
| #define PACKAGE_VERSION "3.5.27"
| #define PACKAGE_STRING "djvulibre 3.5.27"
| #define PACKAGE_BUGREPORT ""
| #define PACKAGE_URL ""
| #define PACKAGE "djvulibre"
| #define VERSION "3.5.27"
| /* end confdefs.h.  */
| #include <ac_nonexistent.h>
configure:8007: result: gcc -E
configure:8027: gcc -E  conftest.c
configure:8027: $? = 0
configure:8041: gcc -E  conftest.c
conftest.c:11:10: fatal error: 'ac_nonexistent.h' file not found
#include <ac_nonexistent.h>
         ^
1 error generated.
configure:8041: $? = 1
configure: failed program was:
| /* confdefs.h */
| #define PACKAGE_NAME "djvulibre"
| #define PACKAGE_TARNAME "djvulibre"
| #define PACKAGE_VERSION "3.5.27"
| #define PACKAGE_STRING "djvulibre 3.5.27"
| #define PACKAGE_BUGREPORT ""
| #define PACKAGE_URL ""
| #define PACKAGE "djvulibre"
| #define VERSION "3.5.27"
| /* end confdefs.h.  */
| #include <ac_nonexistent.h>
configure:8070: checking for ANSI C header files
configure:8090: gcc -c -g -O2  conftest.c >&5
configure:8090: $? = 0
configure:8163: gcc -o conftest -g -O2   conftest.c  >&5
configure:8163: $? = 0
configure:8163: ./conftest
configure:8163: $? = 0
configure:8174: result: yes
configure:8187: checking for sys/types.h
configure:8187: gcc -c -g -O2  conftest.c >&5
configure:8187: $? = 0
configure:8187: result: yes
configure:8187: checking for sys/stat.h
configure:8187: gcc -c -g -O2  conftest.c >&5
configure:8187: $? = 0
configure:8187: result: yes
configure:8187: checking for stdlib.h
configure:8187: gcc -c -g -O2  conftest.c >&5
configure:8187: $? = 0
configure:8187: result: yes
configure:8187: checking for string.h
configure:8187: gcc -c -g -O2  conftest.c >&5
configure:8187: $? = 0
configure:8187: result: yes
configure:8187: checking for memory.h
configure:8187: gcc -c -g -O2  conftest.c >&5
configure:8187: $? = 0
configure:8187: result: yes
configure:8187: checking for strings.h
configure:8187: gcc -c -g -O2  conftest.c >&5
configure:8187: $? = 0
configure:8187: result: yes
configure:8187: checking for inttypes.h
configure:8187: gcc -c -g -O2  conftest.c >&5
configure:8187: $? = 0
configure:8187: result: yes
configure:8187: checking for stdint.h
configure:8187: gcc -c -g -O2  conftest.c >&5
configure:8187: $? = 0
configure:8187: result: yes
configure:8187: checking for unistd.h
configure:8187: gcc -c -g -O2  conftest.c >&5
configure:8187: $? = 0
configure:8187: result: yes
configure:8201: checking for dlfcn.h
configure:8201: gcc -c -g -O2  conftest.c >&5
configure:8201: $? = 0
configure:8201: result: yes
configure:8704: checking for objdir
configure:8719: result: .libs
configure:8990: checking if gcc supports -fno-rtti -fno-exceptions
configure:9008: gcc -c -g -O2  -fno-rtti -fno-exceptions conftest.c >&5
configure:9012: $? = 0
configure:9025: result: yes
configure:9352: checking for gcc option to produce PIC
configure:9359: result: -fno-common -DPIC
configure:9367: checking if gcc PIC flag -fno-common -DPIC works
configure:9385: gcc -c -g -O2  -fno-common -DPIC -DPIC conftest.c >&5
configure:9389: $? = 0
configure:9402: result: yes
configure:9431: checking if gcc static flag -static works
configure:9459: result: no
configure:9474: checking if gcc supports -c -o file.o
configure:9495: gcc -c -g -O2  -o out/conftest2.o conftest.c >&5
configure:9499: $? = 0
configure:9521: result: yes
configure:9529: checking if gcc supports -c -o file.o
configure:9576: result: yes
configure:9609: checking whether the gcc linker (/Applications/Xcode.app/Contents/Developer/Toolchains/XcodeDefault.xctoolchain/usr/bin/ld) supports shared libraries
configure:10766: result: yes
configure:11006: checking dynamic linker characteristics
configure:11740: result: darwin12.2.0 dyld
configure:11847: checking how to hardcode library paths into programs
configure:11872: result: immediate
configure:12412: checking whether stripping libraries is possible
configure:12426: result: yes
configure:12452: checking if libtool supports shared libraries
configure:12454: result: yes
configure:12457: checking whether to build shared libraries
configure:12478: result: yes
configure:12481: checking whether to build static libraries
configure:12485: result: no
configure:12561: checking whether _WIN32 is declared
configure:12561: gcc -c -g -O2  conftest.c >&5
conftest.c:63:10: error: use of undeclared identifier '_WIN32'
  (void) _WIN32;
         ^
1 error generated.
configure:12561: $? = 1
configure: failed program was:
| /* confdefs.h */
| #define PACKAGE_NAME "djvulibre"
| #define PACKAGE_TARNAME "djvulibre"
| #define PACKAGE_VERSION "3.5.27"
| #define PACKAGE_STRING "djvulibre 3.5.27"
| #define PACKAGE_BUGREPORT ""
| #define PACKAGE_URL ""
| #define PACKAGE "djvulibre"
| #define VERSION "3.5.27"
| #define STDC_HEADERS 1
| #define HAVE_SYS_TYPES_H 1
| #define HAVE_SYS_STAT_H 1
| #define HAVE_STDLIB_H 1
| #define HAVE_STRING_H 1
| #define HAVE_MEMORY_H 1
| #define HAVE_STRINGS_H 1
| #define HAVE_INTTYPES_H 1
| #define HAVE_STDINT_H 1
| #define HAVE_UNISTD_H 1
| #define HAVE_DLFCN_H 1
| #define LT_OBJDIR ".libs/"
| /* end confdefs.h.  */
| #include <stdio.h>
| #ifdef HAVE_SYS_TYPES_H
| # include <sys/types.h>
| #endif
| #ifdef HAVE_SYS_STAT_H
| # include <sys/stat.h>
| #endif
| #ifdef STDC_HEADERS
| # include <stdlib.h>
| # include <stddef.h>
| #else
| # ifdef HAVE_STDLIB_H
| #  include <stdlib.h>
| # endif
| #endif
| #ifdef HAVE_STRING_H
| # if !defined STDC_HEADERS && defined HAVE_MEMORY_H
| #  include <memory.h>
| # endif
| # include <string.h>
| #endif
| #ifdef HAVE_STRINGS_H
| # include <strings.h>
| #endif
| #ifdef HAVE_INTTYPES_H
| # include <inttypes.h>
| #endif
| #ifdef HAVE_STDINT_H
| # include <stdint.h>
| #endif
| #ifdef HAVE_UNISTD_H
| # include <unistd.h>
| #endif
| int
| main ()
| {
| #ifndef _WIN32
| #ifdef __cplusplus
|   (void) _WIN32;
| #else
|   (void) _WIN32;
| #endif
| #endif
| 
|   ;
|   return 0;
| }
configure:12561: result: no
configure:12577: checking whether __APPLE__ is declared
configure:12577: gcc -c -g -O2  conftest.c >&5
configure:12577: $? = 0
configure:12577: result: yes
configure:12599: checking whether make sets $(MAKE)
configure:12621: result: yes
configure:12633: checking whether ln -s works
configure:12637: result: yes
configure:12645: checking for a sed that does not truncate output
configure:12709: result: /usr/bin/sed
configure:12716: checking for touch
configure:12734: found /usr/bin/touch
configure:12746: result: /usr/bin/touch
configure:12756: checking for rsvg-convert
configure:12787: result: false
configure:12797: checking for inkscape
configure:12828: result: false
configure:12838: checking for convert
configure:12869: result: false
configure:12921: checking for rm
configure:12939: found /bin/rm
configure:12951: result: /bin/rm
configure:13010: checking for gcc
configure:13037: result: gcc
configure:13266: checking for C compiler version
configure:13275: gcc --version >&5
Apple LLVM version 4.2 (clang-425.0.28) (based on LLVM 3.2svn)
Target: x86_64-apple-darwin12.2.0
Thread model: posix
Configured with: --prefix=/Applications/Xcode.app/Contents/Developer/usr --with-gxx-include-dir=/usr/include/c++/4.2.1
configure:13286: $? = 0
configure:13275: gcc -v >&5
Configured with: --prefix=/Applications/Xcode.app/Contents/Developer/usr --with-gxx-include-dir=/usr/include/c++/4.2.1
Apple LLVM version 4.2 (clang-425.0.28) (based on LLVM 3.2svn)
Target: x86_64-apple-darwin12.2.0
Thread model: posix
configure:13286: $? = 0
configure:13275: gcc -V >&5
clang: error: argument to '-V' is missing (expected 1 value)
clang: error: no input files
configure:13286: $? = 1
configure:13275: gcc -qversion >&5
clang: error: no input files
configure:13286: $? = 1
configure:13290: checking whether we are using the GNU C compiler
configure:13318: result: yes
configure:13327: checking whether gcc accepts -g
configure:13388: result: yes
configure:13405: checking for gcc option to accept ISO C89
configure:13481: result: none needed
configure:13506: checking whether gcc understands -c and -o together
configure:13543: result: yes
configure:13562: checking dependency style of gcc
configure:13673: result: gcc3
configure:13746: checking for g++
configure:13762: found /usr/bin/g++
configure:13773: result: g++
configure:13800: checking for C++ compiler version
configure:13809: g++ --version >&5
Apple LLVM version 4.2 (clang-425.0.28) (based on LLVM 3.2svn)
Target: x86_64-apple-darwin12.2.0
Thread model: posix
Configured with: --prefix=/Applications/Xcode.app/Contents/Developer/usr --with-gxx-include-dir=/usr/include/c++/4.2.1
configure:13820: $? = 0
configure:13809: g++ -v >&5
Configured with: --prefix=/Applications/Xcode.app/Contents/Developer/usr --with-gxx-include-dir=/usr/include/c++/4.2.1
Apple LLVM version 4.2 (clang-425.0.28) (based on LLVM 3.2svn)
Target: x86_64-apple-darwin12.2.0
Thread model: posix
configure:13820: $? = 0
configure:13809: g++ -V >&5
clang: error: argument to '-V' is missing (expected 1 value)
clang: error: no input files
configure:13820: $? = 1
configure:13809: g++ -qversion >&5
clang: error: no input files
configure:13820: $? = 1
configure:13824: checking whether we are using the GNU C++ compiler
configure:13843: g++ -c   conftest.cpp >&5
configure:13843: $? = 0
configure:13852: result: yes
configure:13861: checking whether g++ accepts -g
configure:13881: g++ -c -g  conftest.cpp >&5
configure:13881: $? = 0
configure:13922: result: yes
configure:13947: checking dependency style of g++
configure:14058: result: gcc3
configure:14091: checking how to run the C++ preprocessor
configure:14118: g++ -E  conftest.cpp
configure:14118: $? = 0
configure:14132: g++ -E  conftest.cpp
conftest.cpp:23:10: fatal error: 'ac_nonexistent.h' file not found
#include <ac_nonexistent.h>
         ^
1 error generated.
configure:14132: $? = 1
configure: failed program was:
| /* confdefs.h */
| #define PACKAGE_NAME "djvulibre"
| #define PACKAGE_TARNAME "djvulibre"
| #define PACKAGE_VERSION "3.5.27"
| #define PACKAGE_STRING "djvulibre 3.5.27"
| #define PACKAGE_BUGREPORT ""
| #define PACKAGE_URL ""
| #define PACKAGE "djvulibre"
| #define VERSION "3.5.27"
| #define STDC_HEADERS 1
| #define HAVE_SYS_TYPES_H 1
| #define HAVE_SYS_STAT_H 1
| #define HAVE_STDLIB_H 1
| #define HAVE_STRING_H 1
| #define HAVE_MEMORY_H 1
| #define HAVE_STRINGS_H 1
| #define HAVE_INTTYPES_H 1
| #define HAVE_STDINT_H 1
| #define HAVE_UNISTD_H 1
| #define HAVE_DLFCN_H 1
| #define LT_OBJDIR ".libs/"
| /* end confdefs.h.  */
| #include <ac_nonexistent.h>
configure:14157: result: g++ -E
configure:14177: g++ -E  conftest.cpp
configure:14177: $? = 0
configure:14191: g++ -E  conftest.cpp
conftest.cpp:23:10: fatal error: 'ac_nonexistent.h' file not found
#include <ac_nonexistent.h>
         ^
1 error generated.
configure:14191: $? = 1
configure: failed program was:
| /* confdefs.h */
| #define PACKAGE_NAME "djvulibre"
| #define PACKAGE_TARNAME "djvulibre"
| #define PACKAGE_VERSION "3.5.27"
| #define PACKAGE_STRING "djvulibre 3.5.27"
| #define PACKAGE_BUGREPORT ""
| #define PACKAGE_URL ""
| #define PACKAGE "djvulibre"
| #define VERSION "3.5.27"
| #define STDC_HEADERS 1
| #define HAVE_SYS_TYPES_H 1
| #define HAVE_SYS_STAT_H 1
| #define HAVE_STDLIB_H 1
| #define HAVE_STRING_H 1
| #define HAVE_MEMORY_H 1
| #define HAVE_STRINGS_H 1
| #define HAVE_INTTYPES_H 1
| #define HAVE_STDINT_H 1
| #define HAVE_UNISTD_H 1
| #define HAVE_DLFCN_H 1
| #define LT_OBJDIR ".libs/"
| /* end confdefs.h.  */
| #include <ac_nonexistent.h>
configure:14360: checking for ld used by g++
configure:14427: result: /Applications/Xcode.app/Contents/Developer/Toolchains/XcodeDefault.xctoolchain/usr/bin/ld
configure:14434: checking if the linker (/Applications/Xcode.app/Contents/Developer/Toolchains/XcodeDefault.xctoolchain/usr/bin/ld) is GNU ld
configure:14449: result: no
configure:14504: checking whether the g++ linker (/Applications/Xcode.app/Contents/Developer/Toolchains/XcodeDefault.xctoolchain/usr/bin/ld) supports shared libraries
configure:15506: result: yes
configure:15542: g++ -c -g -O2  conftest.cpp >&5
configure:15545: $? = 0
configure:16065: checking for g++ option to produce PIC
configure:16072: result: -fno-common -DPIC
configure:16080: checking if g++ PIC flag -fno-common -DPIC works
configure:16098: g++ -c -g -O2  -fno-common -DPIC -DPIC conftest.cpp >&5
configure:16102: $? = 0
configure:16115: result: yes
configure:16138: checking if g++ static flag -static works
configure:16166: result: no
configure:16178: checking if g++ supports -c -o file.o
configure:16199: g++ -c -g -O2  -o out/conftest2.o conftest.cpp >&5
configure:16203: $? = 0
configure:16225: result: yes
configure:16230: checking if g++ supports -c -o file.o
configure:16277: result: yes
configure:16307: checking whether the g++ linker (/Applications/Xcode.app/Contents/Developer/Toolchains/XcodeDefault.xctoolchain/usr/bin/ld) supports shared libraries
configure:16346: result: yes
configure:16487: checking dynamic linker characteristics
configure:17155: result: darwin12.2.0 dyld
configure:17208: checking how to hardcode library paths into programs
configure:17233: result: immediate
configure:17329: checking if g++ accepts -O3
configure:17333: result: yes
configure:17362: checking if g++ accepts -O3
configure:17366: result: yes
configure:17541: checking if g++ accepts -Wall
configure:17545: result: yes
configure:17558: checking if g++ accepts -Wall
configure:17562: result: yes
configure:17588: checking whether the compiler recognizes bool as a built-in type
configure:17617: g++ -c  -g -O3 -Wall -DNDEBUG  conftest.cpp >&5
configure:17617: $? = 0
configure:17631: result: yes
configure:17639: checking whether the compiler supports exceptions
configure:17664: g++ -c  -g -O3 -Wall -DNDEBUG  conftest.cpp >&5
configure:17664: $? = 0
configure:17678: result: yes
configure:17686: checking whether the compiler recognizes typename
configure:17713: g++ -c  -g -O3 -Wall -DNDEBUG  conftest.cpp >&5
configure:17713: $? = 0
configure:17727: result: yes
configure:17735: checking whether the compiler comes with standard includes
configure:17762: g++ -c  -g -O3 -Wall -DNDEBUG  conftest.cpp >&5
configure:17762: $? = 0
configure:17776: result: yes
configure:17784: checking whether the compiler implements namespaces
configure:17811: g++ -c  -g -O3 -Wall -DNDEBUG  conftest.cpp >&5
configure:17811: $? = 0
configure:17825: result: yes
configure:17833: checking whether the compiler supports member templates
configure:17864: g++ -c  -g -O3 -Wall -DNDEBUG  conftest.cpp >&5
configure:17864: $? = 0
configure:17878: result: yes
configure:17886: checking whether the compiler supports intel atomic builtins
configure:17917: g++ -o conftest  -g -O3 -Wall -DNDEBUG   conftest.cpp  >&5
conftest.cpp:39:33: error: cannot initialize a parameter of type 'int' with an rvalue of type 'volatile int *'
__sync_bool_compare_and_swap(&l,&l,1);
                                ^~
1 error generated.
configure:17917: $? = 1
configure: failed program was:
| /* confdefs.h */
| #define PACKAGE_NAME "djvulibre"
| #define PACKAGE_TARNAME "djvulibre"
| #define PACKAGE_VERSION "3.5.27"
| #define PACKAGE_STRING "djvulibre 3.5.27"
| #define PACKAGE_BUGREPORT ""
| #define PACKAGE_URL ""
| #define PACKAGE "djvulibre"
| #define VERSION "3.5.27"
| #define STDC_HEADERS 1
| #define HAVE_SYS_TYPES_H 1
| #define HAVE_SYS_STAT_H 1
| #define HAVE_STDLIB_H 1
| #define HAVE_STRING_H 1
| #define HAVE_MEMORY_H 1
| #define HAVE_STRINGS_H 1
| #define HAVE_INTTYPES_H 1
| #define HAVE_STDINT_H 1
| #define HAVE_UNISTD_H 1
| #define HAVE_DLFCN_H 1
| #define LT_OBJDIR ".libs/"
| #define HAVE_BOOL 1
| #define HAVE_EXCEPTIONS 1
| #define HAVE_TYPENAME 1
| #define HAVE_STDINCLUDES 1
| #define HAVE_NAMESPACES 1
| #define HAVE_MEMBER_TEMPLATES 1
| /* end confdefs.h.  */
| 
| static int volatile l;
| 
| int
| main ()
| {
| 
| __sync_lock_test_and_set(&l,1);
| __sync_lock_release(&l);
| __sync_add_and_fetch(&l,1);
| __sync_bool_compare_and_swap(&l,&l,1);
| __sync_synchronize();
| return 0;
| 
|   ;
|   return 0;
| }
configure:17932: result: no
configure:17940: checking whether the compiler supports keyword __thread
configure:17966: g++ -c  -g -O3 -Wall -DNDEBUG  conftest.cpp >&5
configure:17966: $? = 0
configure:17980: result: yes
configure:17993: checking for sqrt in -lm
configure:18018: g++ -o conftest  -g -O3 -Wall -DNDEBUG   conftest.cpp -lm   >&5
configure:18018: $? = 0
configure:18027: result: yes
configure:18049: checking for dirent.h that defines DIR
configure:18068: g++ -c  -g -O3 -Wall -DNDEBUG  conftest.cpp >&5
configure:18068: $? = 0
configure:18076: result: yes
configure:18089: checking for library containing opendir
configure:18120: g++ -o conftest  -g -O3 -Wall -DNDEBUG   conftest.cpp -lm  >&5
configure:18120: $? = 0
configure:18137: result: none required
configure:18204: checking whether time.h and sys/time.h may both be included
configure:18224: g++ -c  -g -O3 -Wall -DNDEBUG  conftest.cpp >&5
configure:18224: $? = 0
configure:18231: result: yes
configure:18239: checking for sys/wait.h that is POSIX.1 compatible
configure:18265: g++ -c  -g -O3 -Wall -DNDEBUG  conftest.cpp >&5
configure:18265: $? = 0
configure:18272: result: yes
configure:18284: checking wchar.h usability
configure:18284: g++ -c  -g -O3 -Wall -DNDEBUG  conftest.cpp >&5
configure:18284: $? = 0
configure:18284: result: yes
configure:18284: checking wchar.h presence
configure:18284: g++ -E  conftest.cpp
configure:18284: $? = 0
configure:18284: result: yes
configure:18284: checking for wchar.h
configure:18284: result: yes
configure:18284: checking wctype.h usability
configure:18284: g++ -c  -g -O3 -Wall -DNDEBUG  conftest.cpp >&5
configure:18284: $? = 0
configure:18284: result: yes
configure:18284: checking wctype.h presence
configure:18284: g++ -E  conftest.cpp
configure:18284: $? = 0
configure:18284: result: yes
configure:18284: checking for wctype.h
configure:18284: result: yes
configure:18284: checking sys/mman.h usability
configure:18284: g++ -c  -g -O3 -Wall -DNDEBUG  conftest.cpp >&5
configure:18284: $? = 0
configure:18284: result: yes
configure:18284: checking sys/mman.h presence
configure:18284: g++ -E  conftest.cpp
configure:18284: $? = 0
configure:18284: result: yes
configure:18284: checking for sys/mman.h
configure:18284: result: yes
configure:18284: checking iconv.h usability
configure:18284: g++ -c  -g -O3 -Wall -DNDEBUG  conftest.cpp >&5
configure:18284: $? = 0
configure:18284: result: yes
configure:18284: checking iconv.h presence
configure:18284: g++ -E  conftest.cpp
configure:18284: $? = 0
configure:18284: result: yes
configure:18284: checking for iconv.h
configure:18284: result: yes
configure:18284: checking getopt.h usability
configure:18284: g++ -c  -g -O3 -Wall -DNDEBUG  conftest.cpp >&5
configure:18284: $? = 0
configure:18284: result: yes
configure:18284: checking getopt.h presence
configure:18284: g++ -E  conftest.cpp
configure:18284: $? = 0
configure:18284: result: yes
configure:18284: checking for getopt.h
configure:18284: result: yes
configure:18297: checking langinfo.h usability
configure:18297: g++ -c  -g -O3 -Wall -DNDEBUG  conftest.cpp >&5
configure:18297: $? = 0
configure:18297: result: yes
configure:18297: checking langinfo.h presence
configure:18297: g++ -E  conftest.cpp
configure:18297: $? = 0
configure:18297: result: yes
configure:18297: checking for langinfo.h
configure:18297: result: yes
configure:18297: checking sched.h usability
configure:18297: g++ -c  -g -O3 -Wall -DNDEBUG  conftest.cpp >&5
configure:18297: $? = 0
configure:18297: result: yes
configure:18297: checking sched.h presence
configure:18297: g++ -E  conftest.cpp
configure:18297: $? = 0
configure:18297: result: yes
configure:18297: checking for sched.h
configure:18297: result: yes
configure:18297: checking new.h usability
configure:18297: g++ -c  -g -O3 -Wall -DNDEBUG  conftest.cpp >&5
In file included from conftest.cpp:74:
In file included from /usr/include/c++/4.2.1/backward/new.h:33:
/usr/include/c++/4.2.1/backward/backward_warning.h:32:2: warning: This file includes at least one deprecated or antiquated header. Please consider using one of the 32 headers found in section 17.4.1.2 of the C++ standard. Examples include substituting the <X> header for the <X.h> header for C++ includes, or <iostream> instead of the deprecated header <iostream.h>. To disable this warning use -Wno-deprecated. [-W#warnings]
#warning This file includes at least one deprecated or antiquated header. \
 ^
1 warning generated.
configure:18297: $? = 0
configure:18297: result: yes
configure:18297: checking new.h presence
configure:18297: g++ -E  conftest.cpp
In file included from conftest.cpp:41:
In file included from /usr/include/c++/4.2.1/backward/new.h:33:
/usr/include/c++/4.2.1/backward/backward_warning.h:32:2: warning: This file includes at least one deprecated or antiquated header. Please consider using one of the 32 headers found in section 17.4.1.2 of the C++ standard. Examples include substituting the <X> header for the <X.h> header for C++ includes, or <iostream> instead of the deprecated header <iostream.h>. To disable this warning use -Wno-deprecated. [-W#warnings]
#warning This file includes at least one deprecated or antiquated header. \
 ^
1 warning generated.
configure:18297: $? = 0
configure:18297: result: yes
configure:18297: checking for new.h
configure:18297: result: yes
configure:18310: checking for stdint.h
configure:18310: result: yes
configure:18310: checking for inttypes.h
configure:18310: result: yes
configure:18310: checking sys/ipc.h usability
configure:18310: g++ -c  -g -O3 -Wall -DNDEBUG  conftest.cpp >&5
configure:18310: $? = 0
configure:18310: result: yes
configure:18310: checking sys/ipc.h presence
configure:18310: g++ -E  conftest.cpp
configure:18310: $? = 0
configure:18310: result: yes
configure:18310: checking for sys/ipc.h
configure:18310: result: yes
configure:18310: checking sys/shm.h usability
configure:18310: g++ -c  -g -O3 -Wall -DNDEBUG  conftest.cpp >&5
configure:18310: $? = 0
configure:18310: result: yes
configure:18310: checking sys/shm.h presence
configure:18310: g++ -E  conftest.cpp
configure:18310: $? = 0
configure:18310: result: yes
configure:18310: checking for sys/shm.h
configure:18310: result: yes
configure:18325: checking for int16_t
configure:18325: g++ -c  -g -O3 -Wall -DNDEBUG  conftest.cpp >&5
configure:18325: $? = 0
configure:18325: g++ -c  -g -O3 -Wall -DNDEBUG  conftest.cpp >&5
conftest.cpp:83:24: error: 'test_array' declared as an array with a negative size
static int test_array [1 - 2 * !((int16_t) (((((int16_t) 1 << N) << N) - 1) * 2 + 1)
                       ^~~~~~~~~~~~~~~~~~~~~~~~~~~~~~~~~~~~~~~~~~~~~~~~~~~~~~~~~~~~~
1 error generated.
configure:18325: $? = 1
configure: failed program was:
| /* confdefs.h */
| #define PACKAGE_NAME "djvulibre"
| #define PACKAGE_TARNAME "djvulibre"
| #define PACKAGE_VERSION "3.5.27"
| #define PACKAGE_STRING "djvulibre 3.5.27"
| #define PACKAGE_BUGREPORT ""
| #define PACKAGE_URL ""
| #define PACKAGE "djvulibre"
| #define VERSION "3.5.27"
| #define STDC_HEADERS 1
| #define HAVE_SYS_TYPES_H 1
| #define HAVE_SYS_STAT_H 1
| #define HAVE_STDLIB_H 1
| #define HAVE_STRING_H 1
| #define HAVE_MEMORY_H 1
| #define HAVE_STRINGS_H 1
| #define HAVE_INTTYPES_H 1
| #define HAVE_STDINT_H 1
| #define HAVE_UNISTD_H 1
| #define HAVE_DLFCN_H 1
| #define LT_OBJDIR ".libs/"
| #define HAVE_BOOL 1
| #define HAVE_EXCEPTIONS 1
| #define HAVE_TYPENAME 1
| #define HAVE_STDINCLUDES 1
| #define HAVE_NAMESPACES 1
| #define HAVE_MEMBER_TEMPLATES 1
| #define HAVE_GCCTLS 1
| #define HAVE_LIBM 1
| #define HAVE_DIRENT_H 1
| #define TIME_WITH_SYS_TIME 1
| #define HAVE_SYS_WAIT_H 1
| #define HAVE_WCHAR_H 1
| #define HAVE_WCTYPE_H 1
| #define HAVE_SYS_MMAN_H 1
| #define HAVE_ICONV_H 1
| #define HAVE_GETOPT_H 1
| #define HAVE_LANGINFO_H 1
| #define HAVE_SCHED_H 1
| #define HAVE_NEW_H 1
| #define HAVE_STDINT_H 1
| #define HAVE_INTTYPES_H 1
| #define HAVE_SYS_IPC_H 1
| #define HAVE_SYS_SHM_H 1
| /* end confdefs.h.  */
| #include <stdio.h>
| #ifdef HAVE_SYS_TYPES_H
| # include <sys/types.h>
| #endif
| #ifdef HAVE_SYS_STAT_H
| # include <sys/stat.h>
| #endif
| #ifdef STDC_HEADERS
| # include <stdlib.h>
| # include <stddef.h>
| #else
| # ifdef HAVE_STDLIB_H
| #  include <stdlib.h>
| # endif
| #endif
| #ifdef HAVE_STRING_H
| # if !defined STDC_HEADERS && defined HAVE_MEMORY_H
| #  include <memory.h>
| # endif
| # include <string.h>
| #endif
| #ifdef HAVE_STRINGS_H
| # include <strings.h>
| #endif
| #ifdef HAVE_INTTYPES_H
| # include <inttypes.h>
| #endif
| #ifdef HAVE_STDINT_H
| # include <stdint.h>
| #endif
| #ifdef HAVE_UNISTD_H
| # include <unistd.h>
| #endif
| 	        enum { N = 16 / 2 - 1 };
| int
| main ()
| {
| static int test_array [1 - 2 * !((int16_t) (((((int16_t) 1 << N) << N) - 1) * 2 + 1)
| 		 < (int16_t) (((((int16_t) 1 << N) << N) - 1) * 2 + 2))];
| test_array [0] = 0;
| return test_array [0];
| 
|   ;
|   return 0;
| }
configure:18325: result: yes
configure:18336: checking for int32_t
configure:18336: g++ -c  -g -O3 -Wall -DNDEBUG  conftest.cpp >&5
configure:18336: $? = 0
configure:18336: g++ -c  -g -O3 -Wall -DNDEBUG  conftest.cpp >&5
conftest.cpp:83:24: error: 'test_array' declared as an array with a negative size
static int test_array [1 - 2 * !((int32_t) (((((int32_t) 1 << N) << N) - 1) * 2 + 1)
                       ^~~~~~~~~~~~~~~~~~~~~~~~~~~~~~~~~~~~~~~~~~~~~~~~~~~~~~~~~~~~~
1 error generated.
configure:18336: $? = 1
configure: failed program was:
| /* confdefs.h */
| #define PACKAGE_NAME "djvulibre"
| #define PACKAGE_TARNAME "djvulibre"
| #define PACKAGE_VERSION "3.5.27"
| #define PACKAGE_STRING "djvulibre 3.5.27"
| #define PACKAGE_BUGREPORT ""
| #define PACKAGE_URL ""
| #define PACKAGE "djvulibre"
| #define VERSION "3.5.27"
| #define STDC_HEADERS 1
| #define HAVE_SYS_TYPES_H 1
| #define HAVE_SYS_STAT_H 1
| #define HAVE_STDLIB_H 1
| #define HAVE_STRING_H 1
| #define HAVE_MEMORY_H 1
| #define HAVE_STRINGS_H 1
| #define HAVE_INTTYPES_H 1
| #define HAVE_STDINT_H 1
| #define HAVE_UNISTD_H 1
| #define HAVE_DLFCN_H 1
| #define LT_OBJDIR ".libs/"
| #define HAVE_BOOL 1
| #define HAVE_EXCEPTIONS 1
| #define HAVE_TYPENAME 1
| #define HAVE_STDINCLUDES 1
| #define HAVE_NAMESPACES 1
| #define HAVE_MEMBER_TEMPLATES 1
| #define HAVE_GCCTLS 1
| #define HAVE_LIBM 1
| #define HAVE_DIRENT_H 1
| #define TIME_WITH_SYS_TIME 1
| #define HAVE_SYS_WAIT_H 1
| #define HAVE_WCHAR_H 1
| #define HAVE_WCTYPE_H 1
| #define HAVE_SYS_MMAN_H 1
| #define HAVE_ICONV_H 1
| #define HAVE_GETOPT_H 1
| #define HAVE_LANGINFO_H 1
| #define HAVE_SCHED_H 1
| #define HAVE_NEW_H 1
| #define HAVE_STDINT_H 1
| #define HAVE_INTTYPES_H 1
| #define HAVE_SYS_IPC_H 1
| #define HAVE_SYS_SHM_H 1
| /* end confdefs.h.  */
| #include <stdio.h>
| #ifdef HAVE_SYS_TYPES_H
| # include <sys/types.h>
| #endif
| #ifdef HAVE_SYS_STAT_H
| # include <sys/stat.h>
| #endif
| #ifdef STDC_HEADERS
| # include <stdlib.h>
| # include <stddef.h>
| #else
| # ifdef HAVE_STDLIB_H
| #  include <stdlib.h>
| # endif
| #endif
| #ifdef HAVE_STRING_H
| # if !defined STDC_HEADERS && defined HAVE_MEMORY_H
| #  include <memory.h>
| # endif
| # include <string.h>
| #endif
| #ifdef HAVE_STRINGS_H
| # include <strings.h>
| #endif
| #ifdef HAVE_INTTYPES_H
| # include <inttypes.h>
| #endif
| #ifdef HAVE_STDINT_H
| # include <stdint.h>
| #endif
| #ifdef HAVE_UNISTD_H
| # include <unistd.h>
| #endif
| 	        enum { N = 32 / 2 - 1 };
| int
| main ()
| {
| static int test_array [1 - 2 * !((int32_t) (((((int32_t) 1 << N) << N) - 1) * 2 + 1)
| 		 < (int32_t) (((((int32_t) 1 << N) << N) - 1) * 2 + 2))];
| test_array [0] = 0;
| return test_array [0];
| 
|   ;
|   return 0;
| }
configure:18336: result: yes
configure:18347: checking for uint16_t
configure:18347: g++ -c  -g -O3 -Wall -DNDEBUG  conftest.cpp >&5
configure:18347: $? = 0
configure:18347: result: yes
configure:18359: checking for uint32_t
configure:18359: g++ -c  -g -O3 -Wall -DNDEBUG  conftest.cpp >&5
configure:18359: $? = 0
configure:18359: result: yes
configure:18373: checking for wchar_t
configure:18373: g++ -c  -g -O3 -Wall -DNDEBUG  conftest.cpp >&5
configure:18373: $? = 0
configure:18373: g++ -c  -g -O3 -Wall -DNDEBUG  conftest.cpp >&5
conftest.cpp:82:22: error: expected expression
if (sizeof ((wchar_t)))
                     ^
1 error generated.
configure:18373: $? = 1
configure: failed program was:
| /* confdefs.h */
| #define PACKAGE_NAME "djvulibre"
| #define PACKAGE_TARNAME "djvulibre"
| #define PACKAGE_VERSION "3.5.27"
| #define PACKAGE_STRING "djvulibre 3.5.27"
| #define PACKAGE_BUGREPORT ""
| #define PACKAGE_URL ""
| #define PACKAGE "djvulibre"
| #define VERSION "3.5.27"
| #define STDC_HEADERS 1
| #define HAVE_SYS_TYPES_H 1
| #define HAVE_SYS_STAT_H 1
| #define HAVE_STDLIB_H 1
| #define HAVE_STRING_H 1
| #define HAVE_MEMORY_H 1
| #define HAVE_STRINGS_H 1
| #define HAVE_INTTYPES_H 1
| #define HAVE_STDINT_H 1
| #define HAVE_UNISTD_H 1
| #define HAVE_DLFCN_H 1
| #define LT_OBJDIR ".libs/"
| #define HAVE_BOOL 1
| #define HAVE_EXCEPTIONS 1
| #define HAVE_TYPENAME 1
| #define HAVE_STDINCLUDES 1
| #define HAVE_NAMESPACES 1
| #define HAVE_MEMBER_TEMPLATES 1
| #define HAVE_GCCTLS 1
| #define HAVE_LIBM 1
| #define HAVE_DIRENT_H 1
| #define TIME_WITH_SYS_TIME 1
| #define HAVE_SYS_WAIT_H 1
| #define HAVE_WCHAR_H 1
| #define HAVE_WCTYPE_H 1
| #define HAVE_SYS_MMAN_H 1
| #define HAVE_ICONV_H 1
| #define HAVE_GETOPT_H 1
| #define HAVE_LANGINFO_H 1
| #define HAVE_SCHED_H 1
| #define HAVE_NEW_H 1
| #define HAVE_STDINT_H 1
| #define HAVE_INTTYPES_H 1
| #define HAVE_SYS_IPC_H 1
| #define HAVE_SYS_SHM_H 1
| /* end confdefs.h.  */
| #include <stdio.h>
| #ifdef HAVE_SYS_TYPES_H
| # include <sys/types.h>
| #endif
| #ifdef HAVE_SYS_STAT_H
| # include <sys/stat.h>
| #endif
| #ifdef STDC_HEADERS
| # include <stdlib.h>
| # include <stddef.h>
| #else
| # ifdef HAVE_STDLIB_H
| #  include <stdlib.h>
| # endif
| #endif
| #ifdef HAVE_STRING_H
| # if !defined STDC_HEADERS && defined HAVE_MEMORY_H
| #  include <memory.h>
| # endif
| # include <string.h>
| #endif
| #ifdef HAVE_STRINGS_H
| # include <strings.h>
| #endif
| #ifdef HAVE_INTTYPES_H
| # include <inttypes.h>
| #endif
| #ifdef HAVE_STDINT_H
| # include <stdint.h>
| #endif
| #ifdef HAVE_UNISTD_H
| # include <unistd.h>
| #endif
| int
| main ()
| {
| if (sizeof ((wchar_t)))
| 	    return 0;
|   ;
|   return 0;
| }
configure:18373: result: yes
configure:18383: checking for long long int
configure:18383: g++ -c  -g -O3 -Wall -DNDEBUG  conftest.cpp >&5
configure:18383: $? = 0
configure:18383: g++ -c  -g -O3 -Wall -DNDEBUG  conftest.cpp >&5
conftest.cpp:83:28: error: expected expression
if (sizeof ((long long int)))
                           ^
1 error generated.
configure:18383: $? = 1
configure: failed program was:
| /* confdefs.h */
| #define PACKAGE_NAME "djvulibre"
| #define PACKAGE_TARNAME "djvulibre"
| #define PACKAGE_VERSION "3.5.27"
| #define PACKAGE_STRING "djvulibre 3.5.27"
| #define PACKAGE_BUGREPORT ""
| #define PACKAGE_URL ""
| #define PACKAGE "djvulibre"
| #define VERSION "3.5.27"
| #define STDC_HEADERS 1
| #define HAVE_SYS_TYPES_H 1
| #define HAVE_SYS_STAT_H 1
| #define HAVE_STDLIB_H 1
| #define HAVE_STRING_H 1
| #define HAVE_MEMORY_H 1
| #define HAVE_STRINGS_H 1
| #define HAVE_INTTYPES_H 1
| #define HAVE_STDINT_H 1
| #define HAVE_UNISTD_H 1
| #define HAVE_DLFCN_H 1
| #define LT_OBJDIR ".libs/"
| #define HAVE_BOOL 1
| #define HAVE_EXCEPTIONS 1
| #define HAVE_TYPENAME 1
| #define HAVE_STDINCLUDES 1
| #define HAVE_NAMESPACES 1
| #define HAVE_MEMBER_TEMPLATES 1
| #define HAVE_GCCTLS 1
| #define HAVE_LIBM 1
| #define HAVE_DIRENT_H 1
| #define TIME_WITH_SYS_TIME 1
| #define HAVE_SYS_WAIT_H 1
| #define HAVE_WCHAR_H 1
| #define HAVE_WCTYPE_H 1
| #define HAVE_SYS_MMAN_H 1
| #define HAVE_ICONV_H 1
| #define HAVE_GETOPT_H 1
| #define HAVE_LANGINFO_H 1
| #define HAVE_SCHED_H 1
| #define HAVE_NEW_H 1
| #define HAVE_STDINT_H 1
| #define HAVE_INTTYPES_H 1
| #define HAVE_SYS_IPC_H 1
| #define HAVE_SYS_SHM_H 1
| #define HAVE_WCHAR_T 1
| /* end confdefs.h.  */
| #include <stdio.h>
| #ifdef HAVE_SYS_TYPES_H
| # include <sys/types.h>
| #endif
| #ifdef HAVE_SYS_STAT_H
| # include <sys/stat.h>
| #endif
| #ifdef STDC_HEADERS
| # include <stdlib.h>
| # include <stddef.h>
| #else
| # ifdef HAVE_STDLIB_H
| #  include <stdlib.h>
| # endif
| #endif
| #ifdef HAVE_STRING_H
| # if !defined STDC_HEADERS && defined HAVE_MEMORY_H
| #  include <memory.h>
| # endif
| # include <string.h>
| #endif
| #ifdef HAVE_STRINGS_H
| # include <strings.h>
| #endif
| #ifdef HAVE_INTTYPES_H
| # include <inttypes.h>
| #endif
| #ifdef HAVE_STDINT_H
| # include <stdint.h>
| #endif
| #ifdef HAVE_UNISTD_H
| # include <unistd.h>
| #endif
| int
| main ()
| {
| if (sizeof ((long long int)))
| 	    return 0;
|   ;
|   return 0;
| }
configure:18383: result: yes
configure:18393: checking for mbstate_t
configure:18393: g++ -c  -g -O3 -Wall -DNDEBUG  conftest.cpp >&5
configure:18393: $? = 0
configure:18393: g++ -c  -g -O3 -Wall -DNDEBUG  conftest.cpp >&5
conftest.cpp:53:24: error: expected expression
if (sizeof ((mbstate_t)))
                       ^
1 error generated.
configure:18393: $? = 1
configure: failed program was:
| /* confdefs.h */
| #define PACKAGE_NAME "djvulibre"
| #define PACKAGE_TARNAME "djvulibre"
| #define PACKAGE_VERSION "3.5.27"
| #define PACKAGE_STRING "djvulibre 3.5.27"
| #define PACKAGE_BUGREPORT ""
| #define PACKAGE_URL ""
| #define PACKAGE "djvulibre"
| #define VERSION "3.5.27"
| #define STDC_HEADERS 1
| #define HAVE_SYS_TYPES_H 1
| #define HAVE_SYS_STAT_H 1
| #define HAVE_STDLIB_H 1
| #define HAVE_STRING_H 1
| #define HAVE_MEMORY_H 1
| #define HAVE_STRINGS_H 1
| #define HAVE_INTTYPES_H 1
| #define HAVE_STDINT_H 1
| #define HAVE_UNISTD_H 1
| #define HAVE_DLFCN_H 1
| #define LT_OBJDIR ".libs/"
| #define HAVE_BOOL 1
| #define HAVE_EXCEPTIONS 1
| #define HAVE_TYPENAME 1
| #define HAVE_STDINCLUDES 1
| #define HAVE_NAMESPACES 1
| #define HAVE_MEMBER_TEMPLATES 1
| #define HAVE_GCCTLS 1
| #define HAVE_LIBM 1
| #define HAVE_DIRENT_H 1
| #define TIME_WITH_SYS_TIME 1
| #define HAVE_SYS_WAIT_H 1
| #define HAVE_WCHAR_H 1
| #define HAVE_WCTYPE_H 1
| #define HAVE_SYS_MMAN_H 1
| #define HAVE_ICONV_H 1
| #define HAVE_GETOPT_H 1
| #define HAVE_LANGINFO_H 1
| #define HAVE_SCHED_H 1
| #define HAVE_NEW_H 1
| #define HAVE_STDINT_H 1
| #define HAVE_INTTYPES_H 1
| #define HAVE_SYS_IPC_H 1
| #define HAVE_SYS_SHM_H 1
| #define HAVE_WCHAR_T 1
| #define HAVE_LONG_LONG_INT 1
| /* end confdefs.h.  */
| #include "wchar.h"
| 
| int
| main ()
| {
| if (sizeof ((mbstate_t)))
| 	    return 0;
|   ;
|   return 0;
| }
configure:18393: result: yes
configure:18411: checking for special C compiler options needed for large files
configure:18456: result: no
configure:18462: checking for _FILE_OFFSET_BITS value needed for large files
configure:18487: g++ -c  -g -O3 -Wall -DNDEBUG  conftest.cpp >&5
configure:18487: $? = 0
configure:18519: result: no
configure:18615: checking for stdlib.h
configure:18615: result: yes
configure:18615: checking for unistd.h
configure:18615: result: yes
configure:18615: checking for sys/param.h
configure:18615: g++ -c  -g -O3 -Wall -DNDEBUG  conftest.cpp >&5
configure:18615: $? = 0
configure:18615: result: yes
configure:18635: checking for getpagesize
configure:18635: g++ -o conftest  -g -O3 -Wall -DNDEBUG   conftest.cpp -lm  >&5
configure:18635: $? = 0
configure:18635: result: yes
configure:18644: checking for working mmap
configure:18791: g++ -o conftest  -g -O3 -Wall -DNDEBUG   conftest.cpp -lm  >&5
configure:18791: $? = 0
configure:18791: ./conftest
configure:18791: $? = 0
configure:18801: result: yes
configure:18810: checking for pid_t
configure:18810: g++ -c  -g -O3 -Wall -DNDEBUG  conftest.cpp >&5
configure:18810: $? = 0
configure:18810: g++ -c  -g -O3 -Wall -DNDEBUG  conftest.cpp >&5
conftest.cpp:90:20: error: expected expression
if (sizeof ((pid_t)))
                   ^
1 error generated.
configure:18810: $? = 1
configure: failed program was:
| /* confdefs.h */
| #define PACKAGE_NAME "djvulibre"
| #define PACKAGE_TARNAME "djvulibre"
| #define PACKAGE_VERSION "3.5.27"
| #define PACKAGE_STRING "djvulibre 3.5.27"
| #define PACKAGE_BUGREPORT ""
| #define PACKAGE_URL ""
| #define PACKAGE "djvulibre"
| #define VERSION "3.5.27"
| #define STDC_HEADERS 1
| #define HAVE_SYS_TYPES_H 1
| #define HAVE_SYS_STAT_H 1
| #define HAVE_STDLIB_H 1
| #define HAVE_STRING_H 1
| #define HAVE_MEMORY_H 1
| #define HAVE_STRINGS_H 1
| #define HAVE_INTTYPES_H 1
| #define HAVE_STDINT_H 1
| #define HAVE_UNISTD_H 1
| #define HAVE_DLFCN_H 1
| #define LT_OBJDIR ".libs/"
| #define HAVE_BOOL 1
| #define HAVE_EXCEPTIONS 1
| #define HAVE_TYPENAME 1
| #define HAVE_STDINCLUDES 1
| #define HAVE_NAMESPACES 1
| #define HAVE_MEMBER_TEMPLATES 1
| #define HAVE_GCCTLS 1
| #define HAVE_LIBM 1
| #define HAVE_DIRENT_H 1
| #define TIME_WITH_SYS_TIME 1
| #define HAVE_SYS_WAIT_H 1
| #define HAVE_WCHAR_H 1
| #define HAVE_WCTYPE_H 1
| #define HAVE_SYS_MMAN_H 1
| #define HAVE_ICONV_H 1
| #define HAVE_GETOPT_H 1
| #define HAVE_LANGINFO_H 1
| #define HAVE_SCHED_H 1
| #define HAVE_NEW_H 1
| #define HAVE_STDINT_H 1
| #define HAVE_INTTYPES_H 1
| #define HAVE_SYS_IPC_H 1
| #define HAVE_SYS_SHM_H 1
| #define HAVE_WCHAR_T 1
| #define HAVE_LONG_LONG_INT 1
| #define HAVE_MBSTATE_T 1
| #define HAVE_STDLIB_H 1
| #define HAVE_UNISTD_H 1
| #define HAVE_SYS_PARAM_H 1
| #define HAVE_GETPAGESIZE 1
| #define HAVE_MMAP 1
| /* end confdefs.h.  */
| #include <stdio.h>
| #ifdef HAVE_SYS_TYPES_H
| # include <sys/types.h>
| #endif
| #ifdef HAVE_SYS_STAT_H
| # include <sys/stat.h>
| #endif
| #ifdef STDC_HEADERS
| # include <stdlib.h>
| # include <stddef.h>
| #else
| # ifdef HAVE_STDLIB_H
| #  include <stdlib.h>
| # endif
| #endif
| #ifdef HAVE_STRING_H
| # if !defined STDC_HEADERS && defined HAVE_MEMORY_H
| #  include <memory.h>
| # endif
| # include <string.h>
| #endif
| #ifdef HAVE_STRINGS_H
| # include <strings.h>
| #endif
| #ifdef HAVE_INTTYPES_H
| # include <inttypes.h>
| #endif
| #ifdef HAVE_STDINT_H
| # include <stdint.h>
| #endif
| #ifdef HAVE_UNISTD_H
| # include <unistd.h>
| #endif
| int
| main ()
| {
| if (sizeof ((pid_t)))
| 	    return 0;
|   ;
|   return 0;
| }
configure:18810: result: yes
configure:18823: checking vfork.h usability
configure:18823: g++ -c  -g -O3 -Wall -DNDEBUG  conftest.cpp >&5
conftest.cpp:87:10: fatal error: 'vfork.h' file not found
#include <vfork.h>
         ^
1 error generated.
configure:18823: $? = 1
configure: failed program was:
| /* confdefs.h */
| #define PACKAGE_NAME "djvulibre"
| #define PACKAGE_TARNAME "djvulibre"
| #define PACKAGE_VERSION "3.5.27"
| #define PACKAGE_STRING "djvulibre 3.5.27"
| #define PACKAGE_BUGREPORT ""
| #define PACKAGE_URL ""
| #define PACKAGE "djvulibre"
| #define VERSION "3.5.27"
| #define STDC_HEADERS 1
| #define HAVE_SYS_TYPES_H 1
| #define HAVE_SYS_STAT_H 1
| #define HAVE_STDLIB_H 1
| #define HAVE_STRING_H 1
| #define HAVE_MEMORY_H 1
| #define HAVE_STRINGS_H 1
| #define HAVE_INTTYPES_H 1
| #define HAVE_STDINT_H 1
| #define HAVE_UNISTD_H 1
| #define HAVE_DLFCN_H 1
| #define LT_OBJDIR ".libs/"
| #define HAVE_BOOL 1
| #define HAVE_EXCEPTIONS 1
| #define HAVE_TYPENAME 1
| #define HAVE_STDINCLUDES 1
| #define HAVE_NAMESPACES 1
| #define HAVE_MEMBER_TEMPLATES 1
| #define HAVE_GCCTLS 1
| #define HAVE_LIBM 1
| #define HAVE_DIRENT_H 1
| #define TIME_WITH_SYS_TIME 1
| #define HAVE_SYS_WAIT_H 1
| #define HAVE_WCHAR_H 1
| #define HAVE_WCTYPE_H 1
| #define HAVE_SYS_MMAN_H 1
| #define HAVE_ICONV_H 1
| #define HAVE_GETOPT_H 1
| #define HAVE_LANGINFO_H 1
| #define HAVE_SCHED_H 1
| #define HAVE_NEW_H 1
| #define HAVE_STDINT_H 1
| #define HAVE_INTTYPES_H 1
| #define HAVE_SYS_IPC_H 1
| #define HAVE_SYS_SHM_H 1
| #define HAVE_WCHAR_T 1
| #define HAVE_LONG_LONG_INT 1
| #define HAVE_MBSTATE_T 1
| #define HAVE_STDLIB_H 1
| #define HAVE_UNISTD_H 1
| #define HAVE_SYS_PARAM_H 1
| #define HAVE_GETPAGESIZE 1
| #define HAVE_MMAP 1
| /* end confdefs.h.  */
| #include <stdio.h>
| #ifdef HAVE_SYS_TYPES_H
| # include <sys/types.h>
| #endif
| #ifdef HAVE_SYS_STAT_H
| # include <sys/stat.h>
| #endif
| #ifdef STDC_HEADERS
| # include <stdlib.h>
| # include <stddef.h>
| #else
| # ifdef HAVE_STDLIB_H
| #  include <stdlib.h>
| # endif
| #endif
| #ifdef HAVE_STRING_H
| # if !defined STDC_HEADERS && defined HAVE_MEMORY_H
| #  include <memory.h>
| # endif
| # include <string.h>
| #endif
| #ifdef HAVE_STRINGS_H
| # include <strings.h>
| #endif
| #ifdef HAVE_INTTYPES_H
| # include <inttypes.h>
| #endif
| #ifdef HAVE_STDINT_H
| # include <stdint.h>
| #endif
| #ifdef HAVE_UNISTD_H
| # include <unistd.h>
| #endif
| #include <vfork.h>
configure:18823: result: no
configure:18823: checking vfork.h presence
configure:18823: g++ -E  conftest.cpp
conftest.cpp:54:10: fatal error: 'vfork.h' file not found
#include <vfork.h>
         ^
1 error generated.
configure:18823: $? = 1
configure: failed program was:
| /* confdefs.h */
| #define PACKAGE_NAME "djvulibre"
| #define PACKAGE_TARNAME "djvulibre"
| #define PACKAGE_VERSION "3.5.27"
| #define PACKAGE_STRING "djvulibre 3.5.27"
| #define PACKAGE_BUGREPORT ""
| #define PACKAGE_URL ""
| #define PACKAGE "djvulibre"
| #define VERSION "3.5.27"
| #define STDC_HEADERS 1
| #define HAVE_SYS_TYPES_H 1
| #define HAVE_SYS_STAT_H 1
| #define HAVE_STDLIB_H 1
| #define HAVE_STRING_H 1
| #define HAVE_MEMORY_H 1
| #define HAVE_STRINGS_H 1
| #define HAVE_INTTYPES_H 1
| #define HAVE_STDINT_H 1
| #define HAVE_UNISTD_H 1
| #define HAVE_DLFCN_H 1
| #define LT_OBJDIR ".libs/"
| #define HAVE_BOOL 1
| #define HAVE_EXCEPTIONS 1
| #define HAVE_TYPENAME 1
| #define HAVE_STDINCLUDES 1
| #define HAVE_NAMESPACES 1
| #define HAVE_MEMBER_TEMPLATES 1
| #define HAVE_GCCTLS 1
| #define HAVE_LIBM 1
| #define HAVE_DIRENT_H 1
| #define TIME_WITH_SYS_TIME 1
| #define HAVE_SYS_WAIT_H 1
| #define HAVE_WCHAR_H 1
| #define HAVE_WCTYPE_H 1
| #define HAVE_SYS_MMAN_H 1
| #define HAVE_ICONV_H 1
| #define HAVE_GETOPT_H 1
| #define HAVE_LANGINFO_H 1
| #define HAVE_SCHED_H 1
| #define HAVE_NEW_H 1
| #define HAVE_STDINT_H 1
| #define HAVE_INTTYPES_H 1
| #define HAVE_SYS_IPC_H 1
| #define HAVE_SYS_SHM_H 1
| #define HAVE_WCHAR_T 1
| #define HAVE_LONG_LONG_INT 1
| #define HAVE_MBSTATE_T 1
| #define HAVE_STDLIB_H 1
| #define HAVE_UNISTD_H 1
| #define HAVE_SYS_PARAM_H 1
| #define HAVE_GETPAGESIZE 1
| #define HAVE_MMAP 1
| /* end confdefs.h.  */
| #include <vfork.h>
configure:18823: result: no
configure:18823: checking for vfork.h
configure:18823: result: no
configure:18836: checking for fork
configure:18836: g++ -o conftest  -g -O3 -Wall -DNDEBUG   conftest.cpp -lm  >&5
configure:18836: $? = 0
configure:18836: result: yes
configure:18836: checking for vfork
configure:18836: g++ -o conftest  -g -O3 -Wall -DNDEBUG   conftest.cpp -lm  >&5
configure:18836: $? = 0
configure:18836: result: yes
configure:18846: checking for working fork
configure:18868: g++ -o conftest  -g -O3 -Wall -DNDEBUG   conftest.cpp -lm  >&5
configure:18868: $? = 0
configure:18868: ./conftest
configure:18868: $? = 0
configure:18878: result: yes
configure:18899: checking for working vfork
configure:19009: result: yes
configure:19034: checking for _LARGEFILE_SOURCE value needed for large files
configure:19053: g++ -o conftest  -g -O3 -Wall -DNDEBUG   conftest.cpp -lm  >&5
configure:19053: $? = 0
configure:19081: result: no
configure:19105: checking for wcrtomb
configure:19105: g++ -o conftest  -g -O3 -Wall -DNDEBUG   conftest.cpp -lm  >&5
configure:19105: $? = 0
configure:19105: result: yes
configure:19105: checking for iswspace
configure:19105: g++ -o conftest  -g -O3 -Wall -DNDEBUG   conftest.cpp -lm  >&5
configure:19105: $? = 0
configure:19105: result: yes
configure:19105: checking for setenv
configure:19105: g++ -o conftest  -g -O3 -Wall -DNDEBUG   conftest.cpp -lm  >&5
configure:19105: $? = 0
configure:19105: result: yes
configure:19105: checking for nl_langinfo
configure:19105: g++ -o conftest  -g -O3 -Wall -DNDEBUG   conftest.cpp -lm  >&5
configure:19105: $? = 0
configure:19105: result: yes
configure:19117: checking for putc_unlocked
configure:19117: g++ -o conftest  -g -O3 -Wall -DNDEBUG   conftest.cpp -lm  >&5
configure:19117: $? = 0
configure:19117: result: yes
configure:19117: checking for strerror
configure:19117: g++ -o conftest  -g -O3 -Wall -DNDEBUG   conftest.cpp -lm  >&5
configure:19117: $? = 0
configure:19117: result: yes
configure:19117: checking for vsnprintf
configure:19117: g++ -o conftest  -g -O3 -Wall -DNDEBUG   conftest.cpp -lm  >&5
configure:19117: $? = 0
configure:19117: result: yes
configure:19129: checking for gethostname
configure:19129: g++ -o conftest  -g -O3 -Wall -DNDEBUG   conftest.cpp -lm  >&5
configure:19129: $? = 0
configure:19129: result: yes
configure:19129: checking for strftime
configure:19129: g++ -o conftest  -g -O3 -Wall -DNDEBUG   conftest.cpp -lm  >&5
configure:19129: $? = 0
configure:19129: result: yes
configure:19129: checking for getpwuid
configure:19129: g++ -o conftest  -g -O3 -Wall -DNDEBUG   conftest.cpp -lm  >&5
configure:19129: $? = 0
configure:19129: result: yes
configure:19141: checking for sigaction
configure:19141: g++ -o conftest  -g -O3 -Wall -DNDEBUG   conftest.cpp -lm  >&5
configure:19141: $? = 0
configure:19141: result: yes
configure:19141: checking for mkstemp
configure:19141: g++ -o conftest  -g -O3 -Wall -DNDEBUG   conftest.cpp -lm  >&5
configure:19141: $? = 0
configure:19141: result: yes
configure:19141: checking for sched_yield
configure:19141: g++ -o conftest  -g -O3 -Wall -DNDEBUG   conftest.cpp -lm  >&5
configure:19141: $? = 0
configure:19141: result: yes
configure:19152: checking for iconv
configure:19172: gcc -o conftest  -g -O3 -Wall -DNDEBUG   conftest.c -lm  >&5
Undefined symbols for architecture x86_64:
  "_iconv", referenced from:
      _main in conftest-wodux4.o
ld: symbol(s) not found for architecture x86_64
clang: error: linker command failed with exit code 1 (use -v to see invocation)
configure:19172: $? = 1
configure: failed program was:
| /* confdefs.h */
| #define PACKAGE_NAME "djvulibre"
| #define PACKAGE_TARNAME "djvulibre"
| #define PACKAGE_VERSION "3.5.27"
| #define PACKAGE_STRING "djvulibre 3.5.27"
| #define PACKAGE_BUGREPORT ""
| #define PACKAGE_URL ""
| #define PACKAGE "djvulibre"
| #define VERSION "3.5.27"
| #define STDC_HEADERS 1
| #define HAVE_SYS_TYPES_H 1
| #define HAVE_SYS_STAT_H 1
| #define HAVE_STDLIB_H 1
| #define HAVE_STRING_H 1
| #define HAVE_MEMORY_H 1
| #define HAVE_STRINGS_H 1
| #define HAVE_INTTYPES_H 1
| #define HAVE_STDINT_H 1
| #define HAVE_UNISTD_H 1
| #define HAVE_DLFCN_H 1
| #define LT_OBJDIR ".libs/"
| #define HAVE_BOOL 1
| #define HAVE_EXCEPTIONS 1
| #define HAVE_TYPENAME 1
| #define HAVE_STDINCLUDES 1
| #define HAVE_NAMESPACES 1
| #define HAVE_MEMBER_TEMPLATES 1
| #define HAVE_GCCTLS 1
| #define HAVE_LIBM 1
| #define HAVE_DIRENT_H 1
| #define TIME_WITH_SYS_TIME 1
| #define HAVE_SYS_WAIT_H 1
| #define HAVE_WCHAR_H 1
| #define HAVE_WCTYPE_H 1
| #define HAVE_SYS_MMAN_H 1
| #define HAVE_ICONV_H 1
| #define HAVE_GETOPT_H 1
| #define HAVE_LANGINFO_H 1
| #define HAVE_SCHED_H 1
| #define HAVE_NEW_H 1
| #define HAVE_STDINT_H 1
| #define HAVE_INTTYPES_H 1
| #define HAVE_SYS_IPC_H 1
| #define HAVE_SYS_SHM_H 1
| #define HAVE_WCHAR_T 1
| #define HAVE_LONG_LONG_INT 1
| #define HAVE_MBSTATE_T 1
| #define HAVE_STDLIB_H 1
| #define HAVE_UNISTD_H 1
| #define HAVE_SYS_PARAM_H 1
| #define HAVE_GETPAGESIZE 1
| #define HAVE_MMAP 1
| #define HAVE_FORK 1
| #define HAVE_VFORK 1
| #define HAVE_WORKING_VFORK 1
| #define HAVE_WORKING_FORK 1
| #define HAVE_FSEEKO 1
| #define HAVE_WCRTOMB 1
| #define HAVE_ISWSPACE 1
| #define HAVE_SETENV 1
| #define HAVE_NL_LANGINFO 1
| #define HAVE_PUTC_UNLOCKED 1
| #define HAVE_STRERROR 1
| #define HAVE_VSNPRINTF 1
| #define HAVE_GETHOSTNAME 1
| #define HAVE_STRFTIME 1
| #define HAVE_GETPWUID 1
| #define HAVE_SIGACTION 1
| #define HAVE_MKSTEMP 1
| #define HAVE_SCHED_YIELD 1
| /* end confdefs.h.  */
| #include "iconv.h"
| int
| main ()
| {
| iconv((iconv_t)0, (char**)0, (size_t*)0, (char**)0, (size_t*)0);
|   ;
|   return 0;
| }
configure:19177: result: no
configure:19205: checking pthread.h usability
configure:19205: g++ -c  -g -O3 -Wall -DNDEBUG  conftest.cpp >&5
configure:19205: $? = 0
configure:19205: result: yes
configure:19205: checking pthread.h presence
configure:19205: g++ -E  conftest.cpp
configure:19205: $? = 0
configure:19205: result: yes
configure:19205: checking for pthread.h
configure:19205: result: yes
configure:19341: checking for the pthreads library -lpthreads
configure:19378: g++ -o conftest  -g -O3 -Wall -DNDEBUG    conftest.cpp -lpthreads -lm  >&5
conftest.cpp:79:28: warning: variable 'th' is uninitialized when used here [-Wuninitialized]
pthread_t th; pthread_join(th, 0);
                           ^~
conftest.cpp:79:13: note: initialize the variable 'th' to silence this warning
pthread_t th; pthread_join(th, 0);
            ^
             = NULL
1 warning generated.
ld: library not found for -lpthreads
clang: error: linker command failed with exit code 1 (use -v to see invocation)
configure:19378: $? = 1
configure: failed program was:
| /* confdefs.h */
| #define PACKAGE_NAME "djvulibre"
| #define PACKAGE_TARNAME "djvulibre"
| #define PACKAGE_VERSION "3.5.27"
| #define PACKAGE_STRING "djvulibre 3.5.27"
| #define PACKAGE_BUGREPORT ""
| #define PACKAGE_URL ""
| #define PACKAGE "djvulibre"
| #define VERSION "3.5.27"
| #define STDC_HEADERS 1
| #define HAVE_SYS_TYPES_H 1
| #define HAVE_SYS_STAT_H 1
| #define HAVE_STDLIB_H 1
| #define HAVE_STRING_H 1
| #define HAVE_MEMORY_H 1
| #define HAVE_STRINGS_H 1
| #define HAVE_INTTYPES_H 1
| #define HAVE_STDINT_H 1
| #define HAVE_UNISTD_H 1
| #define HAVE_DLFCN_H 1
| #define LT_OBJDIR ".libs/"
| #define HAVE_BOOL 1
| #define HAVE_EXCEPTIONS 1
| #define HAVE_TYPENAME 1
| #define HAVE_STDINCLUDES 1
| #define HAVE_NAMESPACES 1
| #define HAVE_MEMBER_TEMPLATES 1
| #define HAVE_GCCTLS 1
| #define HAVE_LIBM 1
| #define HAVE_DIRENT_H 1
| #define TIME_WITH_SYS_TIME 1
| #define HAVE_SYS_WAIT_H 1
| #define HAVE_WCHAR_H 1
| #define HAVE_WCTYPE_H 1
| #define HAVE_SYS_MMAN_H 1
| #define HAVE_ICONV_H 1
| #define HAVE_GETOPT_H 1
| #define HAVE_LANGINFO_H 1
| #define HAVE_SCHED_H 1
| #define HAVE_NEW_H 1
| #define HAVE_STDINT_H 1
| #define HAVE_INTTYPES_H 1
| #define HAVE_SYS_IPC_H 1
| #define HAVE_SYS_SHM_H 1
| #define HAVE_WCHAR_T 1
| #define HAVE_LONG_LONG_INT 1
| #define HAVE_MBSTATE_T 1
| #define HAVE_STDLIB_H 1
| #define HAVE_UNISTD_H 1
| #define HAVE_SYS_PARAM_H 1
| #define HAVE_GETPAGESIZE 1
| #define HAVE_MMAP 1
| #define HAVE_FORK 1
| #define HAVE_VFORK 1
| #define HAVE_WORKING_VFORK 1
| #define HAVE_WORKING_FORK 1
| #define HAVE_FSEEKO 1
| #define HAVE_WCRTOMB 1
| #define HAVE_ISWSPACE 1
| #define HAVE_SETENV 1
| #define HAVE_NL_LANGINFO 1
| #define HAVE_PUTC_UNLOCKED 1
| #define HAVE_STRERROR 1
| #define HAVE_VSNPRINTF 1
| #define HAVE_GETHOSTNAME 1
| #define HAVE_STRFTIME 1
| #define HAVE_GETPWUID 1
| #define HAVE_SIGACTION 1
| #define HAVE_MKSTEMP 1
| #define HAVE_SCHED_YIELD 1
| /* end confdefs.h.  */
| 
| #include <pthread.h>
| 
| int
| main ()
| {
| 
| pthread_t th; pthread_join(th, 0);
| pthread_attr_init(0); pthread_cleanup_push(0, 0);
| pthread_create(0,0,0,0); pthread_cleanup_pop(0);
| 
|   ;
|   return 0;
| }
configure:19388: result: no
configure:19311: checking whether pthreads work without any flags
configure:19378: g++ -o conftest  -g -O3 -Wall -DNDEBUG    conftest.cpp  -lm  >&5
conftest.cpp:79:28: warning: variable 'th' is uninitialized when used here [-Wuninitialized]
pthread_t th; pthread_join(th, 0);
                           ^~
conftest.cpp:79:13: note: initialize the variable 'th' to silence this warning
pthread_t th; pthread_join(th, 0);
            ^
             = NULL
1 warning generated.
configure:19378: $? = 0
configure:19388: result: yes
configure:19405: checking if more special flags are required for pthreads
configure:19412: result: no
configure:19457: checking for jpeg library
configure:19487: g++ -o conftest  -g -O3 -Wall -DNDEBUG    conftest.cpp -lm  -ljpeg >&5
conftest.cpp:78:10: fatal error: 'jpeglib.h' file not found
#include <jpeglib.h>
         ^
1 error generated.
configure:19487: $? = 1
configure: failed program was:
| /* confdefs.h */
| #define PACKAGE_NAME "djvulibre"
| #define PACKAGE_TARNAME "djvulibre"
| #define PACKAGE_VERSION "3.5.27"
| #define PACKAGE_STRING "djvulibre 3.5.27"
| #define PACKAGE_BUGREPORT ""
| #define PACKAGE_URL ""
| #define PACKAGE "djvulibre"
| #define VERSION "3.5.27"
| #define STDC_HEADERS 1
| #define HAVE_SYS_TYPES_H 1
| #define HAVE_SYS_STAT_H 1
| #define HAVE_STDLIB_H 1
| #define HAVE_STRING_H 1
| #define HAVE_MEMORY_H 1
| #define HAVE_STRINGS_H 1
| #define HAVE_INTTYPES_H 1
| #define HAVE_STDINT_H 1
| #define HAVE_UNISTD_H 1
| #define HAVE_DLFCN_H 1
| #define LT_OBJDIR ".libs/"
| #define HAVE_BOOL 1
| #define HAVE_EXCEPTIONS 1
| #define HAVE_TYPENAME 1
| #define HAVE_STDINCLUDES 1
| #define HAVE_NAMESPACES 1
| #define HAVE_MEMBER_TEMPLATES 1
| #define HAVE_GCCTLS 1
| #define HAVE_LIBM 1
| #define HAVE_DIRENT_H 1
| #define TIME_WITH_SYS_TIME 1
| #define HAVE_SYS_WAIT_H 1
| #define HAVE_WCHAR_H 1
| #define HAVE_WCTYPE_H 1
| #define HAVE_SYS_MMAN_H 1
| #define HAVE_ICONV_H 1
| #define HAVE_GETOPT_H 1
| #define HAVE_LANGINFO_H 1
| #define HAVE_SCHED_H 1
| #define HAVE_NEW_H 1
| #define HAVE_STDINT_H 1
| #define HAVE_INTTYPES_H 1
| #define HAVE_SYS_IPC_H 1
| #define HAVE_SYS_SHM_H 1
| #define HAVE_WCHAR_T 1
| #define HAVE_LONG_LONG_INT 1
| #define HAVE_MBSTATE_T 1
| #define HAVE_STDLIB_H 1
| #define HAVE_UNISTD_H 1
| #define HAVE_SYS_PARAM_H 1
| #define HAVE_GETPAGESIZE 1
| #define HAVE_MMAP 1
| #define HAVE_FORK 1
| #define HAVE_VFORK 1
| #define HAVE_WORKING_VFORK 1
| #define HAVE_WORKING_FORK 1
| #define HAVE_FSEEKO 1
| #define HAVE_WCRTOMB 1
| #define HAVE_ISWSPACE 1
| #define HAVE_SETENV 1
| #define HAVE_NL_LANGINFO 1
| #define HAVE_PUTC_UNLOCKED 1
| #define HAVE_STRERROR 1
| #define HAVE_VSNPRINTF 1
| #define HAVE_GETHOSTNAME 1
| #define HAVE_STRFTIME 1
| #define HAVE_GETPWUID 1
| #define HAVE_SIGACTION 1
| #define HAVE_MKSTEMP 1
| #define HAVE_SCHED_YIELD 1
| #define HAVE_PTHREAD 1
| /* end confdefs.h.  */
| 
| #ifdef __cplusplus
| extern "C" {
| #endif
| #include <stdio.h>
| #include <jpeglib.h>
| #ifdef __cplusplus
| }
| #endif
| 
| int
| main ()
| {
| 
| jpeg_CreateDecompress(0,0,0);
| 
|   ;
|   return 0;
| }
configure:19497: result: no
configure:19511: checking for libjpeg
configure:19513: result: no
configure:19538: checking for the libtiff library
configure:19568: g++ -o conftest  -g -O3 -Wall -DNDEBUG    conftest.cpp -lm  -ltiff >&5
conftest.cpp:78:10: fatal error: 'tiffio.h' file not found
#include <tiffio.h>
         ^
1 error generated.
configure:19568: $? = 1
configure: failed program was:
| /* confdefs.h */
| #define PACKAGE_NAME "djvulibre"
| #define PACKAGE_TARNAME "djvulibre"
| #define PACKAGE_VERSION "3.5.27"
| #define PACKAGE_STRING "djvulibre 3.5.27"
| #define PACKAGE_BUGREPORT ""
| #define PACKAGE_URL ""
| #define PACKAGE "djvulibre"
| #define VERSION "3.5.27"
| #define STDC_HEADERS 1
| #define HAVE_SYS_TYPES_H 1
| #define HAVE_SYS_STAT_H 1
| #define HAVE_STDLIB_H 1
| #define HAVE_STRING_H 1
| #define HAVE_MEMORY_H 1
| #define HAVE_STRINGS_H 1
| #define HAVE_INTTYPES_H 1
| #define HAVE_STDINT_H 1
| #define HAVE_UNISTD_H 1
| #define HAVE_DLFCN_H 1
| #define LT_OBJDIR ".libs/"
| #define HAVE_BOOL 1
| #define HAVE_EXCEPTIONS 1
| #define HAVE_TYPENAME 1
| #define HAVE_STDINCLUDES 1
| #define HAVE_NAMESPACES 1
| #define HAVE_MEMBER_TEMPLATES 1
| #define HAVE_GCCTLS 1
| #define HAVE_LIBM 1
| #define HAVE_DIRENT_H 1
| #define TIME_WITH_SYS_TIME 1
| #define HAVE_SYS_WAIT_H 1
| #define HAVE_WCHAR_H 1
| #define HAVE_WCTYPE_H 1
| #define HAVE_SYS_MMAN_H 1
| #define HAVE_ICONV_H 1
| #define HAVE_GETOPT_H 1
| #define HAVE_LANGINFO_H 1
| #define HAVE_SCHED_H 1
| #define HAVE_NEW_H 1
| #define HAVE_STDINT_H 1
| #define HAVE_INTTYPES_H 1
| #define HAVE_SYS_IPC_H 1
| #define HAVE_SYS_SHM_H 1
| #define HAVE_WCHAR_T 1
| #define HAVE_LONG_LONG_INT 1
| #define HAVE_MBSTATE_T 1
| #define HAVE_STDLIB_H 1
| #define HAVE_UNISTD_H 1
| #define HAVE_SYS_PARAM_H 1
| #define HAVE_GETPAGESIZE 1
| #define HAVE_MMAP 1
| #define HAVE_FORK 1
| #define HAVE_VFORK 1
| #define HAVE_WORKING_VFORK 1
| #define HAVE_WORKING_FORK 1
| #define HAVE_FSEEKO 1
| #define HAVE_WCRTOMB 1
| #define HAVE_ISWSPACE 1
| #define HAVE_SETENV 1
| #define HAVE_NL_LANGINFO 1
| #define HAVE_PUTC_UNLOCKED 1
| #define HAVE_STRERROR 1
| #define HAVE_VSNPRINTF 1
| #define HAVE_GETHOSTNAME 1
| #define HAVE_STRFTIME 1
| #define HAVE_GETPWUID 1
| #define HAVE_SIGACTION 1
| #define HAVE_MKSTEMP 1
| #define HAVE_SCHED_YIELD 1
| #define HAVE_PTHREAD 1
| /* end confdefs.h.  */
| 
| #ifdef __cplusplus
| extern "C" {
| #endif
| #include <stdio.h>
| #include <tiffio.h>
| #ifdef __cplusplus
| }
| #endif
| 
| int
| main ()
| {
| 
| TIFFOpen(0,0);
| 
|   ;
|   return 0;
| }
configure:19578: result: no
configure:19592: checking for libtiff
configure:19594: result: no
configure:19781: checking that generated files are newer than configure
configure:19787: result: done
configure:19846: creating ./config.status

## ---------------------- ##
## Running config.status. ##
## ---------------------- ##

This file was extended by djvulibre config.status 3.5.27, which was
generated by GNU Autoconf 2.69.  Invocation command line was

  CONFIG_FILES    = 
  CONFIG_HEADERS  = 
  CONFIG_LINKS    = 
  CONFIG_COMMANDS = 
  $ ./config.status 

on 46-126-124-91.dynamic.hispeed.ch

config.status:1225: creating Makefile
config.status:1225: creating libdjvu/Makefile
config.status:1225: creating tools/Makefile
config.status:1225: creating xmltools/Makefile
config.status:1225: creating share/Makefile
config.status:1225: creating desktopfiles/Makefile
config.status:1225: creating config.h
config.status:1454: executing depfiles commands
config.status:1454: executing libtool commands

## ---------------- ##
## Cache variables. ##
## ---------------- ##

ac_cv_build=x86_64-apple-darwin12.2.0
ac_cv_c_compiler_gnu=yes
ac_cv_c_int16_t=yes
ac_cv_c_int32_t=yes
ac_cv_c_uint16_t=yes
ac_cv_c_uint32_t=yes
ac_cv_cxx_bool=yes
ac_cv_cxx_compiler_gnu=yes
ac_cv_cxx_exceptions=yes
ac_cv_cxx_gcctls=yes
ac_cv_cxx_intel_atomic_builtins=no
ac_cv_cxx_member_templates=yes
ac_cv_cxx_namespaces=yes
ac_cv_cxx_stdincludes=yes
ac_cv_cxx_typename=yes
ac_cv_env_CCC_set=
ac_cv_env_CCC_value=
ac_cv_env_CC_set=
ac_cv_env_CC_value=
ac_cv_env_CFLAGS_set=
ac_cv_env_CFLAGS_value=
ac_cv_env_CPPFLAGS_set=
ac_cv_env_CPPFLAGS_value=
ac_cv_env_CPP_set=
ac_cv_env_CPP_value=
ac_cv_env_CXXCPP_set=
ac_cv_env_CXXCPP_value=
ac_cv_env_CXXFLAGS_set=
ac_cv_env_CXXFLAGS_value=
ac_cv_env_CXX_set=
ac_cv_env_CXX_value=
ac_cv_env_JPEG_CFLAGS_set=
ac_cv_env_JPEG_CFLAGS_value=
ac_cv_env_JPEG_LIBS_set=
ac_cv_env_JPEG_LIBS_value=
ac_cv_env_LDFLAGS_set=
ac_cv_env_LDFLAGS_value=
ac_cv_env_LIBS_set=
ac_cv_env_LIBS_value=
ac_cv_env_PTHREAD_CFLAGS_set=
ac_cv_env_PTHREAD_CFLAGS_value=
ac_cv_env_PTHREAD_LIBS_set=
ac_cv_env_PTHREAD_LIBS_value=
ac_cv_env_TIFF_CFLAGS_set=
ac_cv_env_TIFF_CFLAGS_value=
ac_cv_env_TIFF_LIBS_set=
ac_cv_env_TIFF_LIBS_value=
ac_cv_env_build_alias_set=
ac_cv_env_build_alias_value=
ac_cv_env_host_alias_set=
ac_cv_env_host_alias_value=
ac_cv_env_target_alias_set=
ac_cv_env_target_alias_value=
ac_cv_func_fork=yes
ac_cv_func_fork_works=yes
ac_cv_func_gethostname=yes
ac_cv_func_getpagesize=yes
ac_cv_func_getpwuid=yes
ac_cv_func_iswspace=yes
ac_cv_func_mkstemp=yes
ac_cv_func_mmap_fixed_mapped=yes
ac_cv_func_nl_langinfo=yes
ac_cv_func_putc_unlocked=yes
ac_cv_func_sched_yield=yes
ac_cv_func_setenv=yes
ac_cv_func_sigaction=yes
ac_cv_func_strerror=yes
ac_cv_func_strftime=yes
ac_cv_func_vfork=yes
ac_cv_func_vfork_works=yes
ac_cv_func_vsnprintf=yes
ac_cv_func_wcrtomb=yes
ac_cv_have_decl__WIN32=no
ac_cv_have_decl___APPLE__=yes
ac_cv_header_dirent_dirent_h=yes
ac_cv_header_dlfcn_h=yes
ac_cv_header_getopt_h=yes
ac_cv_header_iconv_h=yes
ac_cv_header_inttypes_h=yes
ac_cv_header_langinfo_h=yes
ac_cv_header_memory_h=yes
ac_cv_header_new_h=yes
ac_cv_header_pthread_h=yes
ac_cv_header_sched_h=yes
ac_cv_header_stdc=yes
ac_cv_header_stdint_h=yes
ac_cv_header_stdlib_h=yes
ac_cv_header_string_h=yes
ac_cv_header_strings_h=yes
ac_cv_header_sys_ipc_h=yes
ac_cv_header_sys_mman_h=yes
ac_cv_header_sys_param_h=yes
ac_cv_header_sys_shm_h=yes
ac_cv_header_sys_stat_h=yes
ac_cv_header_sys_types_h=yes
ac_cv_header_sys_wait_h=yes
ac_cv_header_time=yes
ac_cv_header_unistd_h=yes
ac_cv_header_vfork_h=no
ac_cv_header_wchar_h=yes
ac_cv_header_wctype_h=yes
ac_cv_host=x86_64-apple-darwin12.2.0
ac_cv_lib_m_sqrt=yes
ac_cv_objext=o
ac_cv_path_CONVERT=false
ac_cv_path_EGREP='/usr/bin/grep -E'
ac_cv_path_FGREP='/usr/bin/grep -F'
ac_cv_path_GREP=/usr/bin/grep
ac_cv_path_INKSCAPE=false
ac_cv_path_RM=/bin/rm
ac_cv_path_RSVG=false
ac_cv_path_SED=/usr/bin/sed
ac_cv_path_TOUCH=/usr/bin/touch
ac_cv_path_install='/usr/bin/install -c'
ac_cv_prog_AWK=awk
ac_cv_prog_CPP='gcc -E'
ac_cv_prog_CXXCPP='g++ -E'
ac_cv_prog_ac_ct_AR=ar
ac_cv_prog_ac_ct_CC=gcc
ac_cv_prog_ac_ct_CXX=g++
ac_cv_prog_ac_ct_DSYMUTIL=dsymutil
ac_cv_prog_ac_ct_LIPO=lipo
ac_cv_prog_ac_ct_NMEDIT=nmedit
ac_cv_prog_ac_ct_OTOOL=otool
ac_cv_prog_ac_ct_RANLIB=ranlib
ac_cv_prog_ac_ct_STRIP=strip
ac_cv_prog_cc_c89=
ac_cv_prog_cc_g=yes
ac_cv_prog_cxx_g=yes
ac_cv_prog_make_make_set=yes
ac_cv_search_opendir='none required'
ac_cv_sys_file_offset_bits=no
ac_cv_sys_largefile_CC=no
ac_cv_sys_largefile_source=no
ac_cv_type_long_long_int=yes
ac_cv_type_mbstate_t=yes
ac_cv_type_pid_t=yes
ac_cv_type_wchar_t=yes
am_cv_CC_dependencies_compiler_type=gcc3
am_cv_CXX_dependencies_compiler_type=gcc3
am_cv_ar_interface=ar
am_cv_make_support_nested_variables=yes
am_cv_prog_cc_c_o=yes
lt_cv_apple_cc_single_mod=yes
lt_cv_ar_at_file=no
lt_cv_deplibs_check_method=pass_all
lt_cv_file_magic_cmd='$MAGIC_CMD'
lt_cv_file_magic_test_file=
lt_cv_ld_exported_symbols_list=yes
lt_cv_ld_force_load=yes
lt_cv_ld_reload_flag=-r
lt_cv_nm_interface='BSD nm'
lt_cv_objdir=.libs
lt_cv_path_LD=/Applications/Xcode.app/Contents/Developer/Toolchains/XcodeDefault.xctoolchain/usr/bin/ld
lt_cv_path_LDCXX=/Applications/Xcode.app/Contents/Developer/Toolchains/XcodeDefault.xctoolchain/usr/bin/ld
lt_cv_path_NM=/usr/bin/nm
lt_cv_path_mainfest_tool=no
lt_cv_prog_compiler_c_o=yes
lt_cv_prog_compiler_c_o_CXX=yes
lt_cv_prog_compiler_pic='-fno-common -DPIC'
lt_cv_prog_compiler_pic_CXX='-fno-common -DPIC'
lt_cv_prog_compiler_pic_works=yes
lt_cv_prog_compiler_pic_works_CXX=yes
lt_cv_prog_compiler_rtti_exceptions=yes
lt_cv_prog_compiler_static_works=no
lt_cv_prog_compiler_static_works_CXX=no
lt_cv_prog_gnu_ld=no
lt_cv_prog_gnu_ldcxx=no
lt_cv_sharedlib_from_linklib_cmd='printf %s\n'
lt_cv_sys_global_symbol_pipe='sed -n -e '\''s/^.*[	 ]\([BCDEGRST][BCDEGRST]*\)[	 ][	 ]*_\([_A-Za-z][_A-Za-z0-9]*\)$/\1 _\2 \2/p'\'' | sed '\''/ __gnu_lto/d'\'''
lt_cv_sys_global_symbol_to_c_name_address='sed -n -e '\''s/^: \([^ ]*\)[ ]*$/  {\"\1\", (void *) 0},/p'\'' -e '\''s/^[BCDEGRST]* \([^ ]*\) \([^ ]*\)$/  {"\2", (void *) \&\2},/p'\'''
lt_cv_sys_global_symbol_to_c_name_address_lib_prefix='sed -n -e '\''s/^: \([^ ]*\)[ ]*$/  {\"\1\", (void *) 0},/p'\'' -e '\''s/^[BCDEGRST]* \([^ ]*\) \(lib[^ ]*\)$/  {"\2", (void *) \&\2},/p'\'' -e '\''s/^[BCDEGRST]* \([^ ]*\) \([^ ]*\)$/  {"lib\2", (void *) \&\2},/p'\'''
lt_cv_sys_global_symbol_to_cdecl='sed -n -e '\''s/^T .* \(.*\)$/extern int \1();/p'\'' -e '\''s/^[BCDEGRST]* .* \(.*\)$/extern char \1;/p'\'''
lt_cv_sys_max_cmd_len=196608
lt_cv_to_host_file_cmd=func_convert_file_noop
lt_cv_to_tool_file_cmd=func_convert_file_noop

## ----------------- ##
## Output variables. ##
## ----------------- ##

ACLOCAL='${SHELL} /Users/sergey/code/djvulibre-3.5.27/config/missing aclocal-1.14'
AMDEPBACKSLASH='\'
AMDEP_FALSE='#'
AMDEP_TRUE=''
AMTAR='$${TAR-tar}'
AM_BACKSLASH='\'
AM_DEFAULT_V='$(AM_DEFAULT_VERBOSITY)'
AM_DEFAULT_VERBOSITY='0'
AM_V='$(V)'
AR='ar'
AS='as'
AUTOCONF='${SHELL} /Users/sergey/code/djvulibre-3.5.27/config/missing autoconf'
AUTOHEADER='${SHELL} /Users/sergey/code/djvulibre-3.5.27/config/missing autoheader'
AUTOMAKE='${SHELL} /Users/sergey/code/djvulibre-3.5.27/config/missing automake-1.14'
AWK='awk'
CC='gcc'
CCDEPMODE='depmode=gcc3'
CFLAGS=' -g -O3 -Wall -DNDEBUG'
CONVERT='false'
CPP='gcc -E'
CPPFLAGS=''
CXX='g++'
CXXCPP='g++ -E'
CXXDEPMODE='depmode=gcc3'
CXXFLAGS=' -g -O3 -Wall -DNDEBUG'
CYGPATH_W='echo'
DEFS='-DHAVE_CONFIG_H'
DEPDIR='.deps'
DLLTOOL='false'
DSYMUTIL='dsymutil'
DUMPBIN=''
ECHO_C='\c'
ECHO_N=''
ECHO_T=''
EGREP='/usr/bin/grep -E'
EXEEXT=''
FGREP='/usr/bin/grep -F'
GREP='/usr/bin/grep'
HAVE_CONVERSION_CONVERT_FALSE=''
HAVE_CONVERSION_CONVERT_TRUE='#'
HAVE_CONVERSION_INKSCAPE_FALSE=''
HAVE_CONVERSION_INKSCAPE_TRUE='#'
HAVE_CONVERSION_RSVG_FALSE=''
HAVE_CONVERSION_RSVG_TRUE='#'
HAVE_CONVERSION_TOOL_FALSE=''
HAVE_CONVERSION_TOOL_TRUE='#'
HAVE_OS_WIN32_FALSE=''
HAVE_OS_WIN32_TRUE='#'
INKSCAPE='false'
INSTALL_DATA='${INSTALL} -m 644'
INSTALL_PROGRAM='${INSTALL}'
INSTALL_SCRIPT='${INSTALL}'
INSTALL_STRIP_PROGRAM='$(install_sh) -c -s'
JPEG_CFLAGS=''
JPEG_LIBS=''
LD='/Applications/Xcode.app/Contents/Developer/Toolchains/XcodeDefault.xctoolchain/usr/bin/ld'
LDFLAGS=''
LIBOBJS=''
LIBS='-lm '
LIBTOOL='$(SHELL) $(top_builddir)/libtool'
LIPO='lipo'
LN_S='ln -s'
LTLIBOBJS=''
MAKEINFO='${SHELL} /Users/sergey/code/djvulibre-3.5.27/config/missing makeinfo'
MANIFEST_TOOL=':'
MKDIR_P='config/install-sh -c -d'
NM='/usr/bin/nm'
NMEDIT='nmedit'
OBJDUMP='false'
OBJEXT='o'
OTOOL64=':'
OTOOL='otool'
PACKAGE='djvulibre'
PACKAGE_BUGREPORT=''
PACKAGE_NAME='djvulibre'
PACKAGE_STRING='djvulibre 3.5.27'
PACKAGE_TARNAME='djvulibre'
PACKAGE_URL=''
PACKAGE_VERSION='3.5.27'
PATH_SEPARATOR=':'
PTHREAD_CFLAGS=''
PTHREAD_LIBS=''
RANLIB='ranlib'
RM='/bin/rm -f'
RSVG='false'
SED='/usr/bin/sed'
SET_MAKE=''
SHELL='/bin/sh'
STRIP='strip'
TIFF_CFLAGS=''
TIFF_LIBS=''
TOUCH='/usr/bin/touch'
VERSION='3.5.27'
WANT_DESKTOPFILES_FALSE='#'
WANT_DESKTOPFILES_TRUE=''
WANT_XMLTOOLS_FALSE='#'
WANT_XMLTOOLS_TRUE=''
ac_ct_AR='ar'
ac_ct_CC='gcc'
ac_ct_CXX='g++'
ac_ct_DUMPBIN=''
am__EXEEXT_FALSE=''
am__EXEEXT_TRUE='#'
am__fastdepCC_FALSE='#'
am__fastdepCC_TRUE=''
am__fastdepCXX_FALSE='#'
am__fastdepCXX_TRUE=''
am__include='include'
am__isrc=''
am__leading_dot='.'
am__nodep='_no'
am__quote=''
am__tar='$${TAR-tar} chof - "$$tardir"'
am__untar='$${TAR-tar} xf -'
bindir='${exec_prefix}/bin'
build='x86_64-apple-darwin12.2.0'
build_alias=''
build_cpu='x86_64'
build_os='darwin12.2.0'
build_vendor='apple'
datadir='${datarootdir}'
datarootdir='${prefix}/share'
docdir='${datarootdir}/doc/${PACKAGE_TARNAME}'
dvidir='${docdir}'
exec_prefix='${prefix}'
host='x86_64-apple-darwin12.2.0'
host_alias=''
host_cpu='x86_64'
host_os='darwin12.2.0'
host_vendor='apple'
htmldir='${docdir}'
includedir='${prefix}/include'
infodir='${datarootdir}/info'
install_sh='${SHELL} /Users/sergey/code/djvulibre-3.5.27/config/install-sh'
libdir='${exec_prefix}/lib'
libexecdir='${exec_prefix}/libexec'
localedir='${datarootdir}/locale'
localstatedir='${prefix}/var'
mandir='${datarootdir}/man'
mkdir_p='$(MKDIR_P)'
oldincludedir='/usr/include'
pdfdir='${docdir}'
pkgconfigdir='${libdir}/pkgconfig'
prefix='/usr/local'
program_transform_name='s,x,x,'
psdir='${docdir}'
sbindir='${exec_prefix}/sbin'
sharedstatedir='${prefix}/com'
sysconfdir='${prefix}/etc'
target_alias=''
version_info='27:0:6'

## ----------- ##
## confdefs.h. ##
## ----------- ##

/* confdefs.h */
#define PACKAGE_NAME "djvulibre"
#define PACKAGE_TARNAME "djvulibre"
#define PACKAGE_VERSION "3.5.27"
#define PACKAGE_STRING "djvulibre 3.5.27"
#define PACKAGE_BUGREPORT ""
#define PACKAGE_URL ""
#define PACKAGE "djvulibre"
#define VERSION "3.5.27"
#define STDC_HEADERS 1
#define HAVE_SYS_TYPES_H 1
#define HAVE_SYS_STAT_H 1
#define HAVE_STDLIB_H 1
#define HAVE_STRING_H 1
#define HAVE_MEMORY_H 1
#define HAVE_STRINGS_H 1
#define HAVE_INTTYPES_H 1
#define HAVE_STDINT_H 1
#define HAVE_UNISTD_H 1
#define HAVE_DLFCN_H 1
#define LT_OBJDIR ".libs/"
#define HAVE_BOOL 1
#define HAVE_EXCEPTIONS 1
#define HAVE_TYPENAME 1
#define HAVE_STDINCLUDES 1
#define HAVE_NAMESPACES 1
#define HAVE_MEMBER_TEMPLATES 1
#define HAVE_GCCTLS 1
#define HAVE_LIBM 1
#define HAVE_DIRENT_H 1
#define TIME_WITH_SYS_TIME 1
#define HAVE_SYS_WAIT_H 1
#define HAVE_WCHAR_H 1
#define HAVE_WCTYPE_H 1
#define HAVE_SYS_MMAN_H 1
#define HAVE_ICONV_H 1
#define HAVE_GETOPT_H 1
#define HAVE_LANGINFO_H 1
#define HAVE_SCHED_H 1
#define HAVE_NEW_H 1
#define HAVE_STDINT_H 1
#define HAVE_INTTYPES_H 1
#define HAVE_SYS_IPC_H 1
#define HAVE_SYS_SHM_H 1
#define HAVE_WCHAR_T 1
#define HAVE_LONG_LONG_INT 1
#define HAVE_MBSTATE_T 1
#define HAVE_STDLIB_H 1
#define HAVE_UNISTD_H 1
#define HAVE_SYS_PARAM_H 1
#define HAVE_GETPAGESIZE 1
#define HAVE_MMAP 1
#define HAVE_FORK 1
#define HAVE_VFORK 1
#define HAVE_WORKING_VFORK 1
#define HAVE_WORKING_FORK 1
#define HAVE_FSEEKO 1
#define HAVE_WCRTOMB 1
#define HAVE_ISWSPACE 1
#define HAVE_SETENV 1
#define HAVE_NL_LANGINFO 1
#define HAVE_PUTC_UNLOCKED 1
#define HAVE_STRERROR 1
#define HAVE_VSNPRINTF 1
#define HAVE_GETHOSTNAME 1
#define HAVE_STRFTIME 1
#define HAVE_GETPWUID 1
#define HAVE_SIGACTION 1
#define HAVE_MKSTEMP 1
#define HAVE_SCHED_YIELD 1
#define HAVE_PTHREAD 1
#define DJVULIBRE_VERSION "3.5.27"

configure: exit 0
